#
# A fatal error has been detected by the Java Runtime Environment:
#
#  EXCEPTION_ACCESS_VIOLATION (0xc0000005) at pc=0x00007ffa9feee0a9, pid=6820, tid=10792
#
# JRE version: OpenJDK Runtime Environment Microsoft-8035246 (17.0.8+7) (build 17.0.8+7-LTS)
# Java VM: OpenJDK 64-Bit Server VM Microsoft-8035246 (17.0.8+7-LTS, mixed mode, sharing, tiered, compressed oops, compressed class ptrs, g1 gc, windows-amd64)
# Problematic frame:
# V  [jvm.dll+0x2be0a9]
#
# No core dump will be written. Minidumps are not enabled by default on client versions of Windows
#
# If you would like to submit a bug report, please visit:
#   https://github.com/microsoft/openjdk/issues
#

---------------  S U M M A R Y ------------

Command Line: -XX:MaxMetaspaceSize=512m --add-opens=java.base/java.util=ALL-UNNAMED --add-opens=java.base/java.lang=ALL-UNNAMED --add-opens=java.base/java.lang.invoke=ALL-UNNAMED --add-opens=java.prefs/java.util.prefs=ALL-UNNAMED --add-opens=java.base/java.nio.charset=ALL-UNNAMED --add-opens=java.base/java.net=ALL-UNNAMED --add-opens=java.base/java.util.concurrent.atomic=ALL-UNNAMED -Xmx2048m -Dfile.encoding=windows-1252 -Duser.country=US -Duser.language=en -Duser.variant -javaagent:C:\Users\Lenovo\.gradle\wrapper\dists\gradle-8.3-all\6en3ugtfdg5xnpx44z4qbwgas\gradle-8.3\lib\agents\gradle-instrumentation-agent-8.3.jar org.gradle.launcher.daemon.bootstrap.GradleDaemon 8.3

Host: Intel(R) Core(TM) i5-4300U CPU @ 1.90GHz, 4 cores, 7G,  Windows 10 , 64 bit Build 19041 (10.0.19041.3636)
Time: Mon Dec 25 17:00:52 2023 Pakistan Standard Time elapsed time: 212.386049 seconds (0d 0h 3m 32s)

---------------  T H R E A D  ---------------

Current thread (0x00000286611ab930):  JavaThread "C2 CompilerThread0" daemon [_thread_in_native, id=10792, stack(0x000000ecd8200000,0x000000ecd8300000)]


Current CompileTask:
C2: 212386 15825       4       org.gradle.cache.internal.ExclusiveCacheAccessingWorker$1::call (10 bytes)

Stack: [0x000000ecd8200000,0x000000ecd8300000],  sp=0x000000ecd82fb340,  free space=1004k
Native frames: (J=compiled Java code, j=interpreted, Vv=VM code, C=native code)
V  [jvm.dll+0x2be0a9]
V  [jvm.dll+0x21ba8b]
V  [jvm.dll+0x21944b]
V  [jvm.dll+0x1a56b6]
V  [jvm.dll+0x2291ea]
V  [jvm.dll+0x22724c]
V  [jvm.dll+0x7efd0c]
V  [jvm.dll+0x7ea13a]
V  [jvm.dll+0x67ad85]
C  [ucrtbase.dll+0x21bb2]
C  [KERNEL32.DLL+0x17344]
C  [ntdll.dll+0x526b1]


siginfo: EXCEPTION_ACCESS_VIOLATION (0xc0000005), reading address 0x0000000000000028


Register to memory mapping:

RIP=0x00007ffa9feee0a9 jvm.dll
RAX=0x000002860c6af020 points into unknown readable memory: 0x0000000000000000 | 00 00 00 00 00 00 00 00
RBX=0x00000000000017d5 is an unknown value
RCX=0x0 is NULL
RDX=0x0 is NULL
RSP=0x000000ecd82fb340 is pointing into the stack for thread: 0x00000286611ab930
RBP=0x000000ecd82fb3b0 is pointing into the stack for thread: 0x00000286611ab930
RSI=0x0 is NULL
RDI=0x0000000000000048 is an unknown value
R8 =0x000000000000ffe0 is an unknown value
R9 =0x0 is NULL
R10=0x00007ffaf10f0000 VCRUNTIME140.dll
R11=0x000002860c6af040 points into unknown readable memory: 0x0000000000000000 | 00 00 00 00 00 00 00 00
R12=0x0000000000000050 is an unknown value
R13=0x0 is NULL
R14=0x0 is NULL
R15=0x000000ecd82fe560 is pointing into the stack for thread: 0x00000286611ab930


Registers:
RAX=0x000002860c6af020, RBX=0x00000000000017d5, RCX=0x0000000000000000, RDX=0x0000000000000000
RSP=0x000000ecd82fb340, RBP=0x000000ecd82fb3b0, RSI=0x0000000000000000, RDI=0x0000000000000048
R8 =0x000000000000ffe0, R9 =0x0000000000000000, R10=0x00007ffaf10f0000, R11=0x000002860c6af040
R12=0x0000000000000050, R13=0x0000000000000000, R14=0x0000000000000000, R15=0x000000ecd82fe560
RIP=0x00007ffa9feee0a9, EFLAGS=0x0000000000010202

Top of Stack: (sp=0x000000ecd82fb340)
0x000000ecd82fb340:   00000000000017d5 0000000000000000
0x000000ecd82fb350:   000000ecd82fe560 00007ffa9fe538d1
0x000000ecd82fb360:   00000286611a0c60 00007ffa00002000
0x000000ecd82fb370:   000002860c6af020 0000028600000000
0x000000ecd82fb380:   0000000000000002 000002860c8e4090
0x000000ecd82fb390:   0000000000000002 00000286611a0c60
0x000000ecd82fb3a0:   0000000000000000 0000000000000000
0x000000ecd82fb3b0:   0000028661058b80 00000286416d29e0
0x000000ecd82fb3c0:   0000000000000048 00007ffaa0574c08
0x000000ecd82fb3d0:   000000ecd82fb4e0 00007ffa9fe4ba8b
0x000000ecd82fb3e0:   000000ecd82fe560 00007ffaa0574c08
0x000000ecd82fb3f0:   000000ecd82fe560 000000ecd82fb4e0
0x000000ecd82fb400:   000000ec00000000 000000ecd82ff0c0
0x000000ecd82fb410:   000000ec0000000f 000000ecd82fe560
0x000000ecd82fb420:   000000ecd82fb590 00007ffa00000000
0x000000ecd82fb430:   0000028600000100 00007ffaa0574c08 

Instructions: (pc=0x00007ffa9feee0a9)
0x00007ffa9feedfa9:   3b d0 75 0b ff c1 41 3b c9 7c dc 48 8b c2 c3 33
0x00007ffa9feedfb9:   c0 c3 cc cc cc cc cc 48 89 5c 24 18 55 56 57 41
0x00007ffa9feedfc9:   55 41 57 48 8b ec 48 83 ec 70 65 48 8b 04 25 58
0x00007ffa9feedfd9:   00 00 00 48 8b f2 44 8b 05 d2 8b 90 00 4c 8b f9
0x00007ffa9feedfe9:   4a 8b 1c c0 b8 50 00 00 00 80 3c 18 00 75 05 e8
0x00007ffa9feedff9:   8b 6f 5d 00 b8 20 00 00 00 48 8b 04 18 48 8b 98
0x00007ffa9feee009:   38 02 00 00 48 89 5d b0 c7 45 b8 04 00 00 00 48
0x00007ffa9feee019:   8b 43 18 48 83 f8 df 76 18 4c 8d 05 37 a9 65 00
0x00007ffa9feee029:   ba 20 00 00 00 48 8b cb e8 5a eb de ff 48 8b 43
0x00007ffa9feee039:   18 48 8d 48 20 48 3b 4b 20 76 11 45 33 c0 48 8b
0x00007ffa9feee049:   cb 41 8d 50 20 e8 fd e8 de ff eb 04 48 89 4b 18
0x00007ffa9feee059:   44 8b 45 b8 33 d2 49 c1 e0 03 48 8b c8 48 89 45
0x00007ffa9feee069:   c0 e8 e3 80 5d 00 45 33 ed 48 8d 4d d0 44 89 6d
0x00007ffa9feee079:   c8 e8 01 59 56 00 41 8b 9f 40 02 00 00 41 2b 9f
0x00007ffa9feee089:   68 02 00 00 44 89 6d f0 3b 5d b8 72 0b 8b d3 48
0x00007ffa9feee099:   8d 4d b0 e8 6f b3 39 00 48 8b 45 c0 4c 89 2c d8
0x00007ffa9feee0a9:   8b 7e 28 8b df c1 eb 05 3b 5d d0 72 0b 8b d3 48
0x00007ffa9feee0b9:   8d 4d d0 e8 1f 59 56 00 48 8b 45 d8 83 e7 1f 48
0x00007ffa9feee0c9:   8d 14 98 40 0f b6 cf 41 b8 01 00 00 00 41 d3 e0
0x00007ffa9feee0d9:   8b 0a 8b c1 41 0b c0 89 02 41 85 c8 75 21 8b 5d
0x00007ffa9feee0e9:   c8 8d 43 01 89 45 c8 3b 5d b8 72 0b 8b d3 48 8d
0x00007ffa9feee0f9:   4d b0 e8 10 b3 39 00 48 8b 45 c0 48 89 34 d8 44
0x00007ffa9feee109:   39 6d c8 0f 86 77 01 00 00 4c 89 a4 24 a0 00 00
0x00007ffa9feee119:   00 4c 89 b4 24 a8 00 00 00 48 8b 45 c0 41 8b cd
0x00007ffa9feee129:   48 8b 34 c8 8b 46 2c 25 ff 1f 00 00 3d 04 10 00
0x00007ffa9feee139:   00 0f 85 a7 00 00 00 bb 01 00 00 00 39 5e 18 76
0x00007ffa9feee149:   39 66 0f 1f 44 00 00 48 8b 46 08 8b cb 48 8b 14
0x00007ffa9feee159:   c8 48 85 d2 74 1d 48 83 7a 10 00 74 16 80 7a 2c
0x00007ffa9feee169:   84 74 10 e8 7f 7e ee ff 48 8b d0 49 8b cf e8 a4
0x00007ffa9feee179:   61 f6 ff ff c3 3b 5e 18 72 cd 48 8b 5e 10 8b 46
0x00007ffa9feee189:   20 4c 8d 34 c3 49 3b de 73 54 48 8b 3b 8b 47 2c
0x00007ffa9feee199:   83 e0 03 3c 03 75 2e 48 8b 07 48 8b cf ff 90 88 


Stack slot to memory mapping:
stack at sp + 0 slots: 0x00000000000017d5 is an unknown value
stack at sp + 1 slots: 0x0 is NULL
stack at sp + 2 slots: 0x000000ecd82fe560 is pointing into the stack for thread: 0x00000286611ab930
stack at sp + 3 slots: 0x00007ffa9fe538d1 jvm.dll
stack at sp + 4 slots: 0x00000286611a0c60 points into unknown readable memory: 0x0000028600000006 | 06 00 00 00 86 02 00 00
stack at sp + 5 slots: 0x00007ffa00002000 is an unknown value
stack at sp + 6 slots: 0x000002860c6af020 points into unknown readable memory: 0x0000000000000000 | 00 00 00 00 00 00 00 00
stack at sp + 7 slots: 0x0000028600000000 is pointing into metadata


---------------  P R O C E S S  ---------------

Threads class SMR info:
_java_thread_list=0x0000028607b7ad50, length=91, elements={
0x00000286416b97b0, 0x000002866118c0b0, 0x000002866118ce40, 0x00000286611a5f30,
0x00000286611a8ad0, 0x00000286611aa3b0, 0x00000286611aac80, 0x00000286611ab930,
0x00000286611c8ff0, 0x000002866122aa90, 0x0000028661179400, 0x0000028661477ae0,
0x000002867ef6eaf0, 0x000002867edd3960, 0x000002867dce5ee0, 0x000002867e1d6590,
0x000002867e1d6a70, 0x000002867d191440, 0x000002867d190000, 0x000002867d190f30,
0x000002867d191950, 0x000002867d18f5e0, 0x000002867d190a20, 0x000002867d190510,
0x000002867d192370, 0x000002867d192880, 0x000002867d18f0d0, 0x000002867d18faf0,
0x000002867e275e50, 0x000002867e276870, 0x000002867e270840, 0x000002867e271770,
0x000002867e273ae0, 0x000002867e273ff0, 0x000002867e270330, 0x000002867e2735d0,
0x000002867e277290, 0x000002867e274f20, 0x000002867e274a10, 0x000002867e271260,
0x000002867e270d50, 0x000002867e26fe20, 0x000002867e274500, 0x000002867e2726a0,
0x000002867e276360, 0x000002867e276d80, 0x000002867e272bb0, 0x000002867e2777a0,
0x000002867e2730c0, 0x000002860599c9e0, 0x0000028605999230, 0x000002860599cef0,
0x000002860599d400, 0x0000028605995f90, 0x00000286059973d0, 0x00000286059969b0,
0x000002860599d910, 0x0000028605996ec0, 0x00000286059978e0, 0x0000028605998300,
0x000002860599a670, 0x0000028605997df0, 0x0000028605999740, 0x0000028605999c50,
0x000002860599bab0, 0x000002860599bfc0, 0x000002860599c4d0, 0x000002867d191e60,
0x000002860610d250, 0x0000028606109080, 0x000002860610f0b0, 0x000002860610c830,
0x000002860610dc70, 0x000002860610f5c0, 0x000002860610b3f0, 0x000002860610e180,
0x000002860610aee0, 0x000002860610eba0, 0x000002860610cd40, 0x0000028606109aa0,
0x000002860610e690, 0x000002860610fad0, 0x000002860610ffe0, 0x00000286061104f0,
0x0000028606110a00, 0x0000028606109590, 0x000002860610a9d0, 0x0000028606109fb0,
0x000002860610a4c0, 0x0000028607a4f220, 0x0000028607a4f730
}

Java Threads: ( => current thread )
  0x00000286416b97b0 JavaThread "main" [_thread_blocked, id=5236, stack(0x000000ecd7500000,0x000000ecd7600000)]
  0x000002866118c0b0 JavaThread "Reference Handler" daemon [_thread_blocked, id=5676, stack(0x000000ecd7c00000,0x000000ecd7d00000)]
  0x000002866118ce40 JavaThread "Finalizer" daemon [_thread_blocked, id=12896, stack(0x000000ecd7d00000,0x000000ecd7e00000)]
  0x00000286611a5f30 JavaThread "Signal Dispatcher" daemon [_thread_blocked, id=10008, stack(0x000000ecd7e00000,0x000000ecd7f00000)]
  0x00000286611a8ad0 JavaThread "Attach Listener" daemon [_thread_blocked, id=2872, stack(0x000000ecd7f00000,0x000000ecd8000000)]
  0x00000286611aa3b0 JavaThread "Service Thread" daemon [_thread_blocked, id=3608, stack(0x000000ecd8000000,0x000000ecd8100000)]
  0x00000286611aac80 JavaThread "Monitor Deflation Thread" daemon [_thread_blocked, id=6336, stack(0x000000ecd8100000,0x000000ecd8200000)]
=>0x00000286611ab930 JavaThread "C2 CompilerThread0" daemon [_thread_in_native, id=10792, stack(0x000000ecd8200000,0x000000ecd8300000)]
  0x00000286611c8ff0 JavaThread "C1 CompilerThread0" daemon [_thread_blocked, id=4908, stack(0x000000ecd8300000,0x000000ecd8400000)]
  0x000002866122aa90 JavaThread "Sweeper thread" daemon [_thread_blocked, id=9084, stack(0x000000ecd8400000,0x000000ecd8500000)]
  0x0000028661179400 JavaThread "Common-Cleaner" daemon [_thread_blocked, id=3692, stack(0x000000ecd8500000,0x000000ecd8600000)]
  0x0000028661477ae0 JavaThread "Notification Thread" daemon [_thread_blocked, id=10828, stack(0x000000ecd8600000,0x000000ecd8700000)]
  0x000002867ef6eaf0 JavaThread "Daemon health stats" [_thread_blocked, id=9240, stack(0x000000ecd8c00000,0x000000ecd8d00000)]
  0x000002867edd3960 JavaThread "Incoming local TCP Connector on port 51376" [_thread_in_native, id=11152, stack(0x000000ecd8b00000,0x000000ecd8c00000)]
  0x000002867dce5ee0 JavaThread "Daemon periodic checks" [_thread_blocked, id=13808, stack(0x000000ecd8d00000,0x000000ecd8e00000)]
  0x000002867e1d6590 JavaThread "Daemon" [_thread_blocked, id=5068, stack(0x000000ecd8e00000,0x000000ecd8f00000)]
  0x000002867e1d6a70 JavaThread "Handler for socket connection from /127.0.0.1:51376 to /127.0.0.1:51377" [_thread_in_native, id=1732, stack(0x000000ecd8f00000,0x000000ecd9000000)]
  0x000002867d191440 JavaThread "Cancel handler" [_thread_blocked, id=1920, stack(0x000000ecd9000000,0x000000ecd9100000)]
  0x000002867d190000 JavaThread "Daemon worker" [_thread_blocked, id=11864, stack(0x000000ecd9100000,0x000000ecd9200000)]
  0x000002867d190f30 JavaThread "Asynchronous log dispatcher for DefaultDaemonConnection: socket connection from /127.0.0.1:51376 to /127.0.0.1:51377" [_thread_blocked, id=4888, stack(0x000000ecd9200000,0x000000ecd9300000)]
  0x000002867d191950 JavaThread "Stdin handler" [_thread_blocked, id=9440, stack(0x000000ecd9300000,0x000000ecd9400000)]
  0x000002867d18f5e0 JavaThread "Daemon client event forwarder" [_thread_blocked, id=12112, stack(0x000000ecd9400000,0x000000ecd9500000)]
  0x000002867d190a20 JavaThread "Cache worker for journal cache (C:\Users\Lenovo\.gradle\caches\journal-1)" [_thread_blocked, id=564, stack(0x000000ecd9500000,0x000000ecd9600000)]
  0x000002867d190510 JavaThread "File lock request listener" [_thread_in_native, id=13228, stack(0x000000ecd9600000,0x000000ecd9700000)]
  0x000002867d192370 JavaThread "Cache worker for file hash cache (C:\Users\Lenovo\.gradle\caches\8.3\fileHashes)" [_thread_blocked, id=12928, stack(0x000000ecd9700000,0x000000ecd9800000)]
  0x000002867d192880 JavaThread "File watcher server" daemon [_thread_in_native, id=3176, stack(0x000000ecd9800000,0x000000ecd9900000)]
  0x000002867d18f0d0 JavaThread "File watcher consumer" daemon [_thread_blocked, id=3764, stack(0x000000ecd9900000,0x000000ecd9a00000)]
  0x000002867d18faf0 JavaThread "Cache worker for checksums cache (C:\Users\Lenovo\RN\App\android\.gradle\8.3\checksums)" [_thread_blocked, id=9320, stack(0x000000ecd9a00000,0x000000ecd9b00000)]
  0x000002867e275e50 JavaThread "Cache worker for file hash cache (C:\Users\Lenovo\RN\App\android\.gradle\8.3\fileHashes)" [_thread_blocked, id=11504, stack(0x000000ecd9b00000,0x000000ecd9c00000)]
  0x000002867e276870 JavaThread "Cache worker for cache directory md-supplier (C:\Users\Lenovo\.gradle\caches\8.3\md-supplier)" [_thread_blocked, id=1792, stack(0x000000ecd9c00000,0x000000ecd9d00000)]
  0x000002867e270840 JavaThread "Cache worker for file content cache (C:\Users\Lenovo\.gradle\caches\8.3\fileContent)" [_thread_blocked, id=11496, stack(0x000000ecd9d00000,0x000000ecd9e00000)]
  0x000002867e271770 JavaThread "Cache worker for cache directory md-rule (C:\Users\Lenovo\.gradle\caches\8.3\md-rule)" [_thread_blocked, id=10228, stack(0x000000ecd9f00000,0x000000ecda000000)]
  0x000002867e273ae0 JavaThread "Cache worker for execution history cache (C:\Users\Lenovo\.gradle\caches\8.3\executionHistory)" [_thread_blocked, id=10360, stack(0x000000ecda000000,0x000000ecda100000)]
  0x000002867e273ff0 JavaThread "jar transforms" [_thread_blocked, id=11680, stack(0x000000ecda100000,0x000000ecda200000)]
  0x000002867e270330 JavaThread "jar transforms Thread 2" [_thread_blocked, id=11248, stack(0x000000ecda200000,0x000000ecda300000)]
  0x000002867e2735d0 JavaThread "jar transforms Thread 3" [_thread_blocked, id=14172, stack(0x000000ecda300000,0x000000ecda400000)]
  0x000002867e277290 JavaThread "jar transforms Thread 4" [_thread_blocked, id=14280, stack(0x000000ecda400000,0x000000ecda500000)]
  0x000002867e274f20 JavaThread "Cache worker for kotlin-dsl (C:\Users\Lenovo\.gradle\caches\8.3\kotlin-dsl)" [_thread_blocked, id=5592, stack(0x000000ecda600000,0x000000ecda700000)]
  0x000002867e274a10 JavaThread "Unconstrained build operations" [_thread_blocked, id=12072, stack(0x000000ecd7300000,0x000000ecd7400000)]
  0x000002867e271260 JavaThread "Unconstrained build operations Thread 2" [_thread_blocked, id=10788, stack(0x000000ecda700000,0x000000ecda800000)]
  0x000002867e270d50 JavaThread "Cache worker for dependencies-accessors (C:\Users\Lenovo\RN\App\android\.gradle\8.3\dependencies-accessors)" [_thread_blocked, id=12560, stack(0x000000ecda800000,0x000000ecda900000)]
  0x000002867e26fe20 JavaThread "Cache worker for Build Output Cleanup Cache (C:\Users\Lenovo\RN\App\node_modules\@react-native\gradle-plugin\.gradle\buildOutputCleanup)" [_thread_blocked, id=2324, stack(0x000000ecda900000,0x000000ecdaa00000)]
  0x000002867e274500 JavaThread "Unconstrained build operations Thread 3" [_thread_blocked, id=1340, stack(0x000000ecdaa00000,0x000000ecdab00000)]
  0x000002867e2726a0 JavaThread "Unconstrained build operations Thread 4" [_thread_blocked, id=4544, stack(0x000000ecdab00000,0x000000ecdac00000)]
  0x000002867e276360 JavaThread "Unconstrained build operations Thread 5" [_thread_blocked, id=1604, stack(0x000000ecdac00000,0x000000ecdad00000)]
  0x000002867e276d80 JavaThread "Memory manager" [_thread_blocked, id=13552, stack(0x000000ecdad00000,0x000000ecdae00000)]
  0x000002867e272bb0 JavaThread "Cache worker for Build Output Cleanup Cache (C:\Users\Lenovo\RN\App\android\.gradle\buildOutputCleanup)" [_thread_blocked, id=932, stack(0x000000ecdae00000,0x000000ecdaf00000)]
  0x000002867e2777a0 JavaThread "ForkJoinPool.commonPool-worker-1" daemon [_thread_blocked, id=11700, stack(0x000000ecdb000000,0x000000ecdb100000)]
  0x000002867e2730c0 JavaThread "ForkJoinPool.commonPool-worker-2" daemon [_thread_blocked, id=6624, stack(0x000000ecdb100000,0x000000ecdb200000)]
  0x000002860599c9e0 JavaThread "Execution worker" [_thread_blocked, id=1628, stack(0x000000ecdb600000,0x000000ecdb700000)]
  0x0000028605999230 JavaThread "Execution worker Thread 2" [_thread_blocked, id=424, stack(0x000000ecdb700000,0x000000ecdb800000)]
  0x000002860599cef0 JavaThread "Execution worker Thread 3" [_thread_blocked, id=1096, stack(0x000000ecdb800000,0x000000ecdb900000)]
  0x000002860599d400 JavaThread "Cache worker for execution history cache (C:\Users\Lenovo\RN\App\node_modules\@react-native\gradle-plugin\.gradle\8.3\executionHistory)" [_thread_blocked, id=13632, stack(0x000000ecdb900000,0x000000ecdba00000)]
  0x0000028605995f90 JavaThread "Unconstrained build operations Thread 6" [_thread_blocked, id=7804, stack(0x000000ecdbb00000,0x000000ecdbc00000)]
  0x00000286059973d0 JavaThread "Unconstrained build operations Thread 7" [_thread_blocked, id=7040, stack(0x000000ecdbc00000,0x000000ecdbd00000)]
  0x00000286059969b0 JavaThread "Unconstrained build operations Thread 8" [_thread_blocked, id=13956, stack(0x000000ecdbd00000,0x000000ecdbe00000)]
  0x000002860599d910 JavaThread "Unconstrained build operations Thread 9" [_thread_blocked, id=11624, stack(0x000000ecdba00000,0x000000ecdbb00000)]
  0x0000028605996ec0 JavaThread "Unconstrained build operations Thread 10" [_thread_blocked, id=6684, stack(0x000000ecdbe00000,0x000000ecdbf00000)]
  0x00000286059978e0 JavaThread "Unconstrained build operations Thread 11" [_thread_blocked, id=11180, stack(0x000000ecdc000000,0x000000ecdc100000)]
  0x0000028605998300 JavaThread "Unconstrained build operations Thread 12" [_thread_blocked, id=12556, stack(0x000000ecdc100000,0x000000ecdc200000)]
  0x000002860599a670 JavaThread "Unconstrained build operations Thread 13" [_thread_blocked, id=4256, stack(0x000000ecdc200000,0x000000ecdc300000)]
  0x0000028605997df0 JavaThread "Unconstrained build operations Thread 14" [_thread_blocked, id=8440, stack(0x000000ecd7200000,0x000000ecd7300000)]
  0x0000028605999740 JavaThread "Unconstrained build operations Thread 15" [_thread_blocked, id=5952, stack(0x000000ecdaf00000,0x000000ecdb000000)]
  0x0000028605999c50 JavaThread "Unconstrained build operations Thread 16" [_thread_blocked, id=5076, stack(0x000000ecdb200000,0x000000ecdb300000)]
  0x000002860599bab0 JavaThread "Unconstrained build operations Thread 17" [_thread_blocked, id=4880, stack(0x000000ecdb300000,0x000000ecdb400000)]
  0x000002860599bfc0 JavaThread "Unconstrained build operations Thread 18" [_thread_blocked, id=13880, stack(0x000000ecdb400000,0x000000ecdb500000)]
  0x000002860599c4d0 JavaThread "Unconstrained build operations Thread 19" [_thread_blocked, id=8864, stack(0x000000ecdb500000,0x000000ecdb600000)]
  0x000002867d191e60 JavaThread "Unconstrained build operations Thread 20" [_thread_blocked, id=6420, stack(0x000000ecdbf00000,0x000000ecdc000000)]
  0x000002860610d250 JavaThread "Unconstrained build operations Thread 21" [_thread_blocked, id=13276, stack(0x000000ecdc300000,0x000000ecdc400000)]
  0x0000028606109080 JavaThread "Unconstrained build operations Thread 22" [_thread_blocked, id=12608, stack(0x000000ecdc400000,0x000000ecdc500000)]
  0x000002860610f0b0 JavaThread "Unconstrained build operations Thread 23" [_thread_blocked, id=5664, stack(0x000000ecdc500000,0x000000ecdc600000)]
  0x000002860610c830 JavaThread "Unconstrained build operations Thread 24" [_thread_blocked, id=2272, stack(0x000000ecdc600000,0x000000ecdc700000)]
  0x000002860610dc70 JavaThread "Unconstrained build operations Thread 25" [_thread_blocked, id=14256, stack(0x000000ecdc700000,0x000000ecdc800000)]
  0x000002860610f5c0 JavaThread "ForkJoinPool.commonPool-worker-4" daemon [_thread_blocked, id=12700, stack(0x000000ecdc800000,0x000000ecdc900000)]
  0x000002860610b3f0 JavaThread "included builds Thread 2" [_thread_blocked, id=7500, stack(0x000000ecda500000,0x000000ecda600000)]
  0x000002860610e180 JavaThread "Unconstrained build operations Thread 26" [_thread_blocked, id=9564, stack(0x000000ecdc900000,0x000000ecdca00000)]
  0x000002860610aee0 JavaThread "Unconstrained build operations Thread 27" [_thread_blocked, id=6244, stack(0x000000ecdca00000,0x000000ecdcb00000)]
  0x000002860610eba0 JavaThread "Unconstrained build operations Thread 28" [_thread_blocked, id=7096, stack(0x000000ecdcb00000,0x000000ecdcc00000)]
  0x000002860610cd40 JavaThread "Unconstrained build operations Thread 29" [_thread_blocked, id=3728, stack(0x000000ecdcc00000,0x000000ecdcd00000)]
  0x0000028606109aa0 JavaThread "Unconstrained build operations Thread 30" [_thread_blocked, id=4112, stack(0x000000ecdcd00000,0x000000ecdce00000)]
  0x000002860610e690 JavaThread "Unconstrained build operations Thread 31" [_thread_blocked, id=4800, stack(0x000000ecdce00000,0x000000ecdcf00000)]
  0x000002860610fad0 JavaThread "Unconstrained build operations Thread 32" [_thread_blocked, id=13208, stack(0x000000ecdcf00000,0x000000ecdd000000)]
  0x000002860610ffe0 JavaThread "Unconstrained build operations Thread 33" [_thread_blocked, id=10296, stack(0x000000ecdd000000,0x000000ecdd100000)]
  0x00000286061104f0 JavaThread "Unconstrained build operations Thread 34" [_thread_blocked, id=10004, stack(0x000000ecdd100000,0x000000ecdd200000)]
  0x0000028606110a00 JavaThread "Unconstrained build operations Thread 35" [_thread_blocked, id=8904, stack(0x000000ecdd200000,0x000000ecdd300000)]
  0x0000028606109590 JavaThread "Unconstrained build operations Thread 36" [_thread_blocked, id=5268, stack(0x000000ecdd300000,0x000000ecdd400000)]
  0x000002860610a9d0 JavaThread "Unconstrained build operations Thread 37" [_thread_blocked, id=9916, stack(0x000000ecdd400000,0x000000ecdd500000)]
  0x0000028606109fb0 JavaThread "Unconstrained build operations Thread 38" [_thread_blocked, id=1180, stack(0x000000ecdd500000,0x000000ecdd600000)]
  0x000002860610a4c0 JavaThread "Unconstrained build operations Thread 39" [_thread_blocked, id=11028, stack(0x000000ecdd600000,0x000000ecdd700000)]
  0x0000028607a4f220 JavaThread "Unconstrained build operations Thread 40" [_thread_blocked, id=8744, stack(0x000000ecdd700000,0x000000ecdd800000)]
  0x0000028607a4f730 JavaThread "Cache worker for execution history cache (C:\Users\Lenovo\RN\App\android\.gradle\8.3\executionHistory)" [_thread_blocked, id=7552, stack(0x000000ecdd800000,0x000000ecdd900000)]

Other Threads:
  0x0000028661185cc0 VMThread "VM Thread" [stack: 0x000000ecd7b00000,0x000000ecd7c00000] [id=8264]
  0x000002866118f090 WatcherThread [stack: 0x000000ecd8700000,0x000000ecd8800000] [id=12624]
  0x0000028641719c30 GCTaskThread "GC Thread#0" [stack: 0x000000ecd7600000,0x000000ecd7700000] [id=7904]
  0x0000028661599ee0 GCTaskThread "GC Thread#1" [stack: 0x000000ecd8800000,0x000000ecd8900000] [id=3972]
  0x00000286617a19d0 GCTaskThread "GC Thread#2" [stack: 0x000000ecd8900000,0x000000ecd8a00000] [id=9924]
  0x0000028661cc0d50 GCTaskThread "GC Thread#3" [stack: 0x000000ecd8a00000,0x000000ecd8b00000] [id=9588]
  0x000002864172aa90 ConcurrentGCThread "G1 Main Marker" [stack: 0x000000ecd7700000,0x000000ecd7800000] [id=4660]
  0x000002864172bb50 ConcurrentGCThread "G1 Conc#0" [stack: 0x000000ecd7800000,0x000000ecd7900000] [id=6796]
  0x00000286610440b0 ConcurrentGCThread "G1 Refine#0" [stack: 0x000000ecd7900000,0x000000ecd7a00000] [id=3268]
  0x000002866136ab90 ConcurrentGCThread "G1 Refine#1" [stack: 0x000000ecd9e00000,0x000000ecd9f00000] [id=1860]
  0x00000286610449f0 ConcurrentGCThread "G1 Service" [stack: 0x000000ecd7a00000,0x000000ecd7b00000] [id=3252]

Threads with active compile tasks:
C2 CompilerThread0   212536 15825       4       org.gradle.cache.internal.ExclusiveCacheAccessingWorker$1::call (10 bytes)

VM state: not at safepoint (normal execution)

VM Mutex/Monitor currently owned by a thread: None

Heap address: 0x0000000080000000, size: 2048 MB, Compressed Oops mode: 32-bit

CDS archive(s) mapped at: [0x0000028662000000-0x0000028662bd0000-0x0000028662bd0000), size 12386304, SharedBaseAddress: 0x0000028662000000, ArchiveRelocationMode: 1.
Compressed class space mapped at: 0x0000028663000000-0x000002867d000000, reserved size: 436207616
Narrow klass base: 0x0000028662000000, Narrow klass shift: 0, Narrow klass range: 0x100000000

GC Precious Log:
 CPUs: 4 total, 4 available
 Memory: 7392M
 Large Page Support: Disabled
 NUMA Support: Disabled
 Compressed Oops: Enabled (32-bit)
 Heap Region Size: 1M
 Heap Min Capacity: 8M
 Heap Initial Capacity: 116M
 Heap Max Capacity: 2G
 Pre-touch: Disabled
 Parallel Workers: 4
 Concurrent Workers: 1
 Concurrent Refinement Workers: 4
 Periodic GC: Disabled

Heap:
 garbage-first heap   total 242688K, used 196272K [0x0000000080000000, 0x0000000100000000)
  region size 1024K, 21 young (21504K), 2 survivors (2048K)
 Metaspace       used 104784K, committed 105920K, reserved 557056K
  class space    used 14506K, committed 15040K, reserved 425984K

Heap Regions: E=young(eden), S=young(survivor), O=old, HS=humongous(starts), HC=humongous(continues), CS=collection set, F=free, OA=open archive, CA=closed archive, TAMS=top-at-mark-start (previous, next)
|   0|0x0000000080000000, 0x0000000080100000, 0x0000000080100000|100%| O|  |TAMS 0x0000000080100000, 0x0000000080000000| Untracked 
|   1|0x0000000080100000, 0x0000000080200000, 0x0000000080200000|100%| O|  |TAMS 0x0000000080200000, 0x0000000080100000| Untracked 
|   2|0x0000000080200000, 0x0000000080300000, 0x0000000080300000|100%|HS|  |TAMS 0x0000000080300000, 0x0000000080200000| Complete 
|   3|0x0000000080300000, 0x0000000080400000, 0x0000000080400000|100%|HC|  |TAMS 0x0000000080400000, 0x0000000080300000| Complete 
|   4|0x0000000080400000, 0x0000000080500000, 0x0000000080500000|100%|HC|  |TAMS 0x0000000080500000, 0x0000000080400000| Complete 
|   5|0x0000000080500000, 0x0000000080600000, 0x0000000080600000|100%|HC|  |TAMS 0x0000000080600000, 0x0000000080500000| Complete 
|   6|0x0000000080600000, 0x0000000080700000, 0x0000000080700000|100%| O|  |TAMS 0x0000000080700000, 0x0000000080600000| Untracked 
|   7|0x0000000080700000, 0x0000000080800000, 0x0000000080800000|100%| O|  |TAMS 0x0000000080800000, 0x0000000080700000| Untracked 
|   8|0x0000000080800000, 0x0000000080900000, 0x0000000080900000|100%| O|  |TAMS 0x0000000080900000, 0x0000000080800000| Untracked 
|   9|0x0000000080900000, 0x0000000080a00000, 0x0000000080a00000|100%| O|  |TAMS 0x0000000080a00000, 0x0000000080900000| Untracked 
|  10|0x0000000080a00000, 0x0000000080b00000, 0x0000000080b00000|100%| O|  |TAMS 0x0000000080b00000, 0x0000000080a00000| Untracked 
|  11|0x0000000080b00000, 0x0000000080c00000, 0x0000000080c00000|100%| O|  |TAMS 0x0000000080c00000, 0x0000000080b00000| Untracked 
|  12|0x0000000080c00000, 0x0000000080d00000, 0x0000000080d00000|100%| O|  |TAMS 0x0000000080d00000, 0x0000000080c00000| Untracked 
|  13|0x0000000080d00000, 0x0000000080e00000, 0x0000000080e00000|100%| O|  |TAMS 0x0000000080e00000, 0x0000000080d00000| Untracked 
|  14|0x0000000080e00000, 0x0000000080f00000, 0x0000000080f00000|100%| O|  |TAMS 0x0000000080f00000, 0x0000000080e00000| Untracked 
|  15|0x0000000080f00000, 0x0000000081000000, 0x0000000081000000|100%| O|  |TAMS 0x0000000081000000, 0x0000000080f00000| Untracked 
|  16|0x0000000081000000, 0x0000000081100000, 0x0000000081100000|100%| O|  |TAMS 0x0000000081100000, 0x0000000081000000| Untracked 
|  17|0x0000000081100000, 0x0000000081200000, 0x0000000081200000|100%| O|  |TAMS 0x0000000081200000, 0x0000000081100000| Untracked 
|  18|0x0000000081200000, 0x0000000081300000, 0x0000000081300000|100%| O|  |TAMS 0x0000000081300000, 0x0000000081200000| Untracked 
|  19|0x0000000081300000, 0x0000000081400000, 0x0000000081400000|100%| O|  |TAMS 0x0000000081400000, 0x0000000081300000| Untracked 
|  20|0x0000000081400000, 0x0000000081500000, 0x0000000081500000|100%| O|  |TAMS 0x0000000081500000, 0x0000000081400000| Untracked 
|  21|0x0000000081500000, 0x0000000081600000, 0x0000000081600000|100%| O|  |TAMS 0x0000000081600000, 0x0000000081500000| Untracked 
|  22|0x0000000081600000, 0x0000000081700000, 0x0000000081700000|100%|HS|  |TAMS 0x0000000081600000, 0x0000000081600000| Complete 
|  23|0x0000000081700000, 0x0000000081800000, 0x0000000081800000|100%| O|  |TAMS 0x0000000081800000, 0x0000000081700000| Untracked 
|  24|0x0000000081800000, 0x0000000081900000, 0x0000000081900000|100%| O|  |TAMS 0x0000000081900000, 0x0000000081800000| Untracked 
|  25|0x0000000081900000, 0x0000000081a00000, 0x0000000081a00000|100%| O|  |TAMS 0x0000000081a00000, 0x0000000081900000| Untracked 
|  26|0x0000000081a00000, 0x0000000081b00000, 0x0000000081b00000|100%| O|  |TAMS 0x0000000081b00000, 0x0000000081a00000| Untracked 
|  27|0x0000000081b00000, 0x0000000081c00000, 0x0000000081c00000|100%| O|  |TAMS 0x0000000081c00000, 0x0000000081b00000| Untracked 
|  28|0x0000000081c00000, 0x0000000081d00000, 0x0000000081d00000|100%| O|  |TAMS 0x0000000081d00000, 0x0000000081c00000| Untracked 
|  29|0x0000000081d00000, 0x0000000081e00000, 0x0000000081e00000|100%| O|  |TAMS 0x0000000081e00000, 0x0000000081d00000| Untracked 
|  30|0x0000000081e00000, 0x0000000081f00000, 0x0000000081f00000|100%| O|  |TAMS 0x0000000081f00000, 0x0000000081e00000| Untracked 
|  31|0x0000000081f00000, 0x0000000082000000, 0x0000000082000000|100%| O|  |TAMS 0x0000000082000000, 0x0000000081f00000| Untracked 
|  32|0x0000000082000000, 0x0000000082100000, 0x0000000082100000|100%| O|  |TAMS 0x0000000082100000, 0x0000000082000000| Untracked 
|  33|0x0000000082100000, 0x0000000082200000, 0x0000000082200000|100%| O|  |TAMS 0x0000000082200000, 0x0000000082100000| Untracked 
|  34|0x0000000082200000, 0x0000000082300000, 0x0000000082300000|100%| O|  |TAMS 0x0000000082300000, 0x0000000082200000| Untracked 
|  35|0x0000000082300000, 0x0000000082400000, 0x0000000082400000|100%| O|  |TAMS 0x0000000082400000, 0x0000000082300000| Untracked 
|  36|0x0000000082400000, 0x0000000082500000, 0x0000000082500000|100%| O|  |TAMS 0x0000000082500000, 0x0000000082400000| Untracked 
|  37|0x0000000082500000, 0x0000000082600000, 0x0000000082600000|100%| O|  |TAMS 0x0000000082600000, 0x0000000082500000| Untracked 
|  38|0x0000000082600000, 0x0000000082700000, 0x0000000082700000|100%| O|  |TAMS 0x0000000082700000, 0x0000000082600000| Untracked 
|  39|0x0000000082700000, 0x0000000082800000, 0x0000000082800000|100%|HS|  |TAMS 0x0000000082800000, 0x0000000082700000| Complete 
|  40|0x0000000082800000, 0x0000000082900000, 0x0000000082900000|100%|HC|  |TAMS 0x0000000082900000, 0x0000000082800000| Complete 
|  41|0x0000000082900000, 0x0000000082a00000, 0x0000000082a00000|100%|HS|  |TAMS 0x0000000082a00000, 0x0000000082900000| Complete 
|  42|0x0000000082a00000, 0x0000000082b00000, 0x0000000082b00000|100%|HC|  |TAMS 0x0000000082b00000, 0x0000000082a00000| Complete 
|  43|0x0000000082b00000, 0x0000000082c00000, 0x0000000082c00000|100%| O|  |TAMS 0x0000000082c00000, 0x0000000082b00000| Untracked 
|  44|0x0000000082c00000, 0x0000000082d00000, 0x0000000082d00000|100%| O|  |TAMS 0x0000000082d00000, 0x0000000082c00000| Untracked 
|  45|0x0000000082d00000, 0x0000000082e00000, 0x0000000082e00000|100%|HS|  |TAMS 0x0000000082e00000, 0x0000000082d00000| Complete 
|  46|0x0000000082e00000, 0x0000000082f00000, 0x0000000082f00000|100%|HC|  |TAMS 0x0000000082f00000, 0x0000000082e00000| Complete 
|  47|0x0000000082f00000, 0x0000000083000000, 0x0000000083000000|100%|HC|  |TAMS 0x0000000083000000, 0x0000000082f00000| Complete 
|  48|0x0000000083000000, 0x0000000083100000, 0x0000000083100000|100%|HC|  |TAMS 0x0000000083100000, 0x0000000083000000| Complete 
|  49|0x0000000083100000, 0x0000000083200000, 0x0000000083200000|100%| O|  |TAMS 0x0000000083200000, 0x0000000083100000| Untracked 
|  50|0x0000000083200000, 0x0000000083300000, 0x0000000083300000|100%| O|  |TAMS 0x0000000083300000, 0x0000000083200000| Untracked 
|  51|0x0000000083300000, 0x0000000083400000, 0x0000000083400000|100%| O|  |TAMS 0x0000000083400000, 0x0000000083300000| Untracked 
|  52|0x0000000083400000, 0x0000000083500000, 0x0000000083500000|100%| O|  |TAMS 0x0000000083500000, 0x0000000083400000| Untracked 
|  53|0x0000000083500000, 0x0000000083600000, 0x0000000083600000|100%|HS|  |TAMS 0x0000000083600000, 0x0000000083500000| Complete 
|  54|0x0000000083600000, 0x0000000083700000, 0x0000000083700000|100%|HC|  |TAMS 0x0000000083700000, 0x0000000083600000| Complete 
|  55|0x0000000083700000, 0x0000000083800000, 0x0000000083800000|100%|HC|  |TAMS 0x0000000083800000, 0x0000000083700000| Complete 
|  56|0x0000000083800000, 0x0000000083900000, 0x0000000083900000|100%|HC|  |TAMS 0x0000000083900000, 0x0000000083800000| Complete 
|  57|0x0000000083900000, 0x0000000083a00000, 0x0000000083a00000|100%| O|  |TAMS 0x0000000083a00000, 0x0000000083900000| Untracked 
|  58|0x0000000083a00000, 0x0000000083b00000, 0x0000000083b00000|100%| O|  |TAMS 0x0000000083b00000, 0x0000000083a00000| Untracked 
|  59|0x0000000083b00000, 0x0000000083c00000, 0x0000000083c00000|100%| O|  |TAMS 0x0000000083c00000, 0x0000000083b00000| Untracked 
|  60|0x0000000083c00000, 0x0000000083d00000, 0x0000000083d00000|100%| O|  |TAMS 0x0000000083d00000, 0x0000000083c00000| Untracked 
|  61|0x0000000083d00000, 0x0000000083e00000, 0x0000000083e00000|100%| O|  |TAMS 0x0000000083e00000, 0x0000000083d00000| Untracked 
|  62|0x0000000083e00000, 0x0000000083f00000, 0x0000000083f00000|100%| O|  |TAMS 0x0000000083f00000, 0x0000000083e00000| Untracked 
|  63|0x0000000083f00000, 0x0000000084000000, 0x0000000084000000|100%| O|  |TAMS 0x0000000084000000, 0x0000000083f00000| Untracked 
|  64|0x0000000084000000, 0x0000000084100000, 0x0000000084100000|100%| O|  |TAMS 0x0000000084100000, 0x0000000084000000| Untracked 
|  65|0x0000000084100000, 0x0000000084200000, 0x0000000084200000|100%| O|  |TAMS 0x0000000084200000, 0x0000000084100000| Untracked 
|  66|0x0000000084200000, 0x0000000084300000, 0x0000000084300000|100%|HS|  |TAMS 0x0000000084300000, 0x0000000084200000| Complete 
|  67|0x0000000084300000, 0x0000000084400000, 0x0000000084400000|100%|HS|  |TAMS 0x0000000084400000, 0x0000000084300000| Complete 
|  68|0x0000000084400000, 0x0000000084500000, 0x0000000084500000|100%| O|  |TAMS 0x0000000084500000, 0x0000000084400000| Untracked 
|  69|0x0000000084500000, 0x0000000084600000, 0x0000000084600000|100%|HS|  |TAMS 0x0000000084600000, 0x0000000084500000| Complete 
|  70|0x0000000084600000, 0x0000000084700000, 0x0000000084700000|100%| O|  |TAMS 0x0000000084700000, 0x0000000084600000| Untracked 
|  71|0x0000000084700000, 0x0000000084800000, 0x0000000084800000|100%| O|  |TAMS 0x0000000084800000, 0x0000000084700000| Untracked 
|  72|0x0000000084800000, 0x0000000084900000, 0x0000000084900000|100%| O|  |TAMS 0x0000000084900000, 0x0000000084800000| Untracked 
|  73|0x0000000084900000, 0x0000000084a00000, 0x0000000084a00000|100%|HS|  |TAMS 0x0000000084a00000, 0x0000000084900000| Complete 
|  74|0x0000000084a00000, 0x0000000084b00000, 0x0000000084b00000|100%| O|  |TAMS 0x0000000084b00000, 0x0000000084a00000| Untracked 
|  75|0x0000000084b00000, 0x0000000084c00000, 0x0000000084c00000|100%| O|  |TAMS 0x0000000084c00000, 0x0000000084b00000| Untracked 
|  76|0x0000000084c00000, 0x0000000084d00000, 0x0000000084d00000|100%| O|  |TAMS 0x0000000084d00000, 0x0000000084c00000| Untracked 
|  77|0x0000000084d00000, 0x0000000084e00000, 0x0000000084e00000|100%| O|  |TAMS 0x0000000084e00000, 0x0000000084d00000| Untracked 
|  78|0x0000000084e00000, 0x0000000084f00000, 0x0000000084f00000|100%| O|  |TAMS 0x0000000084f00000, 0x0000000084e00000| Untracked 
|  79|0x0000000084f00000, 0x0000000085000000, 0x0000000085000000|100%| O|  |TAMS 0x0000000085000000, 0x0000000084f00000| Untracked 
|  80|0x0000000085000000, 0x0000000085100000, 0x0000000085100000|100%| O|  |TAMS 0x0000000085100000, 0x0000000085000000| Untracked 
|  81|0x0000000085100000, 0x0000000085200000, 0x0000000085200000|100%| O|  |TAMS 0x0000000085200000, 0x0000000085100000| Untracked 
|  82|0x0000000085200000, 0x0000000085300000, 0x0000000085300000|100%| O|  |TAMS 0x0000000085300000, 0x0000000085200000| Untracked 
|  83|0x0000000085300000, 0x0000000085400000, 0x0000000085400000|100%| O|  |TAMS 0x0000000085400000, 0x0000000085300000| Untracked 
|  84|0x0000000085400000, 0x0000000085500000, 0x0000000085500000|100%| O|  |TAMS 0x0000000085500000, 0x0000000085400000| Untracked 
|  85|0x0000000085500000, 0x0000000085600000, 0x0000000085600000|100%| O|  |TAMS 0x0000000085600000, 0x0000000085500000| Untracked 
|  86|0x0000000085600000, 0x0000000085700000, 0x0000000085700000|100%| O|  |TAMS 0x0000000085700000, 0x0000000085600000| Untracked 
|  87|0x0000000085700000, 0x0000000085800000, 0x0000000085800000|100%| O|  |TAMS 0x0000000085800000, 0x0000000085700000| Untracked 
|  88|0x0000000085800000, 0x0000000085900000, 0x0000000085900000|100%| O|  |TAMS 0x0000000085900000, 0x0000000085800000| Untracked 
|  89|0x0000000085900000, 0x0000000085a00000, 0x0000000085a00000|100%| O|  |TAMS 0x0000000085a00000, 0x0000000085900000| Untracked 
|  90|0x0000000085a00000, 0x0000000085b00000, 0x0000000085b00000|100%| O|  |TAMS 0x0000000085b00000, 0x0000000085a00000| Untracked 
|  91|0x0000000085b00000, 0x0000000085c00000, 0x0000000085c00000|100%| O|  |TAMS 0x0000000085c00000, 0x0000000085b00000| Untracked 
|  92|0x0000000085c00000, 0x0000000085d00000, 0x0000000085d00000|100%| O|  |TAMS 0x0000000085d00000, 0x0000000085c00000| Untracked 
|  93|0x0000000085d00000, 0x0000000085e00000, 0x0000000085e00000|100%| O|  |TAMS 0x0000000085e00000, 0x0000000085d00000| Untracked 
|  94|0x0000000085e00000, 0x0000000085f00000, 0x0000000085f00000|100%|HS|  |TAMS 0x0000000085f00000, 0x0000000085e00000| Complete 
|  95|0x0000000085f00000, 0x0000000086000000, 0x0000000086000000|100%|HS|  |TAMS 0x0000000086000000, 0x0000000085f00000| Complete 
|  96|0x0000000086000000, 0x0000000086100000, 0x0000000086100000|100%|HS|  |TAMS 0x0000000086100000, 0x0000000086000000| Complete 
|  97|0x0000000086100000, 0x0000000086200000, 0x0000000086200000|100%|HC|  |TAMS 0x0000000086200000, 0x0000000086100000| Complete 
|  98|0x0000000086200000, 0x0000000086300000, 0x0000000086300000|100%| O|  |TAMS 0x0000000086300000, 0x0000000086200000| Untracked 
|  99|0x0000000086300000, 0x0000000086400000, 0x0000000086400000|100%| O|  |TAMS 0x0000000086400000, 0x0000000086300000| Untracked 
| 100|0x0000000086400000, 0x0000000086500000, 0x0000000086500000|100%| O|  |TAMS 0x0000000086500000, 0x0000000086400000| Untracked 
| 101|0x0000000086500000, 0x0000000086600000, 0x0000000086600000|100%| O|  |TAMS 0x0000000086600000, 0x0000000086500000| Untracked 
| 102|0x0000000086600000, 0x0000000086700000, 0x0000000086700000|100%| O|  |TAMS 0x0000000086700000, 0x0000000086600000| Untracked 
| 103|0x0000000086700000, 0x0000000086800000, 0x0000000086800000|100%| O|  |TAMS 0x0000000086800000, 0x0000000086700000| Untracked 
| 104|0x0000000086800000, 0x0000000086900000, 0x0000000086900000|100%| O|  |TAMS 0x0000000086900000, 0x0000000086800000| Untracked 
| 105|0x0000000086900000, 0x0000000086a00000, 0x0000000086a00000|100%| O|  |TAMS 0x0000000086973800, 0x0000000086900000| Untracked 
| 106|0x0000000086a00000, 0x0000000086b00000, 0x0000000086b00000|100%| O|  |TAMS 0x0000000086a00000, 0x0000000086a00000| Untracked 
| 107|0x0000000086b00000, 0x0000000086c00000, 0x0000000086c00000|100%| O|  |TAMS 0x0000000086b00000, 0x0000000086b00000| Untracked 
| 108|0x0000000086c00000, 0x0000000086d00000, 0x0000000086d00000|100%| O|  |TAMS 0x0000000086c00000, 0x0000000086c00000| Untracked 
| 109|0x0000000086d00000, 0x0000000086e00000, 0x0000000086e00000|100%| O|  |TAMS 0x0000000086d00000, 0x0000000086d00000| Untracked 
| 110|0x0000000086e00000, 0x0000000086f00000, 0x0000000086f00000|100%| O|  |TAMS 0x0000000086e00000, 0x0000000086e00000| Untracked 
| 111|0x0000000086f00000, 0x0000000087000000, 0x0000000087000000|100%| O|  |TAMS 0x0000000086f00000, 0x0000000086f00000| Untracked 
| 112|0x0000000087000000, 0x0000000087100000, 0x0000000087100000|100%| O|  |TAMS 0x0000000087000000, 0x0000000087000000| Untracked 
| 113|0x0000000087100000, 0x0000000087200000, 0x0000000087200000|100%| O|  |TAMS 0x0000000087100000, 0x0000000087100000| Untracked 
| 114|0x0000000087200000, 0x0000000087300000, 0x0000000087300000|100%| O|  |TAMS 0x0000000087200000, 0x0000000087200000| Untracked 
| 115|0x0000000087300000, 0x0000000087400000, 0x0000000087400000|100%| O|  |TAMS 0x0000000087300000, 0x0000000087300000| Untracked 
| 116|0x0000000087400000, 0x0000000087500000, 0x0000000087500000|100%| O|  |TAMS 0x0000000087400000, 0x0000000087400000| Untracked 
| 117|0x0000000087500000, 0x0000000087600000, 0x0000000087600000|100%| O|  |TAMS 0x0000000087500000, 0x0000000087500000| Untracked 
| 118|0x0000000087600000, 0x0000000087700000, 0x0000000087700000|100%|HS|  |TAMS 0x0000000087600000, 0x0000000087600000| Complete 
| 119|0x0000000087700000, 0x0000000087800000, 0x0000000087800000|100%|HS|  |TAMS 0x0000000087700000, 0x0000000087700000| Complete 
| 120|0x0000000087800000, 0x0000000087900000, 0x0000000087900000|100%| O|  |TAMS 0x0000000087800000, 0x0000000087800000| Untracked 
| 121|0x0000000087900000, 0x0000000087a00000, 0x0000000087a00000|100%| O|  |TAMS 0x0000000087900000, 0x0000000087900000| Untracked 
| 122|0x0000000087a00000, 0x0000000087b00000, 0x0000000087b00000|100%| O|  |TAMS 0x0000000087a00000, 0x0000000087a00000| Untracked 
| 123|0x0000000087b00000, 0x0000000087c00000, 0x0000000087c00000|100%| O|  |TAMS 0x0000000087b00000, 0x0000000087b00000| Untracked 
| 124|0x0000000087c00000, 0x0000000087d00000, 0x0000000087d00000|100%| O|  |TAMS 0x0000000087c00000, 0x0000000087c00000| Untracked 
| 125|0x0000000087d00000, 0x0000000087e00000, 0x0000000087e00000|100%| O|  |TAMS 0x0000000087d00000, 0x0000000087d00000| Untracked 
| 126|0x0000000087e00000, 0x0000000087f00000, 0x0000000087f00000|100%| O|  |TAMS 0x0000000087e00000, 0x0000000087e00000| Untracked 
| 127|0x0000000087f00000, 0x0000000088000000, 0x0000000088000000|100%| O|  |TAMS 0x0000000087f00000, 0x0000000087f00000| Untracked 
| 128|0x0000000088000000, 0x0000000088100000, 0x0000000088100000|100%| O|  |TAMS 0x0000000088000000, 0x0000000088000000| Untracked 
| 129|0x0000000088100000, 0x0000000088200000, 0x0000000088200000|100%| O|  |TAMS 0x0000000088100000, 0x0000000088100000| Untracked 
| 130|0x0000000088200000, 0x0000000088300000, 0x0000000088300000|100%| O|  |TAMS 0x0000000088200000, 0x0000000088200000| Untracked 
| 131|0x0000000088300000, 0x0000000088400000, 0x0000000088400000|100%| O|  |TAMS 0x0000000088300000, 0x0000000088300000| Untracked 
| 132|0x0000000088400000, 0x0000000088500000, 0x0000000088500000|100%| O|  |TAMS 0x0000000088400000, 0x0000000088400000| Untracked 
| 133|0x0000000088500000, 0x0000000088600000, 0x0000000088600000|100%| O|  |TAMS 0x0000000088500000, 0x0000000088500000| Untracked 
| 134|0x0000000088600000, 0x0000000088700000, 0x0000000088700000|100%| O|  |TAMS 0x0000000088600000, 0x0000000088600000| Untracked 
| 135|0x0000000088700000, 0x0000000088800000, 0x0000000088800000|100%|HS|  |TAMS 0x0000000088700000, 0x0000000088700000| Complete 
| 136|0x0000000088800000, 0x0000000088900000, 0x0000000088900000|100%|HS|  |TAMS 0x0000000088800000, 0x0000000088800000| Complete 
| 137|0x0000000088900000, 0x0000000088a00000, 0x0000000088a00000|100%| O|  |TAMS 0x0000000088900000, 0x0000000088900000| Untracked 
| 138|0x0000000088a00000, 0x0000000088b00000, 0x0000000088b00000|100%| O|  |TAMS 0x0000000088a00000, 0x0000000088a00000| Untracked 
| 139|0x0000000088b00000, 0x0000000088c00000, 0x0000000088c00000|100%| O|  |TAMS 0x0000000088b00000, 0x0000000088b00000| Untracked 
| 140|0x0000000088c00000, 0x0000000088d00000, 0x0000000088d00000|100%| O|  |TAMS 0x0000000088c00000, 0x0000000088c00000| Untracked 
| 141|0x0000000088d00000, 0x0000000088e00000, 0x0000000088e00000|100%| O|  |TAMS 0x0000000088d00000, 0x0000000088d00000| Untracked 
| 142|0x0000000088e00000, 0x0000000088f00000, 0x0000000088f00000|100%| O|  |TAMS 0x0000000088e00000, 0x0000000088e00000| Untracked 
| 143|0x0000000088f00000, 0x0000000089000000, 0x0000000089000000|100%| O|  |TAMS 0x0000000088f00000, 0x0000000088f00000| Untracked 
| 144|0x0000000089000000, 0x0000000089100000, 0x0000000089100000|100%| O|  |TAMS 0x0000000089000000, 0x0000000089000000| Untracked 
| 145|0x0000000089100000, 0x0000000089200000, 0x0000000089200000|100%| O|  |TAMS 0x0000000089100000, 0x0000000089100000| Untracked 
| 146|0x0000000089200000, 0x0000000089300000, 0x0000000089300000|100%| O|  |TAMS 0x0000000089200000, 0x0000000089200000| Untracked 
| 147|0x0000000089300000, 0x0000000089400000, 0x0000000089400000|100%| O|  |TAMS 0x0000000089300000, 0x0000000089300000| Untracked 
| 148|0x0000000089400000, 0x0000000089500000, 0x0000000089500000|100%| O|  |TAMS 0x0000000089400000, 0x0000000089400000| Untracked 
| 149|0x0000000089500000, 0x0000000089600000, 0x0000000089600000|100%| O|  |TAMS 0x0000000089500000, 0x0000000089500000| Untracked 
| 150|0x0000000089600000, 0x0000000089700000, 0x0000000089700000|100%| O|  |TAMS 0x0000000089600000, 0x0000000089600000| Untracked 
| 151|0x0000000089700000, 0x0000000089800000, 0x0000000089800000|100%| O|  |TAMS 0x0000000089700000, 0x0000000089700000| Untracked 
| 152|0x0000000089800000, 0x0000000089900000, 0x0000000089900000|100%| O|  |TAMS 0x0000000089800000, 0x0000000089800000| Untracked 
| 153|0x0000000089900000, 0x0000000089a00000, 0x0000000089a00000|100%| O|  |TAMS 0x0000000089900000, 0x0000000089900000| Untracked 
| 154|0x0000000089a00000, 0x0000000089b00000, 0x0000000089b00000|100%| O|  |TAMS 0x0000000089a00000, 0x0000000089a00000| Untracked 
| 155|0x0000000089b00000, 0x0000000089c00000, 0x0000000089c00000|100%| O|  |TAMS 0x0000000089b00000, 0x0000000089b00000| Untracked 
| 156|0x0000000089c00000, 0x0000000089d00000, 0x0000000089d00000|100%| O|  |TAMS 0x0000000089c00000, 0x0000000089c00000| Untracked 
| 157|0x0000000089d00000, 0x0000000089e00000, 0x0000000089e00000|100%| O|  |TAMS 0x0000000089d00000, 0x0000000089d00000| Untracked 
| 158|0x0000000089e00000, 0x0000000089f00000, 0x0000000089f00000|100%| O|  |TAMS 0x0000000089e00000, 0x0000000089e00000| Untracked 
| 159|0x0000000089f00000, 0x000000008a000000, 0x000000008a000000|100%| O|  |TAMS 0x0000000089f00000, 0x0000000089f00000| Untracked 
| 160|0x000000008a000000, 0x000000008a100000, 0x000000008a100000|100%| O|  |TAMS 0x000000008a000000, 0x000000008a000000| Untracked 
| 161|0x000000008a100000, 0x000000008a200000, 0x000000008a200000|100%| O|  |TAMS 0x000000008a100000, 0x000000008a100000| Untracked 
| 162|0x000000008a200000, 0x000000008a300000, 0x000000008a300000|100%| O|  |TAMS 0x000000008a200000, 0x000000008a200000| Untracked 
| 163|0x000000008a300000, 0x000000008a400000, 0x000000008a400000|100%| O|  |TAMS 0x000000008a300000, 0x000000008a300000| Untracked 
| 164|0x000000008a400000, 0x000000008a500000, 0x000000008a500000|100%| O|  |TAMS 0x000000008a400000, 0x000000008a400000| Untracked 
| 165|0x000000008a500000, 0x000000008a600000, 0x000000008a600000|100%| O|  |TAMS 0x000000008a500000, 0x000000008a500000| Untracked 
| 166|0x000000008a600000, 0x000000008a700000, 0x000000008a700000|100%| O|  |TAMS 0x000000008a600000, 0x000000008a600000| Untracked 
| 167|0x000000008a700000, 0x000000008a800000, 0x000000008a800000|100%| O|  |TAMS 0x000000008a700000, 0x000000008a700000| Untracked 
| 168|0x000000008a800000, 0x000000008a900000, 0x000000008a900000|100%| O|  |TAMS 0x000000008a800000, 0x000000008a800000| Untracked 
| 169|0x000000008a900000, 0x000000008aa00000, 0x000000008aa00000|100%| O|  |TAMS 0x000000008a900000, 0x000000008a900000| Untracked 
| 170|0x000000008aa00000, 0x000000008ab00000, 0x000000008ab00000|100%| O|  |TAMS 0x000000008aa00000, 0x000000008aa00000| Untracked 
| 171|0x000000008ab00000, 0x000000008abc8600, 0x000000008ac00000| 78%| O|  |TAMS 0x000000008ab00000, 0x000000008ab00000| Untracked 
| 172|0x000000008ac00000, 0x000000008ac00000, 0x000000008ad00000|  0%| F|  |TAMS 0x000000008ac00000, 0x000000008ac00000| Untracked 
| 173|0x000000008ad00000, 0x000000008ad00000, 0x000000008ae00000|  0%| F|  |TAMS 0x000000008ad00000, 0x000000008ad00000| Untracked 
| 174|0x000000008ae00000, 0x000000008ae00000, 0x000000008af00000|  0%| F|  |TAMS 0x000000008ae00000, 0x000000008ae00000| Untracked 
| 175|0x000000008af00000, 0x000000008af00000, 0x000000008b000000|  0%| F|  |TAMS 0x000000008af00000, 0x000000008af00000| Untracked 
| 176|0x000000008b000000, 0x000000008b000000, 0x000000008b100000|  0%| F|  |TAMS 0x000000008b000000, 0x000000008b000000| Untracked 
| 177|0x000000008b100000, 0x000000008b100000, 0x000000008b200000|  0%| F|  |TAMS 0x000000008b100000, 0x000000008b100000| Untracked 
| 178|0x000000008b200000, 0x000000008b200000, 0x000000008b300000|  0%| F|  |TAMS 0x000000008b200000, 0x000000008b200000| Untracked 
| 179|0x000000008b300000, 0x000000008b300000, 0x000000008b400000|  0%| F|  |TAMS 0x000000008b300000, 0x000000008b300000| Untracked 
| 180|0x000000008b400000, 0x000000008b400000, 0x000000008b500000|  0%| F|  |TAMS 0x000000008b400000, 0x000000008b400000| Untracked 
| 181|0x000000008b500000, 0x000000008b500000, 0x000000008b600000|  0%| F|  |TAMS 0x000000008b500000, 0x000000008b500000| Untracked 
| 182|0x000000008b600000, 0x000000008b600000, 0x000000008b700000|  0%| F|  |TAMS 0x000000008b600000, 0x000000008b600000| Untracked 
| 183|0x000000008b700000, 0x000000008b700000, 0x000000008b800000|  0%| F|  |TAMS 0x000000008b700000, 0x000000008b700000| Untracked 
| 184|0x000000008b800000, 0x000000008b800000, 0x000000008b900000|  0%| F|  |TAMS 0x000000008b800000, 0x000000008b800000| Untracked 
| 185|0x000000008b900000, 0x000000008b900000, 0x000000008ba00000|  0%| F|  |TAMS 0x000000008b900000, 0x000000008b900000| Untracked 
| 186|0x000000008ba00000, 0x000000008ba00000, 0x000000008bb00000|  0%| F|  |TAMS 0x000000008ba00000, 0x000000008ba00000| Untracked 
| 187|0x000000008bb00000, 0x000000008bb00000, 0x000000008bc00000|  0%| F|  |TAMS 0x000000008bb00000, 0x000000008bb00000| Untracked 
| 188|0x000000008bc00000, 0x000000008bc00000, 0x000000008bd00000|  0%| F|  |TAMS 0x000000008bc00000, 0x000000008bc00000| Untracked 
| 189|0x000000008bd00000, 0x000000008bd00000, 0x000000008be00000|  0%| F|  |TAMS 0x000000008bd00000, 0x000000008bd00000| Untracked 
| 190|0x000000008be00000, 0x000000008be00000, 0x000000008bf00000|  0%| F|  |TAMS 0x000000008be00000, 0x000000008be00000| Untracked 
| 191|0x000000008bf00000, 0x000000008bf00000, 0x000000008c000000|  0%| F|  |TAMS 0x000000008bf00000, 0x000000008bf00000| Untracked 
| 192|0x000000008c000000, 0x000000008c000000, 0x000000008c100000|  0%| F|  |TAMS 0x000000008c000000, 0x000000008c000000| Untracked 
| 193|0x000000008c100000, 0x000000008c100000, 0x000000008c200000|  0%| F|  |TAMS 0x000000008c100000, 0x000000008c100000| Untracked 
| 194|0x000000008c200000, 0x000000008c200000, 0x000000008c300000|  0%| F|  |TAMS 0x000000008c200000, 0x000000008c200000| Untracked 
| 195|0x000000008c300000, 0x000000008c300000, 0x000000008c400000|  0%| F|  |TAMS 0x000000008c300000, 0x000000008c300000| Untracked 
| 196|0x000000008c400000, 0x000000008c400000, 0x000000008c500000|  0%| F|  |TAMS 0x000000008c400000, 0x000000008c400000| Untracked 
| 197|0x000000008c500000, 0x000000008c500000, 0x000000008c600000|  0%| F|  |TAMS 0x000000008c500000, 0x000000008c500000| Untracked 
| 198|0x000000008c600000, 0x000000008c600000, 0x000000008c700000|  0%| F|  |TAMS 0x000000008c600000, 0x000000008c600000| Untracked 
| 199|0x000000008c700000, 0x000000008c700000, 0x000000008c800000|  0%| F|  |TAMS 0x000000008c700000, 0x000000008c700000| Untracked 
| 200|0x000000008c800000, 0x000000008c800000, 0x000000008c900000|  0%| F|  |TAMS 0x000000008c800000, 0x000000008c800000| Untracked 
| 201|0x000000008c900000, 0x000000008c900000, 0x000000008ca00000|  0%| F|  |TAMS 0x000000008c900000, 0x000000008c900000| Untracked 
| 202|0x000000008ca00000, 0x000000008ca00000, 0x000000008cb00000|  0%| F|  |TAMS 0x000000008ca00000, 0x000000008ca00000| Untracked 
| 203|0x000000008cb00000, 0x000000008cb00000, 0x000000008cc00000|  0%| F|  |TAMS 0x000000008cb00000, 0x000000008cb00000| Untracked 
| 204|0x000000008cc00000, 0x000000008cc00000, 0x000000008cd00000|  0%| F|  |TAMS 0x000000008cc00000, 0x000000008cc00000| Untracked 
| 205|0x000000008cd00000, 0x000000008cde3b00, 0x000000008ce00000| 88%| S|CS|TAMS 0x000000008cd00000, 0x000000008cd00000| Complete 
| 206|0x000000008ce00000, 0x000000008cf00000, 0x000000008cf00000|100%| S|CS|TAMS 0x000000008ce00000, 0x000000008ce00000| Complete 
| 207|0x000000008cf00000, 0x000000008cf00000, 0x000000008d000000|  0%| F|  |TAMS 0x000000008cf00000, 0x000000008cf00000| Untracked 
| 208|0x000000008d000000, 0x000000008d000000, 0x000000008d100000|  0%| F|  |TAMS 0x000000008d000000, 0x000000008d000000| Untracked 
| 209|0x000000008d100000, 0x000000008d100000, 0x000000008d200000|  0%| F|  |TAMS 0x000000008d100000, 0x000000008d100000| Untracked 
| 210|0x000000008d200000, 0x000000008d200000, 0x000000008d300000|  0%| F|  |TAMS 0x000000008d200000, 0x000000008d200000| Untracked 
| 211|0x000000008d300000, 0x000000008d300000, 0x000000008d400000|  0%| F|  |TAMS 0x000000008d300000, 0x000000008d300000| Untracked 
| 212|0x000000008d400000, 0x000000008d400000, 0x000000008d500000|  0%| F|  |TAMS 0x000000008d400000, 0x000000008d400000| Untracked 
| 213|0x000000008d500000, 0x000000008d500000, 0x000000008d600000|  0%| F|  |TAMS 0x000000008d500000, 0x000000008d500000| Untracked 
| 214|0x000000008d600000, 0x000000008d600000, 0x000000008d700000|  0%| F|  |TAMS 0x000000008d600000, 0x000000008d600000| Untracked 
| 215|0x000000008d700000, 0x000000008d700000, 0x000000008d800000|  0%| F|  |TAMS 0x000000008d700000, 0x000000008d700000| Untracked 
| 216|0x000000008d800000, 0x000000008d800000, 0x000000008d900000|  0%| F|  |TAMS 0x000000008d800000, 0x000000008d800000| Untracked 
| 217|0x000000008d900000, 0x000000008d900000, 0x000000008da00000|  0%| F|  |TAMS 0x000000008d900000, 0x000000008d900000| Untracked 
| 218|0x000000008da00000, 0x000000008da11668, 0x000000008db00000|  6%| E|  |TAMS 0x000000008da00000, 0x000000008da00000| Complete 
| 219|0x000000008db00000, 0x000000008dc00000, 0x000000008dc00000|100%| E|CS|TAMS 0x000000008db00000, 0x000000008db00000| Complete 
| 220|0x000000008dc00000, 0x000000008dd00000, 0x000000008dd00000|100%| E|CS|TAMS 0x000000008dc00000, 0x000000008dc00000| Complete 
| 221|0x000000008dd00000, 0x000000008de00000, 0x000000008de00000|100%| E|CS|TAMS 0x000000008dd00000, 0x000000008dd00000| Complete 
| 222|0x000000008de00000, 0x000000008df00000, 0x000000008df00000|100%| E|CS|TAMS 0x000000008de00000, 0x000000008de00000| Complete 
| 223|0x000000008df00000, 0x000000008e000000, 0x000000008e000000|100%| E|CS|TAMS 0x000000008df00000, 0x000000008df00000| Complete 
| 224|0x000000008e000000, 0x000000008e100000, 0x000000008e100000|100%| E|CS|TAMS 0x000000008e000000, 0x000000008e000000| Complete 
| 225|0x000000008e100000, 0x000000008e200000, 0x000000008e200000|100%| E|CS|TAMS 0x000000008e100000, 0x000000008e100000| Complete 
| 226|0x000000008e200000, 0x000000008e300000, 0x000000008e300000|100%| E|CS|TAMS 0x000000008e200000, 0x000000008e200000| Complete 
| 227|0x000000008e300000, 0x000000008e400000, 0x000000008e400000|100%| E|CS|TAMS 0x000000008e300000, 0x000000008e300000| Complete 
| 228|0x000000008e400000, 0x000000008e500000, 0x000000008e500000|100%| E|CS|TAMS 0x000000008e400000, 0x000000008e400000| Complete 
| 229|0x000000008e500000, 0x000000008e600000, 0x000000008e600000|100%| E|CS|TAMS 0x000000008e500000, 0x000000008e500000| Complete 
| 230|0x000000008e600000, 0x000000008e700000, 0x000000008e700000|100%| E|CS|TAMS 0x000000008e600000, 0x000000008e600000| Complete 
| 231|0x000000008e700000, 0x000000008e800000, 0x000000008e800000|100%| E|CS|TAMS 0x000000008e700000, 0x000000008e700000| Complete 
| 232|0x000000008e800000, 0x000000008e900000, 0x000000008e900000|100%| E|CS|TAMS 0x000000008e800000, 0x000000008e800000| Complete 
| 233|0x000000008e900000, 0x000000008ea00000, 0x000000008ea00000|100%| E|CS|TAMS 0x000000008e900000, 0x000000008e900000| Complete 
| 234|0x000000008ea00000, 0x000000008eb00000, 0x000000008eb00000|100%| E|CS|TAMS 0x000000008ea00000, 0x000000008ea00000| Complete 
| 235|0x000000008eb00000, 0x000000008ec00000, 0x000000008ec00000|100%| E|CS|TAMS 0x000000008eb00000, 0x000000008eb00000| Complete 
| 236|0x000000008ec00000, 0x000000008ed00000, 0x000000008ed00000|100%| E|CS|TAMS 0x000000008ec00000, 0x000000008ec00000| Complete 

Card table byte_map: [0x000002865a3e0000,0x000002865a7e0000] _byte_map_base: 0x0000028659fe0000

Marking Bits (Prev, Next): (CMBitMap*) 0x000002864171a160, (CMBitMap*) 0x000002864171a1a0
 Prev Bits: [0x000002865abe0000, 0x000002865cbe0000)
 Next Bits: [0x000002865cbe0000, 0x000002865ebe0000)

Polling page: 0x0000028641480000

Metaspace:

Usage:
  Non-class:     88.16 MB used.
      Class:     14.17 MB used.
       Both:    102.33 MB used.

Virtual space:
  Non-class space:      128.00 MB reserved,      88.75 MB ( 69%) committed,  2 nodes.
      Class space:      416.00 MB reserved,      14.69 MB (  4%) committed,  1 nodes.
             Both:      544.00 MB reserved,     103.44 MB ( 19%) committed. 

Chunk freelists:
   Non-Class:  7.03 MB
       Class:  1.13 MB
        Both:  8.17 MB

MaxMetaspaceSize: 512.00 MB
CompressedClassSpaceSize: 416.00 MB
Initial GC threshold: 21.00 MB
Current GC threshold: 153.88 MB
CDS: on
MetaspaceReclaimPolicy: balanced
 - commit_granule_bytes: 65536.
 - commit_granule_words: 8192.
 - virtual_space_node_default_size: 8388608.
 - enlarge_chunks_in_place: 1.
 - new_chunks_are_fully_committed: 0.
 - uncommit_free_chunks: 1.
 - use_allocation_guard: 0.
 - handle_deallocations: 1.


Internal statistics:

num_allocs_failed_limit: 6.
num_arena_births: 1376.
num_arena_deaths: 0.
num_vsnodes_births: 3.
num_vsnodes_deaths: 0.
num_space_committed: 1655.
num_space_uncommitted: 0.
num_chunks_returned_to_freelist: 6.
num_chunks_taken_from_freelist: 5868.
num_chunk_merges: 6.
num_chunk_splits: 3764.
num_chunks_enlarged: 2382.
num_inconsistent_stats: 0.

CodeHeap 'non-profiled nmethods': size=120000Kb used=8933Kb max_used=8933Kb free=111066Kb
 bounds [0x0000028652490000, 0x0000028652d50000, 0x00000286599c0000]
CodeHeap 'profiled nmethods': size=120000Kb used=26615Kb max_used=26615Kb free=93384Kb
 bounds [0x000002864a9c0000, 0x000002864c3c0000, 0x0000028651ef0000]
CodeHeap 'non-nmethods': size=5760Kb used=2443Kb max_used=2491Kb free=3316Kb
 bounds [0x0000028651ef0000, 0x0000028652170000, 0x0000028652490000]
 total_blobs=14491 nmethods=13514 adapters=888
 compilation: enabled
              stopped_count=0, restarted_count=0
 full_count=0

Compilation events (20 events):
Event: 211.837 Thread 0x00000286611ab930 nmethod 15819 0x0000028652d42a10 code [0x0000028652d42ba0, 0x0000028652d42e08]
Event: 211.837 Thread 0x00000286611ab930 15817       4       com.google.common.cache.LocalCache$Segment::evictEntries (106 bytes)
Event: 211.844 Thread 0x00000286611ab930 nmethod 15817 0x0000028652d43010 code [0x0000028652d431a0, 0x0000028652d43328]
Event: 211.844 Thread 0x00000286611ab930 15818       4       com.google.common.cache.LocalCache$Segment::recordWrite (72 bytes)
Event: 211.866 Thread 0x00000286611ab930 nmethod 15818 0x0000028652d43510 code [0x0000028652d436e0, 0x0000028652d43be8]
Event: 211.867 Thread 0x00000286611ab930 15808       4       com.google.common.cache.LocalCache$LoadingValueReference::<init> (34 bytes)
Event: 211.877 Thread 0x00000286611ab930 nmethod 15808 0x0000028652d44090 code [0x0000028652d44220, 0x0000028652d445f8]
Event: 211.877 Thread 0x00000286611ab930 15809       4       com.google.common.cache.LocalCache$Segment::loadSync (19 bytes)
Event: 211.911 Thread 0x00000286611ab930 nmethod 15809 0x0000028652d44710 code [0x0000028652d44900, 0x0000028652d450d8]
Event: 211.977 Thread 0x00000286611ab930 15820   !   4       sun.nio.fs.WindowsPath::createFromNormalizedPath (65 bytes)
Event: 212.027 Thread 0x00000286611ab930 nmethod 15820 0x0000028652d45910 code [0x0000028652d45ac0, 0x0000028652d46528]
Event: 212.027 Thread 0x00000286611ab930 15821   !   4       sun.nio.fs.WindowsDirectoryStream$WindowsDirectoryIterator::readNextEntry (192 bytes)
Event: 212.078 Thread 0x00000286611ab930 nmethod 15821 0x0000028652d46790 code [0x0000028652d469a0, 0x0000028652d47b48]
Event: 212.078 Thread 0x00000286611ab930 15822  s    4       sun.nio.fs.WindowsDirectoryStream$WindowsDirectoryIterator::hasNext (35 bytes)
Event: 212.086 Thread 0x00000286611ab930 nmethod 15822 0x0000028652d48290 code [0x0000028652d48420, 0x0000028652d487c8]
Event: 212.094 Thread 0x00000286611ab930 15823  s    4       sun.nio.fs.WindowsDirectoryStream$WindowsDirectoryIterator::next (48 bytes)
Event: 212.098 Thread 0x00000286611ab930 nmethod 15823 0x0000028652d48910 code [0x0000028652d48a80, 0x0000028652d48cb8]
Event: 212.099 Thread 0x00000286611ab930 15824       4       sun.nio.fs.WindowsDirectoryStream$WindowsDirectoryIterator::next (5 bytes)
Event: 212.103 Thread 0x00000286611ab930 nmethod 15824 0x0000028652d48d90 code [0x0000028652d48f00, 0x0000028652d49138]
Event: 212.145 Thread 0x00000286611ab930 15825       4       org.gradle.cache.internal.ExclusiveCacheAccessingWorker$1::call (10 bytes)

GC Heap History (20 events):
Event: 198.487 GC heap before
{Heap before GC invocations=74 (full 0):
 garbage-first heap   total 201728K, used 174748K [0x0000000080000000, 0x0000000100000000)
  region size 1024K, 13 young (13312K), 2 survivors (2048K)
 Metaspace       used 103123K, committed 104192K, reserved 557056K
  class space    used 14325K, committed 14848K, reserved 425984K
}
Event: 198.504 GC heap after
{Heap after GC invocations=75 (full 0):
 garbage-first heap   total 201728K, used 164359K [0x0000000080000000, 0x0000000100000000)
  region size 1024K, 2 young (2048K), 2 survivors (2048K)
 Metaspace       used 103123K, committed 104192K, reserved 557056K
  class space    used 14325K, committed 14848K, reserved 425984K
}
Event: 199.443 GC heap before
{Heap before GC invocations=75 (full 0):
 garbage-first heap   total 201728K, used 175623K [0x0000000080000000, 0x0000000100000000)
  region size 1024K, 13 young (13312K), 2 survivors (2048K)
 Metaspace       used 103178K, committed 104256K, reserved 557056K
  class space    used 14325K, committed 14848K, reserved 425984K
}
Event: 199.452 GC heap after
{Heap after GC invocations=76 (full 0):
 garbage-first heap   total 201728K, used 165425K [0x0000000080000000, 0x0000000100000000)
  region size 1024K, 2 young (2048K), 2 survivors (2048K)
 Metaspace       used 103178K, committed 104256K, reserved 557056K
  class space    used 14325K, committed 14848K, reserved 425984K
}
Event: 200.286 GC heap before
{Heap before GC invocations=76 (full 0):
 garbage-first heap   total 201728K, used 175665K [0x0000000080000000, 0x0000000100000000)
  region size 1024K, 12 young (12288K), 2 survivors (2048K)
 Metaspace       used 103236K, committed 104320K, reserved 557056K
  class space    used 14326K, committed 14848K, reserved 425984K
}
Event: 200.298 GC heap after
{Heap after GC invocations=77 (full 0):
 garbage-first heap   total 201728K, used 166497K [0x0000000080000000, 0x0000000100000000)
  region size 1024K, 2 young (2048K), 2 survivors (2048K)
 Metaspace       used 103236K, committed 104320K, reserved 557056K
  class space    used 14326K, committed 14848K, reserved 425984K
}
Event: 201.231 GC heap before
{Heap before GC invocations=77 (full 0):
 garbage-first heap   total 201728K, used 176737K [0x0000000080000000, 0x0000000100000000)
  region size 1024K, 12 young (12288K), 2 survivors (2048K)
 Metaspace       used 103377K, committed 104512K, reserved 557056K
  class space    used 14345K, committed 14912K, reserved 425984K
}
Event: 201.241 GC heap after
{Heap after GC invocations=78 (full 0):
 garbage-first heap   total 201728K, used 168250K [0x0000000080000000, 0x0000000100000000)
  region size 1024K, 2 young (2048K), 2 survivors (2048K)
 Metaspace       used 103377K, committed 104512K, reserved 557056K
  class space    used 14345K, committed 14912K, reserved 425984K
}
Event: 201.950 GC heap before
{Heap before GC invocations=78 (full 0):
 garbage-first heap   total 201728K, used 176442K [0x0000000080000000, 0x0000000100000000)
  region size 1024K, 10 young (10240K), 2 survivors (2048K)
 Metaspace       used 103530K, committed 104640K, reserved 557056K
  class space    used 14364K, committed 14912K, reserved 425984K
}
Event: 201.961 GC heap after
{Heap after GC invocations=79 (full 0):
 garbage-first heap   total 201728K, used 168998K [0x0000000080000000, 0x0000000100000000)
  region size 1024K, 1 young (1024K), 1 survivors (1024K)
 Metaspace       used 103530K, committed 104640K, reserved 557056K
  class space    used 14364K, committed 14912K, reserved 425984K
}
Event: 202.537 GC heap before
{Heap before GC invocations=79 (full 0):
 garbage-first heap   total 201728K, used 177190K [0x0000000080000000, 0x0000000100000000)
  region size 1024K, 9 young (9216K), 1 survivors (1024K)
 Metaspace       used 103636K, committed 104704K, reserved 557056K
  class space    used 14375K, committed 14912K, reserved 425984K
}
Event: 202.547 GC heap after
{Heap after GC invocations=80 (full 0):
 garbage-first heap   total 201728K, used 169927K [0x0000000080000000, 0x0000000100000000)
  region size 1024K, 2 young (2048K), 2 survivors (2048K)
 Metaspace       used 103636K, committed 104704K, reserved 557056K
  class space    used 14375K, committed 14912K, reserved 425984K
}
Event: 203.363 GC heap before
{Heap before GC invocations=80 (full 0):
 garbage-first heap   total 201728K, used 177095K [0x0000000080000000, 0x0000000100000000)
  region size 1024K, 9 young (9216K), 2 survivors (2048K)
 Metaspace       used 103947K, committed 105024K, reserved 557056K
  class space    used 14422K, committed 14976K, reserved 425984K
}
Event: 203.380 GC heap after
{Heap after GC invocations=81 (full 0):
 garbage-first heap   total 242688K, used 170879K [0x0000000080000000, 0x0000000100000000)
  region size 1024K, 2 young (2048K), 2 survivors (2048K)
 Metaspace       used 103947K, committed 105024K, reserved 557056K
  class space    used 14422K, committed 14976K, reserved 425984K
}
Event: 206.485 GC heap before
{Heap before GC invocations=81 (full 0):
 garbage-first heap   total 242688K, used 202623K [0x0000000080000000, 0x0000000100000000)
  region size 1024K, 34 young (34816K), 2 survivors (2048K)
 Metaspace       used 104376K, committed 105472K, reserved 557056K
  class space    used 14457K, committed 15040K, reserved 425984K
}
Event: 206.497 GC heap after
{Heap after GC invocations=82 (full 0):
 garbage-first heap   total 242688K, used 172303K [0x0000000080000000, 0x0000000100000000)
  region size 1024K, 4 young (4096K), 4 survivors (4096K)
 Metaspace       used 104376K, committed 105472K, reserved 557056K
  class space    used 14457K, committed 15040K, reserved 425984K
}
Event: 209.265 GC heap before
{Heap before GC invocations=82 (full 0):
 garbage-first heap   total 242688K, used 204047K [0x0000000080000000, 0x0000000100000000)
  region size 1024K, 36 young (36864K), 4 survivors (4096K)
 Metaspace       used 104701K, committed 105792K, reserved 557056K
  class space    used 14506K, committed 15040K, reserved 425984K
}
Event: 209.287 GC heap after
{Heap after GC invocations=83 (full 0):
 garbage-first heap   total 242688K, used 175820K [0x0000000080000000, 0x0000000100000000)
  region size 1024K, 5 young (5120K), 5 survivors (5120K)
 Metaspace       used 104701K, committed 105792K, reserved 557056K
  class space    used 14506K, committed 15040K, reserved 425984K
}
Event: 211.212 GC heap before
{Heap before GC invocations=83 (full 0):
 garbage-first heap   total 242688K, used 205516K [0x0000000080000000, 0x0000000100000000)
  region size 1024K, 35 young (35840K), 5 survivors (5120K)
 Metaspace       used 104784K, committed 105920K, reserved 557056K
  class space    used 14506K, committed 15040K, reserved 425984K
}
Event: 211.234 GC heap after
{Heap after GC invocations=84 (full 0):
 garbage-first heap   total 242688K, used 177840K [0x0000000080000000, 0x0000000100000000)
  region size 1024K, 2 young (2048K), 2 survivors (2048K)
 Metaspace       used 104784K, committed 105920K, reserved 557056K
  class space    used 14506K, committed 15040K, reserved 425984K
}

Dll operation events (14 events):
Event: 0.047 Loaded shared library C:\Program Files\Microsoft\jdk-17.0.8.7-hotspot\bin\java.dll
Event: 0.132 Loaded shared library C:\Program Files\Microsoft\jdk-17.0.8.7-hotspot\bin\jsvml.dll
Event: 0.350 Loaded shared library C:\Program Files\Microsoft\jdk-17.0.8.7-hotspot\bin\zip.dll
Event: 0.364 Loaded shared library C:\Program Files\Microsoft\jdk-17.0.8.7-hotspot\bin\instrument.dll
Event: 0.376 Loaded shared library C:\Program Files\Microsoft\jdk-17.0.8.7-hotspot\bin\net.dll
Event: 0.379 Loaded shared library C:\Program Files\Microsoft\jdk-17.0.8.7-hotspot\bin\nio.dll
Event: 0.393 Loaded shared library C:\Program Files\Microsoft\jdk-17.0.8.7-hotspot\bin\zip.dll
Event: 1.545 Loaded shared library C:\Program Files\Microsoft\jdk-17.0.8.7-hotspot\bin\jimage.dll
Event: 1.996 Loaded shared library C:\Program Files\Microsoft\jdk-17.0.8.7-hotspot\bin\verify.dll
Event: 2.808 Loaded shared library C:\Users\Lenovo\.gradle\native\68d5fa5c4cc2d200863cafc0d521ce42e7d3e7ee720ec0a83991735586a16f82\windows-amd64\native-platform.dll
Event: 2.833 Loaded shared library C:\Users\Lenovo\.gradle\native\e376f236ea51e6404a007f0833ffe2c6e607c4080706a723a18a27aeea778392\windows-amd64\native-platform-file-events.dll
Event: 6.391 Loaded shared library C:\Program Files\Microsoft\jdk-17.0.8.7-hotspot\bin\management.dll
Event: 6.400 Loaded shared library C:\Program Files\Microsoft\jdk-17.0.8.7-hotspot\bin\management_ext.dll
Event: 8.230 Loaded shared library C:\Program Files\Microsoft\jdk-17.0.8.7-hotspot\bin\sunmscapi.dll

Deoptimization events (20 events):
Event: 208.087 Thread 0x000002860599cef0 Uncommon trap: trap_request=0xffffff76 fr.pc=0x000002865292cc48 relative=0x0000000000000808
Event: 208.087 Thread 0x000002860599cef0 Uncommon trap: reason=predicate action=maybe_recompile pc=0x000002865292cc48 method=java.util.ComparableTimSort.binarySort([Ljava/lang/Object;III)V @ 34 c2
Event: 208.087 Thread 0x000002860599cef0 DEOPT PACKING pc=0x000002865292cc48 sp=0x000000ecdb8fbf20
Event: 208.087 Thread 0x000002860599cef0 DEOPT UNPACKING pc=0x0000028651f469a3 sp=0x000000ecdb8fbec8 mode 2
Event: 208.178 Thread 0x000002860599c9e0 Uncommon trap: trap_request=0xffffffc6 fr.pc=0x0000028652ca7ec0 relative=0x00000000000000a0
Event: 208.178 Thread 0x000002860599c9e0 Uncommon trap: reason=bimorphic_or_optimized_type_check action=maybe_recompile pc=0x0000028652ca7ec0 method=org.gradle.execution.plan.ActionNode.hasPendingPreExecutionNodes()Z @ 11 c2
Event: 208.178 Thread 0x000002860599c9e0 DEOPT PACKING pc=0x0000028652ca7ec0 sp=0x000000ecdb6fe850
Event: 208.178 Thread 0x000002860599c9e0 DEOPT UNPACKING pc=0x0000028651f469a3 sp=0x000000ecdb6fe7e0 mode 2
Event: 208.198 Thread 0x000002860599c9e0 Uncommon trap: trap_request=0xffffffc6 fr.pc=0x0000028652ca7ec0 relative=0x00000000000000a0
Event: 208.198 Thread 0x000002860599c9e0 Uncommon trap: reason=bimorphic_or_optimized_type_check action=maybe_recompile pc=0x0000028652ca7ec0 method=org.gradle.execution.plan.ActionNode.hasPendingPreExecutionNodes()Z @ 11 c2
Event: 208.198 Thread 0x000002860599c9e0 DEOPT PACKING pc=0x0000028652ca7ec0 sp=0x000000ecdb6fe850
Event: 208.198 Thread 0x000002860599c9e0 DEOPT UNPACKING pc=0x0000028651f469a3 sp=0x000000ecdb6fe7e0 mode 2
Event: 208.209 Thread 0x000002860599c9e0 Uncommon trap: trap_request=0xffffffc6 fr.pc=0x0000028652ca7ec0 relative=0x00000000000000a0
Event: 208.209 Thread 0x000002860599c9e0 Uncommon trap: reason=bimorphic_or_optimized_type_check action=maybe_recompile pc=0x0000028652ca7ec0 method=org.gradle.execution.plan.ActionNode.hasPendingPreExecutionNodes()Z @ 11 c2
Event: 208.209 Thread 0x000002860599c9e0 DEOPT PACKING pc=0x0000028652ca7ec0 sp=0x000000ecdb6fe850
Event: 208.209 Thread 0x000002860599c9e0 DEOPT UNPACKING pc=0x0000028651f469a3 sp=0x000000ecdb6fe7e0 mode 2
Event: 208.330 Thread 0x0000028605999230 Uncommon trap: trap_request=0xffffffc6 fr.pc=0x0000028652ca7ec0 relative=0x00000000000000a0
Event: 208.330 Thread 0x0000028605999230 Uncommon trap: reason=bimorphic_or_optimized_type_check action=maybe_recompile pc=0x0000028652ca7ec0 method=org.gradle.execution.plan.ActionNode.hasPendingPreExecutionNodes()Z @ 11 c2
Event: 208.330 Thread 0x0000028605999230 DEOPT PACKING pc=0x0000028652ca7ec0 sp=0x000000ecdb7fe8f0
Event: 208.330 Thread 0x0000028605999230 DEOPT UNPACKING pc=0x0000028651f469a3 sp=0x000000ecdb7fe880 mode 2

Classes unloaded (0 events):
No events

Classes redefined (0 events):
No events

Internal exceptions (20 events):
Event: 188.947 Thread 0x000002867d190000 Exception <a 'sun/nio/fs/WindowsException'{0x000000008bea0d78}> (0x000000008bea0d78) 
thrown [s\src\hotspot\share\prims\jni.cpp, line 516]
Event: 188.948 Thread 0x000002867d190000 Exception <a 'sun/nio/fs/WindowsException'{0x000000008bea2418}> (0x000000008bea2418) 
thrown [s\src\hotspot\share\prims\jni.cpp, line 516]
Event: 190.334 Thread 0x000002866118ce40 Implicit null exception at 0x000002865296acfd to 0x000002865296b308
Event: 192.915 Thread 0x000002867d190000 Implicit null exception at 0x0000028652c318c3 to 0x0000028652c31977
Event: 195.505 Thread 0x000002867d190000 Exception <a 'java/lang/IncompatibleClassChangeError'{0x000000008b99ee30}: Found class java.lang.Object, but interface was expected> (0x000000008b99ee30) 
thrown [s\src\hotspot\share\interpreter\linkResolver.cpp, line 826]
Event: 196.366 Thread 0x000002867d190000 Exception <a 'sun/nio/fs/WindowsException'{0x000000008be5b160}> (0x000000008be5b160) 
thrown [s\src\hotspot\share\prims\jni.cpp, line 516]
Event: 196.366 Thread 0x000002867d190000 Exception <a 'sun/nio/fs/WindowsException'{0x000000008be5c7b0}> (0x000000008be5c7b0) 
thrown [s\src\hotspot\share\prims\jni.cpp, line 516]
Event: 196.367 Thread 0x000002867d190000 Exception <a 'sun/nio/fs/WindowsException'{0x000000008be5de50}> (0x000000008be5de50) 
thrown [s\src\hotspot\share\prims\jni.cpp, line 516]
Event: 196.368 Thread 0x000002867d190000 Exception <a 'sun/nio/fs/WindowsException'{0x000000008be5f4f0}> (0x000000008be5f4f0) 
thrown [s\src\hotspot\share\prims\jni.cpp, line 516]
Event: 201.187 Thread 0x000002867d190000 Implicit null exception at 0x0000028652911255 to 0x0000028652911a34
Event: 203.222 Thread 0x000002860610b3f0 Exception <a 'java/lang/NoSuchMethodError'{0x000000008bf99710}: 'void java.lang.invoke.DirectMethodHandle$Holder.invokeStatic(java.lang.Object, java.lang.Object, java.lang.Object, java.lang.Object, int, java.lang.Object, java.lang.Object)'> (0x000000008bf99710) 
thrown [s\src\hotspot\share\interpreter\linkResolver.cpp, line 759]
Event: 203.360 Thread 0x000002860610aee0 Exception <a 'java/lang/NoSuchMethodError'{0x000000008beea568}: 'java.lang.Object java.lang.invoke.DirectMethodHandle$Holder.invokeSpecialIFC(java.lang.Object, java.lang.Object, java.lang.Object)'> (0x000000008beea568) 
thrown [s\src\hotspot\share\interpreter\linkResolver.cpp, line 759]
Event: 204.633 Thread 0x000002860610e180 Exception <a 'java/lang/NoSuchMethodError'{0x000000008e0420e0}: 'void java.lang.invoke.DirectMethodHandle$Holder.invokeVirtual(java.lang.Object, java.lang.Object)'> (0x000000008e0420e0) 
thrown [s\src\hotspot\share\interpreter\linkResolver.cpp, line 759]
Event: 207.857 Thread 0x0000028605999230 Exception <a 'java/lang/ClassNotFoundException'{0x000000008dd1de48}: groovy/util/FileTreeBuilderBeanInfo> (0x000000008dd1de48) 
thrown [s\src\hotspot\share\classfile\systemDictionary.cpp, line 256]
Event: 207.861 Thread 0x0000028605999230 Exception <a 'java/lang/ClassNotFoundException'{0x000000008dd7f558}: groovy/util/FileTreeBuilderCustomizer> (0x000000008dd7f558) 
thrown [s\src\hotspot\share\classfile\systemDictionary.cpp, line 256]
Event: 207.905 Thread 0x0000028605999230 Exception <a 'java/lang/ClassNotFoundException'{0x000000008ddb66f0}: java/io/BufferedWriterBeanInfo> (0x000000008ddb66f0) 
thrown [s\src\hotspot\share\classfile\systemDictionary.cpp, line 256]
Event: 207.905 Thread 0x0000028605999230 Exception <a 'java/lang/ClassNotFoundException'{0x000000008ddbbad8}: java/io/WriterBeanInfo> (0x000000008ddbbad8) 
thrown [s\src\hotspot\share\classfile\systemDictionary.cpp, line 256]
Event: 207.906 Thread 0x0000028605999230 Exception <a 'java/lang/ClassNotFoundException'{0x000000008ddc10d0}: java/io/WriterCustomizer> (0x000000008ddc10d0) 
thrown [s\src\hotspot\share\classfile\systemDictionary.cpp, line 256]
Event: 207.908 Thread 0x0000028605999230 Exception <a 'java/lang/ClassNotFoundException'{0x000000008ddcf3d0}: java/io/BufferedWriterCustomizer> (0x000000008ddcf3d0) 
thrown [s\src\hotspot\share\classfile\systemDictionary.cpp, line 256]
Event: 208.089 Thread 0x000002860599cef0 Exception <a 'java/lang/NoSuchMethodError'{0x000000008dc6d110}: static Lcom/android/build/api/variant/BuildConfigField;.<clinit>()V> (0x000000008dc6d110) 
thrown [s\src\hotspot\share\prims\jni.cpp, line 1107]

VM Operations (20 events):
Event: 204.424 Executing VM operation: Cleanup
Event: 204.425 Executing VM operation: Cleanup done
Event: 205.440 Executing VM operation: Cleanup
Event: 205.440 Executing VM operation: Cleanup done
Event: 206.444 Executing VM operation: Cleanup
Event: 206.452 Executing VM operation: Cleanup done
Event: 206.485 Executing VM operation: G1CollectForAllocation
Event: 206.497 Executing VM operation: G1CollectForAllocation done
Event: 207.508 Executing VM operation: Cleanup
Event: 207.510 Executing VM operation: Cleanup done
Event: 208.523 Executing VM operation: Cleanup
Event: 208.564 Executing VM operation: Cleanup done
Event: 209.265 Executing VM operation: G1CollectForAllocation
Event: 209.287 Executing VM operation: G1CollectForAllocation done
Event: 210.289 Executing VM operation: Cleanup
Event: 210.290 Executing VM operation: Cleanup done
Event: 211.211 Executing VM operation: G1CollectForAllocation
Event: 211.234 Executing VM operation: G1CollectForAllocation done
Event: 212.235 Executing VM operation: Cleanup
Event: 212.237 Executing VM operation: Cleanup done

Events (20 events):
Event: 206.508 Thread 0x0000028606109fb0 Thread added: 0x0000028606109fb0
Event: 206.564 Thread 0x000002860610a4c0 Thread added: 0x000002860610a4c0
Event: 206.565 Thread 0x0000028607a4f220 Thread added: 0x0000028607a4f220
Event: 207.441 Thread 0x0000028607a4f730 Thread added: 0x0000028607a4f730
Event: 207.904 loading class java/io/BufferedWriterBeanInfo
Event: 207.904 loading class java/io/BufferedWriterBeanInfo done
Event: 207.905 loading class java/io/BufferedWriterBeanInfo
Event: 207.905 loading class java/io/BufferedWriterBeanInfo done
Event: 207.905 loading class java/io/WriterBeanInfo
Event: 207.905 loading class java/io/WriterBeanInfo done
Event: 207.905 loading class java/io/WriterBeanInfo
Event: 207.905 loading class java/io/WriterBeanInfo done
Event: 207.905 loading class java/io/WriterCustomizer
Event: 207.905 loading class java/io/WriterCustomizer done
Event: 207.906 loading class java/io/WriterCustomizer
Event: 207.906 loading class java/io/WriterCustomizer done
Event: 207.906 loading class java/io/BufferedWriterCustomizer
Event: 207.906 loading class java/io/BufferedWriterCustomizer done
Event: 207.908 loading class java/io/BufferedWriterCustomizer
Event: 207.908 loading class java/io/BufferedWriterCustomizer done


Dynamic libraries:
0x00007ff67b390000 - 0x00007ff67b39e000 	C:\Program Files\Microsoft\jdk-17.0.8.7-hotspot\bin\java.exe
0x00007ffb11d30000 - 0x00007ffb11f28000 	C:\Windows\SYSTEM32\ntdll.dll
0x00007ffb104a0000 - 0x00007ffb1055d000 	C:\Windows\System32\KERNEL32.DLL
0x00007ffb0f570000 - 0x00007ffb0f866000 	C:\Windows\System32\KERNELBASE.dll
0x00007ffb0fae0000 - 0x00007ffb0fbe0000 	C:\Windows\System32\ucrtbase.dll
0x00007ffaf0330000 - 0x00007ffaf0347000 	C:\Program Files\Microsoft\jdk-17.0.8.7-hotspot\bin\jli.dll
0x00007ffaf10f0000 - 0x00007ffaf110b000 	C:\Program Files\Microsoft\jdk-17.0.8.7-hotspot\bin\VCRUNTIME140.dll
0x00007ffb10a70000 - 0x00007ffb10c0e000 	C:\Windows\System32\USER32.dll
0x00007ffb0f870000 - 0x00007ffb0f892000 	C:\Windows\System32\win32u.dll
0x00007ffb0fdc0000 - 0x00007ffb0fdec000 	C:\Windows\System32\GDI32.dll
0x00007ffaff8b0000 - 0x00007ffaffb4a000 	C:\Windows\WinSxS\amd64_microsoft.windows.common-controls_6595b64144ccf1df_6.0.19041.3636_none_60b6a03d71f818d5\COMCTL32.dll
0x00007ffb0f950000 - 0x00007ffb0fa6a000 	C:\Windows\System32\gdi32full.dll
0x00007ffb105c0000 - 0x00007ffb1065e000 	C:\Windows\System32\msvcrt.dll
0x00007ffb0fca0000 - 0x00007ffb0fd3d000 	C:\Windows\System32\msvcp_win.dll
0x00007ffb0fd90000 - 0x00007ffb0fdc0000 	C:\Windows\System32\IMM32.DLL
0x00007ffaffef0000 - 0x00007ffaffefc000 	C:\Program Files\Microsoft\jdk-17.0.8.7-hotspot\bin\vcruntime140_1.dll
0x00007ffad8750000 - 0x00007ffad87dd000 	C:\Program Files\Microsoft\jdk-17.0.8.7-hotspot\bin\msvcp140.dll
0x00007ffa9fc30000 - 0x00007ffaa0895000 	C:\Program Files\Microsoft\jdk-17.0.8.7-hotspot\bin\server\jvm.dll
0x00007ffb0ffa0000 - 0x00007ffb1004f000 	C:\Windows\System32\ADVAPI32.dll
0x00007ffb10050000 - 0x00007ffb100ec000 	C:\Windows\System32\sechost.dll
0x00007ffb10860000 - 0x00007ffb10986000 	C:\Windows\System32\RPCRT4.dll
0x00007ffb0e930000 - 0x00007ffb0e97b000 	C:\Windows\SYSTEM32\POWRPROF.dll
0x00007ffb018c0000 - 0x00007ffb018e7000 	C:\Windows\SYSTEM32\WINMM.dll
0x00007ffb05d10000 - 0x00007ffb05d1a000 	C:\Windows\SYSTEM32\VERSION.dll
0x00007ffafe660000 - 0x00007ffafe669000 	C:\Windows\SYSTEM32\WSOCK32.dll
0x00007ffb10100000 - 0x00007ffb1016b000 	C:\Windows\System32\WS2_32.dll
0x00007ffb0e7f0000 - 0x00007ffb0e802000 	C:\Windows\SYSTEM32\UMPDC.dll
0x00007ffb0d290000 - 0x00007ffb0d2a2000 	C:\Windows\SYSTEM32\kernel.appcore.dll
0x00007ffafc330000 - 0x00007ffafc33a000 	C:\Program Files\Microsoft\jdk-17.0.8.7-hotspot\bin\jimage.dll
0x00007ffafaaa0000 - 0x00007ffafac84000 	C:\Windows\SYSTEM32\DBGHELP.DLL
0x00007ffafaa60000 - 0x00007ffafaa94000 	C:\Windows\SYSTEM32\dbgcore.DLL
0x00007ffb0fbe0000 - 0x00007ffb0fc62000 	C:\Windows\System32\bcryptPrimitives.dll
0x00007ffaef180000 - 0x00007ffaef18e000 	C:\Program Files\Microsoft\jdk-17.0.8.7-hotspot\bin\instrument.dll
0x00007ffaf0300000 - 0x00007ffaf0325000 	C:\Program Files\Microsoft\jdk-17.0.8.7-hotspot\bin\java.dll
0x00007ffac2e80000 - 0x00007ffac2f57000 	C:\Program Files\Microsoft\jdk-17.0.8.7-hotspot\bin\jsvml.dll
0x00007ffb11110000 - 0x00007ffb11855000 	C:\Windows\System32\SHELL32.dll
0x00007ffb0d490000 - 0x00007ffb0dc2b000 	C:\Windows\SYSTEM32\windows.storage.dll
0x00007ffb10c90000 - 0x00007ffb10fe4000 	C:\Windows\System32\combase.dll
0x00007ffb0ed70000 - 0x00007ffb0ed9d000 	C:\Windows\SYSTEM32\Wldp.dll
0x00007ffb107a0000 - 0x00007ffb1084d000 	C:\Windows\System32\SHCORE.dll
0x00007ffb10440000 - 0x00007ffb10495000 	C:\Windows\System32\shlwapi.dll
0x00007ffb0f340000 - 0x00007ffb0f365000 	C:\Windows\SYSTEM32\profapi.dll
0x00007ffaf01c0000 - 0x00007ffaf01d8000 	C:\Program Files\Microsoft\jdk-17.0.8.7-hotspot\bin\zip.dll
0x00007ffaf02e0000 - 0x00007ffaf02f9000 	C:\Program Files\Microsoft\jdk-17.0.8.7-hotspot\bin\net.dll
0x00007ffb05d80000 - 0x00007ffb05e8a000 	C:\Windows\SYSTEM32\WINHTTP.dll
0x00007ffb0eb50000 - 0x00007ffb0ebba000 	C:\Windows\system32\mswsock.dll
0x00007ffaf02c0000 - 0x00007ffaf02d6000 	C:\Program Files\Microsoft\jdk-17.0.8.7-hotspot\bin\nio.dll
0x00007ffafbdc0000 - 0x00007ffafbdd0000 	C:\Program Files\Microsoft\jdk-17.0.8.7-hotspot\bin\verify.dll
0x00007ffae7d10000 - 0x00007ffae7d37000 	C:\Users\Lenovo\.gradle\native\68d5fa5c4cc2d200863cafc0d521ce42e7d3e7ee720ec0a83991735586a16f82\windows-amd64\native-platform.dll
0x00007ffabcdc0000 - 0x00007ffabcf04000 	C:\Users\Lenovo\.gradle\native\e376f236ea51e6404a007f0833ffe2c6e607c4080706a723a18a27aeea778392\windows-amd64\native-platform-file-events.dll
0x00007ffaf1020000 - 0x00007ffaf1029000 	C:\Program Files\Microsoft\jdk-17.0.8.7-hotspot\bin\management.dll
0x00007ffaef190000 - 0x00007ffaef19b000 	C:\Program Files\Microsoft\jdk-17.0.8.7-hotspot\bin\management_ext.dll
0x00007ffb10790000 - 0x00007ffb10798000 	C:\Windows\System32\PSAPI.DLL
0x00007ffb0f0b0000 - 0x00007ffb0f0c8000 	C:\Windows\SYSTEM32\CRYPTSP.dll
0x00007ffb0e430000 - 0x00007ffb0e464000 	C:\Windows\system32\rsaenh.dll
0x00007ffb0fc70000 - 0x00007ffb0fc97000 	C:\Windows\System32\bcrypt.dll
0x00007ffb0f300000 - 0x00007ffb0f32e000 	C:\Windows\SYSTEM32\USERENV.dll
0x00007ffb0ece0000 - 0x00007ffb0ecec000 	C:\Windows\SYSTEM32\CRYPTBASE.dll
0x00007ffb0e810000 - 0x00007ffb0e84b000 	C:\Windows\SYSTEM32\IPHLPAPI.DLL
0x00007ffb100f0000 - 0x00007ffb100f8000 	C:\Windows\System32\NSI.dll
0x00007ffb08050000 - 0x00007ffb08067000 	C:\Windows\SYSTEM32\dhcpcsvc6.DLL
0x00007ffb07480000 - 0x00007ffb0749d000 	C:\Windows\SYSTEM32\dhcpcsvc.DLL
0x00007ffb0e860000 - 0x00007ffb0e92a000 	C:\Windows\SYSTEM32\DNSAPI.dll
0x00007ffb0a220000 - 0x00007ffb0a22e000 	C:\Program Files\Microsoft\jdk-17.0.8.7-hotspot\bin\sunmscapi.dll
0x00007ffb0f410000 - 0x00007ffb0f56d000 	C:\Windows\System32\CRYPT32.dll
0x00007ffb0ede0000 - 0x00007ffb0ee07000 	C:\Windows\SYSTEM32\ncrypt.dll
0x00007ffb0eda0000 - 0x00007ffb0eddb000 	C:\Windows\SYSTEM32\NTASN1.dll
0x00007ffb0a210000 - 0x00007ffb0a217000 	C:\Windows\system32\wshunix.dll
0x00007ffb00c00000 - 0x00007ffb00c0a000 	C:\Windows\System32\rasadhlp.dll
0x00007ffb05ac0000 - 0x00007ffb05b40000 	C:\Windows\System32\fwpuclnt.dll
0x00007ffac2f60000 - 0x00007ffac2f77000 	C:\Windows\system32\napinsp.dll
0x00007ffac2f80000 - 0x00007ffac2f9b000 	C:\Windows\system32\pnrpnsp.dll
0x00007ffaf2390000 - 0x00007ffaf23a5000 	C:\Windows\system32\wshbth.dll
0x00007ffb0ad10000 - 0x00007ffb0ad2d000 	C:\Windows\system32\NLAapi.dll
0x00007ffac2fa0000 - 0x00007ffac2fb2000 	C:\Windows\System32\winrnr.dll

dbghelp: loaded successfully - version: 4.0.5 - missing functions: none
symbol engine: initialized successfully - sym options: 0x614 - pdb path: .;C:\Program Files\Microsoft\jdk-17.0.8.7-hotspot\bin;C:\Windows\SYSTEM32;C:\Windows\WinSxS\amd64_microsoft.windows.common-controls_6595b64144ccf1df_6.0.19041.3636_none_60b6a03d71f818d5;C:\Program Files\Microsoft\jdk-17.0.8.7-hotspot\bin\server;C:\Users\Lenovo\.gradle\native\68d5fa5c4cc2d200863cafc0d521ce42e7d3e7ee720ec0a83991735586a16f82\windows-amd64;C:\Users\Lenovo\.gradle\native\e376f236ea51e6404a007f0833ffe2c6e607c4080706a723a18a27aeea778392\windows-amd64

VM Arguments:
jvm_args: -XX:MaxMetaspaceSize=512m --add-opens=java.base/java.util=ALL-UNNAMED --add-opens=java.base/java.lang=ALL-UNNAMED --add-opens=java.base/java.lang.invoke=ALL-UNNAMED --add-opens=java.prefs/java.util.prefs=ALL-UNNAMED --add-opens=java.base/java.nio.charset=ALL-UNNAMED --add-opens=java.base/java.net=ALL-UNNAMED --add-opens=java.base/java.util.concurrent.atomic=ALL-UNNAMED -Xmx2048m -Dfile.encoding=windows-1252 -Duser.country=US -Duser.language=en -Duser.variant -javaagent:C:\Users\Lenovo\.gradle\wrapper\dists\gradle-8.3-all\6en3ugtfdg5xnpx44z4qbwgas\gradle-8.3\lib\agents\gradle-instrumentation-agent-8.3.jar 
java_command: org.gradle.launcher.daemon.bootstrap.GradleDaemon 8.3
java_class_path (initial): C:\Users\Lenovo\.gradle\wrapper\dists\gradle-8.3-all\6en3ugtfdg5xnpx44z4qbwgas\gradle-8.3\lib\gradle-launcher-8.3.jar
Launcher Type: SUN_STANDARD

[Global flags]
     intx CICompilerCount                          = 3                                         {product} {ergonomic}
   size_t CompressedClassSpaceSize                 = 436207616                                 {product} {ergonomic}
     uint ConcGCThreads                            = 1                                         {product} {ergonomic}
     uint G1ConcRefinementThreads                  = 4                                         {product} {ergonomic}
   size_t G1HeapRegionSize                         = 1048576                                   {product} {ergonomic}
    uintx GCDrainStackTargetSize                   = 64                                        {product} {ergonomic}
   size_t InitialHeapSize                          = 121634816                                 {product} {ergonomic}
   size_t MarkStackSize                            = 4194304                                   {product} {ergonomic}
   size_t MaxHeapSize                              = 2147483648                                {product} {command line}
   size_t MaxMetaspaceSize                         = 536870912                                 {product} {command line}
   size_t MaxNewSize                               = 1287651328                                {product} {ergonomic}
   size_t MinHeapDeltaBytes                        = 1048576                                   {product} {ergonomic}
   size_t MinHeapSize                              = 8388608                                   {product} {ergonomic}
    uintx NonNMethodCodeHeapSize                   = 5832780                                {pd product} {ergonomic}
    uintx NonProfiledCodeHeapSize                  = 122912730                              {pd product} {ergonomic}
    uintx ProfiledCodeHeapSize                     = 122912730                              {pd product} {ergonomic}
    uintx ReservedCodeCacheSize                    = 251658240                              {pd product} {ergonomic}
     bool SegmentedCodeCache                       = true                                      {product} {ergonomic}
   size_t SoftMaxHeapSize                          = 2147483648                             {manageable} {ergonomic}
     bool UseCompressedClassPointers               = true                           {product lp64_product} {ergonomic}
     bool UseCompressedOops                        = true                           {product lp64_product} {ergonomic}
     bool UseG1GC                                  = true                                      {product} {ergonomic}
     bool UseLargePagesIndividualAllocation        = false                                  {pd product} {ergonomic}

Logging:
Log output configuration:
 #0: stdout all=warning uptime,level,tags
 #1: stderr all=off uptime,level,tags

Environment Variables:
JAVA_HOME=C:\Program Files\Microsoft\jdk-17.0.8.7-hotspot\
CLASSPATH=C:\Users\Lenovo\RN\App\android\\gradle\wrapper\gradle-wrapper.jar
PATH=C:\Users\Lenovo\RN\App\node_modules\.bin;C:\Users\Lenovo\RN\App\node_modules\.bin;C:\Users\Lenovo\RN\node_modules\.bin;C:\Users\Lenovo\node_modules\.bin;C:\Users\node_modules\.bin;C:\node_modules\.bin;C:\Users\Lenovo\AppData\Roaming\npm\node_modules\npm\node_modules\@npmcli\run-script\lib\node-gyp-bin;C:\Users\Lenovo\RN\App\node_modules\.bin;C:\Users\Lenovo\RN\node_modules\.bin;C:\Users\Lenovo\node_modules\.bin;C:\Users\node_modules\.bin;C:\node_modules\.bin;C:\Users\Lenovo\AppData\Roaming\npm\node_modules\npm\node_modules\@npmcli\run-script\lib\node-gyp-bin;C:\Program Files\Microsoft\jdk-17.0.8.7-hotspot\bin;C:\Program Files\Microsoft\jdk-11.0.20.8-hotspot\bin;C:\Windows\system32;C:\Windows;C:\Windows\System32\Wbem;C:\Windows\System32\WindowsPowerShell\v1.0\;C:\Windows\System32\OpenSSH\;C:\ProgramData\chocolatey\bin;C:\Program Files\nodejs\;%LOCALAPPDATA%\Android\Sdk\platform-tools;C:\Program Files\Git\cmd;C:\Users\Lenovo\AppData\Local\Microsoft\WindowsApps;C:\Users\Lenovo\AppData\Roaming\npm;C:\Users\Lenovo\AppData\Local\Programs\Microsoft VS Code\bin
USERNAME=Lenovo
LANG=en_US.UTF-8
OS=Windows_NT
PROCESSOR_IDENTIFIER=Intel64 Family 6 Model 69 Stepping 1, GenuineIntel
TMP=C:\Users\Lenovo\AppData\Local\Temp
TEMP=C:\Users\Lenovo\AppData\Local\Temp



---------------  S Y S T E M  ---------------

OS:
 Windows 10 , 64 bit Build 19041 (10.0.19041.3636)
OS uptime: 5 days 23:44 hours
Hyper-V role detected

CPU: total 4 (initial active 4) (2 cores per cpu, 2 threads per core) family 6 model 69 stepping 1 microcode 0x25, cx8, cmov, fxsr, ht, mmx, sse, sse2, sse3, ssse3, sse4.1, sse4.2, popcnt, lzcnt, tsc, tscinvbit, avx, avx2, aes, erms, clmul, bmi1, bmi2, fma, vzeroupper, clflush, hv
Processor Information for all 4 processors :
  Max Mhz: 2501, Current Mhz: 1900, Mhz Limit: 1875

Memory: 4k page, system-wide physical 7392M (276M free)
TotalPageFile size 11630M (AvailPageFile size 1379M)
current process WorkingSet (physical memory assigned to process): 422M, peak: 422M
current process commit charge ("private bytes"): 569M, peak: 572M

vm_info: OpenJDK 64-Bit Server VM (17.0.8+7-LTS) for windows-amd64 JRE (17.0.8+7-LTS), built on Jul  7 2023 17:21:55 by "MicrosoftCorporation" with MS VC++ 16.10 / 16.11 (VS2019)

END.
