#
# A fatal error has been detected by the Java Runtime Environment:
#
#  EXCEPTION_ACCESS_VIOLATION (0xc0000005) at pc=0x00007ffaa123e0a9, pid=10552, tid=5084
#
# JRE version: OpenJDK Runtime Environment Microsoft-8035246 (17.0.8+7) (build 17.0.8+7-LTS)
# Java VM: OpenJDK 64-Bit Server VM Microsoft-8035246 (17.0.8+7-LTS, mixed mode, sharing, tiered, compressed oops, compressed class ptrs, g1 gc, windows-amd64)
# Problematic frame:
# V  [jvm.dll+0x2be0a9]
#
# No core dump will be written. Minidumps are not enabled by default on client versions of Windows
#
# If you would like to submit a bug report, please visit:
#   https://github.com/microsoft/openjdk/issues
#

---------------  S U M M A R Y ------------

Command Line: -XX:MaxMetaspaceSize=512m --add-opens=java.base/java.util=ALL-UNNAMED --add-opens=java.base/java.lang=ALL-UNNAMED --add-opens=java.base/java.lang.invoke=ALL-UNNAMED --add-opens=java.prefs/java.util.prefs=ALL-UNNAMED --add-opens=java.base/java.nio.charset=ALL-UNNAMED --add-opens=java.base/java.net=ALL-UNNAMED --add-opens=java.base/java.util.concurrent.atomic=ALL-UNNAMED -Xmx2048m -Dfile.encoding=windows-1252 -Duser.country=US -Duser.language=en -Duser.variant -javaagent:C:\Users\Lenovo\.gradle\wrapper\dists\gradle-8.3-all\6en3ugtfdg5xnpx44z4qbwgas\gradle-8.3\lib\agents\gradle-instrumentation-agent-8.3.jar org.gradle.launcher.daemon.bootstrap.GradleDaemon 8.3

Host: Intel(R) Core(TM) i5-4300U CPU @ 1.90GHz, 4 cores, 7G,  Windows 10 , 64 bit Build 19041 (10.0.19041.3636)
Time: Thu Dec 21 19:09:10 2023 Pakistan Standard Time elapsed time: 61.040503 seconds (0d 0h 1m 1s)

---------------  T H R E A D  ---------------

Current thread (0x00000292dec8a600):  JavaThread "C2 CompilerThread1" daemon [_thread_in_native, id=5084, stack(0x000000ce66600000,0x000000ce66700000)]


Current CompileTask:
C2:  61040 15147   !   4       org.gradle.cache.internal.DefaultMultiProcessSafeIndexedCache::getIfPresent (25 bytes)

Stack: [0x000000ce66600000,0x000000ce66700000],  sp=0x000000ce666fb660,  free space=1005k
Native frames: (J=compiled Java code, j=interpreted, Vv=VM code, C=native code)
V  [jvm.dll+0x2be0a9]
V  [jvm.dll+0x21ba8b]
V  [jvm.dll+0x21944b]
V  [jvm.dll+0x1a56b6]
V  [jvm.dll+0x2291ea]
V  [jvm.dll+0x22724c]
V  [jvm.dll+0x7efd0c]
V  [jvm.dll+0x7ea13a]
V  [jvm.dll+0x67ad85]
C  [ucrtbase.dll+0x21bb2]
C  [KERNEL32.DLL+0x17344]
C  [ntdll.dll+0x526b1]


siginfo: EXCEPTION_ACCESS_VIOLATION (0xc0000005), reading address 0x0000000000000028


Register to memory mapping:

RIP=0x00007ffaa123e0a9 jvm.dll
RAX=0x00000292e3795050 points into unknown readable memory: 0x0000000000000000 | 00 00 00 00 00 00 00 00
RBX=0x00000000000018ca is an unknown value
RCX=0x0 is NULL
RDX=0x0 is NULL
RSP=0x000000ce666fb660 is pointing into the stack for thread: 0x00000292dec8a600
RBP=0x000000ce666fb6d0 is pointing into the stack for thread: 0x00000292dec8a600
RSI=0x0 is NULL
RDI=0x000000000000004d is an unknown value
R8 =0x000000000000ffe0 is an unknown value
R9 =0x0 is NULL
R10=0x00007ffaed150000 VCRUNTIME140.dll
R11=0x00000292e3795070 points into unknown readable memory: 0x0000000000000000 | 00 00 00 00 00 00 00 00
R12=0x0000000000000050 is an unknown value
R13=0x0 is NULL
R14=0x0 is NULL
R15=0x000000ce666fe880 is pointing into the stack for thread: 0x00000292dec8a600


Registers:
RAX=0x00000292e3795050, RBX=0x00000000000018ca, RCX=0x0000000000000000, RDX=0x0000000000000000
RSP=0x000000ce666fb660, RBP=0x000000ce666fb6d0, RSI=0x0000000000000000, RDI=0x000000000000004d
R8 =0x000000000000ffe0, R9 =0x0000000000000000, R10=0x00007ffaed150000, R11=0x00000292e3795070
R12=0x0000000000000050, R13=0x0000000000000000, R14=0x0000000000000000, R15=0x000000ce666fe880
RIP=0x00007ffaa123e0a9, EFLAGS=0x0000000000010202

Top of Stack: (sp=0x000000ce666fb660)
0x000000ce666fb660:   00000000000018ca 0000000000000000
0x000000ce666fb670:   000000ce666fe880 00007ffaa11a38d1
0x000000ce666fb680:   00000292e2403390 00007ffa00002000
0x000000ce666fb690:   00000292e3795050 0000000000000000
0x000000ce666fb6a0:   0000000000000002 00000292e80b82e0
0x000000ce666fb6b0:   0000000000000002 00000292e2403390
0x000000ce666fb6c0:   0000000000000000 0000000000000000
0x000000ce666fb6d0:   00000292e24f7c30 000002929e602a40
0x000000ce666fb6e0:   000000000000004d 00007ffaa18c4c08
0x000000ce666fb6f0:   000000ce666fb800 00007ffaa119ba8b
0x000000ce666fb700:   000000ce666fe880 00007ffaa18c4c08
0x000000ce666fb710:   000000ce666fe880 000000ce666fb800
0x000000ce666fb720:   0000029200000000 00007ffaa159b7fb
0x000000ce666fb730:   000000ce0000000f 000000ce666fe880
0x000000ce666fb740:   000000ce666fb8b0 0000000000000000
0x000000ce666fb750:   0000029200000100 00007ffaa18c4c08 

Instructions: (pc=0x00007ffaa123e0a9)
0x00007ffaa123dfa9:   3b d0 75 0b ff c1 41 3b c9 7c dc 48 8b c2 c3 33
0x00007ffaa123dfb9:   c0 c3 cc cc cc cc cc 48 89 5c 24 18 55 56 57 41
0x00007ffaa123dfc9:   55 41 57 48 8b ec 48 83 ec 70 65 48 8b 04 25 58
0x00007ffaa123dfd9:   00 00 00 48 8b f2 44 8b 05 d2 8b 90 00 4c 8b f9
0x00007ffaa123dfe9:   4a 8b 1c c0 b8 50 00 00 00 80 3c 18 00 75 05 e8
0x00007ffaa123dff9:   8b 6f 5d 00 b8 20 00 00 00 48 8b 04 18 48 8b 98
0x00007ffaa123e009:   38 02 00 00 48 89 5d b0 c7 45 b8 04 00 00 00 48
0x00007ffaa123e019:   8b 43 18 48 83 f8 df 76 18 4c 8d 05 37 a9 65 00
0x00007ffaa123e029:   ba 20 00 00 00 48 8b cb e8 5a eb de ff 48 8b 43
0x00007ffaa123e039:   18 48 8d 48 20 48 3b 4b 20 76 11 45 33 c0 48 8b
0x00007ffaa123e049:   cb 41 8d 50 20 e8 fd e8 de ff eb 04 48 89 4b 18
0x00007ffaa123e059:   44 8b 45 b8 33 d2 49 c1 e0 03 48 8b c8 48 89 45
0x00007ffaa123e069:   c0 e8 e3 80 5d 00 45 33 ed 48 8d 4d d0 44 89 6d
0x00007ffaa123e079:   c8 e8 01 59 56 00 41 8b 9f 40 02 00 00 41 2b 9f
0x00007ffaa123e089:   68 02 00 00 44 89 6d f0 3b 5d b8 72 0b 8b d3 48
0x00007ffaa123e099:   8d 4d b0 e8 6f b3 39 00 48 8b 45 c0 4c 89 2c d8
0x00007ffaa123e0a9:   8b 7e 28 8b df c1 eb 05 3b 5d d0 72 0b 8b d3 48
0x00007ffaa123e0b9:   8d 4d d0 e8 1f 59 56 00 48 8b 45 d8 83 e7 1f 48
0x00007ffaa123e0c9:   8d 14 98 40 0f b6 cf 41 b8 01 00 00 00 41 d3 e0
0x00007ffaa123e0d9:   8b 0a 8b c1 41 0b c0 89 02 41 85 c8 75 21 8b 5d
0x00007ffaa123e0e9:   c8 8d 43 01 89 45 c8 3b 5d b8 72 0b 8b d3 48 8d
0x00007ffaa123e0f9:   4d b0 e8 10 b3 39 00 48 8b 45 c0 48 89 34 d8 44
0x00007ffaa123e109:   39 6d c8 0f 86 77 01 00 00 4c 89 a4 24 a0 00 00
0x00007ffaa123e119:   00 4c 89 b4 24 a8 00 00 00 48 8b 45 c0 41 8b cd
0x00007ffaa123e129:   48 8b 34 c8 8b 46 2c 25 ff 1f 00 00 3d 04 10 00
0x00007ffaa123e139:   00 0f 85 a7 00 00 00 bb 01 00 00 00 39 5e 18 76
0x00007ffaa123e149:   39 66 0f 1f 44 00 00 48 8b 46 08 8b cb 48 8b 14
0x00007ffaa123e159:   c8 48 85 d2 74 1d 48 83 7a 10 00 74 16 80 7a 2c
0x00007ffaa123e169:   84 74 10 e8 7f 7e ee ff 48 8b d0 49 8b cf e8 a4
0x00007ffaa123e179:   61 f6 ff ff c3 3b 5e 18 72 cd 48 8b 5e 10 8b 46
0x00007ffaa123e189:   20 4c 8d 34 c3 49 3b de 73 54 48 8b 3b 8b 47 2c
0x00007ffaa123e199:   83 e0 03 3c 03 75 2e 48 8b 07 48 8b cf ff 90 88 


Stack slot to memory mapping:
stack at sp + 0 slots: 0x00000000000018ca is an unknown value
stack at sp + 1 slots: 0x0 is NULL
stack at sp + 2 slots: 0x000000ce666fe880 is pointing into the stack for thread: 0x00000292dec8a600
stack at sp + 3 slots: 0x00007ffaa11a38d1 jvm.dll
stack at sp + 4 slots: 0x00000292e2403390 points into unknown readable memory: 0x0000000000000006 | 06 00 00 00 00 00 00 00
stack at sp + 5 slots: 0x00007ffa00002000 is an unknown value
stack at sp + 6 slots: 0x00000292e3795050 points into unknown readable memory: 0x0000000000000000 | 00 00 00 00 00 00 00 00
stack at sp + 7 slots: 0x0 is NULL


---------------  P R O C E S S  ---------------

Threads class SMR info:
_java_thread_list=0x00000292e3ef1530, length=95, elements={
0x000002929e5eb990, 0x00000292bc17ddd0, 0x00000292bc17eb60, 0x00000292bc1962a0,
0x00000292bc199340, 0x00000292bc19ad80, 0x00000292bc19b650, 0x00000292bc19c300,
0x00000292bc19ccc0, 0x00000292bc1a85c0, 0x00000292bc3af6c0, 0x00000292bc3af1b0,
0x00000292bc3abf10, 0x00000292bc3ac930, 0x00000292bc3ad350, 0x00000292bc3ace40,
0x00000292bc3ad860, 0x00000292bc3ac420, 0x00000292bc3add70, 0x00000292bc3ae280,
0x00000292bc3aeca0, 0x00000292dcc89d80, 0x00000292dcc8bbe0, 0x00000292dcc88940,
0x00000292dcc85190, 0x00000292dcc8c0f0, 0x00000292dcc8a7a0, 0x00000292dcc856a0,
0x00000292dcc86ae0, 0x00000292dcc8b1c0, 0x00000292dcc88430, 0x00000292dcc89870,
0x00000292dcc88e50, 0x00000292dcc865d0, 0x00000292dcc8acb0, 0x00000292dcc8c600,
0x00000292dcc85bb0, 0x00000292dcc8b6d0, 0x00000292dcc87500, 0x00000292dcc8cb10,
0x00000292dcc860c0, 0x00000292dcc87a10, 0x00000292bc3ae790, 0x00000292ded1ea70,
0x00000292ded18f50, 0x00000292ded1a390, 0x00000292ded18530, 0x00000292ded1db40,
0x00000292ded1feb0, 0x00000292ded1e050, 0x00000292ded18a40, 0x00000292ded19460,
0x00000292ded19e80, 0x00000292ded1b7d0, 0x00000292ded1c1f0, 0x00000292ded1d120,
0x00000292ded1ef80, 0x00000292ded1f490, 0x00000292ded1d630, 0x00000292ded1f9a0,
0x00000292ded1a8a0, 0x00000292ded1b2c0, 0x00000292ded1cc10, 0x00000292ded1bce0,
0x00000292ded19970, 0x00000292ded1c700, 0x00000292dd66f100, 0x00000292dd66e6e0,
0x00000292dd66af30, 0x00000292dd667c90, 0x00000292dd66a510, 0x00000292dd66f610,
0x00000292dd66e1d0, 0x00000292dd66c880, 0x00000292dd6681a0, 0x00000292dd66aa20,
0x00000292dd669af0, 0x00000292dd66d7b0, 0x00000292dec8a600, 0x00000292e3828ed0,
0x00000292e38289c0, 0x00000292e38238c0, 0x00000292e38247f0, 0x00000292e3824d00,
0x00000292e3825210, 0x00000292e3826140, 0x00000292e3827a90, 0x00000292e3825720,
0x00000292e3827fa0, 0x00000292e3827580, 0x00000292e3823dd0, 0x00000292e3821f70,
0x00000292e3825c30, 0x00000292e38284b0, 0x00000292e3827070
}

Java Threads: ( => current thread )
  0x000002929e5eb990 JavaThread "main" [_thread_blocked, id=3048, stack(0x000000ce62600000,0x000000ce62700000)]
  0x00000292bc17ddd0 JavaThread "Reference Handler" daemon [_thread_blocked, id=11612, stack(0x000000ce62d00000,0x000000ce62e00000)]
  0x00000292bc17eb60 JavaThread "Finalizer" daemon [_thread_blocked, id=7680, stack(0x000000ce62e00000,0x000000ce62f00000)]
  0x00000292bc1962a0 JavaThread "Signal Dispatcher" daemon [_thread_blocked, id=4736, stack(0x000000ce62f00000,0x000000ce63000000)]
  0x00000292bc199340 JavaThread "Attach Listener" daemon [_thread_blocked, id=6476, stack(0x000000ce63000000,0x000000ce63100000)]
  0x00000292bc19ad80 JavaThread "Service Thread" daemon [_thread_blocked, id=11148, stack(0x000000ce63100000,0x000000ce63200000)]
  0x00000292bc19b650 JavaThread "Monitor Deflation Thread" daemon [_thread_blocked, id=8100, stack(0x000000ce63200000,0x000000ce63300000)]
  0x00000292bc19c300 JavaThread "C2 CompilerThread0" daemon [_thread_in_native, id=12044, stack(0x000000ce63300000,0x000000ce63400000)]
  0x00000292bc19ccc0 JavaThread "C1 CompilerThread0" daemon [_thread_blocked, id=12644, stack(0x000000ce63400000,0x000000ce63500000)]
  0x00000292bc1a85c0 JavaThread "Sweeper thread" daemon [_thread_blocked, id=12892, stack(0x000000ce63500000,0x000000ce63600000)]
  0x00000292bc3af6c0 JavaThread "Common-Cleaner" daemon [_thread_blocked, id=12816, stack(0x000000ce63600000,0x000000ce63700000)]
  0x00000292bc3af1b0 JavaThread "Notification Thread" daemon [_thread_blocked, id=8624, stack(0x000000ce63700000,0x000000ce63800000)]
  0x00000292bc3abf10 JavaThread "Daemon health stats" [_thread_blocked, id=2900, stack(0x000000ce63d00000,0x000000ce63e00000)]
  0x00000292bc3ac930 JavaThread "Incoming local TCP Connector on port 61683" [_thread_in_native, id=9028, stack(0x000000ce63e00000,0x000000ce63f00000)]
  0x00000292bc3ad350 JavaThread "Daemon periodic checks" [_thread_blocked, id=11716, stack(0x000000ce63f00000,0x000000ce64000000)]
  0x00000292bc3ace40 JavaThread "Daemon" [_thread_blocked, id=6092, stack(0x000000ce64000000,0x000000ce64100000)]
  0x00000292bc3ad860 JavaThread "Handler for socket connection from /127.0.0.1:61683 to /127.0.0.1:61684" [_thread_in_native, id=4636, stack(0x000000ce64100000,0x000000ce64200000)]
  0x00000292bc3ac420 JavaThread "Cancel handler" [_thread_blocked, id=8036, stack(0x000000ce64200000,0x000000ce64300000)]
  0x00000292bc3add70 JavaThread "Daemon worker" [_thread_blocked, id=10952, stack(0x000000ce64300000,0x000000ce64400000)]
  0x00000292bc3ae280 JavaThread "Asynchronous log dispatcher for DefaultDaemonConnection: socket connection from /127.0.0.1:61683 to /127.0.0.1:61684" [_thread_blocked, id=5168, stack(0x000000ce64400000,0x000000ce64500000)]
  0x00000292bc3aeca0 JavaThread "Stdin handler" [_thread_blocked, id=12420, stack(0x000000ce64500000,0x000000ce64600000)]
  0x00000292dcc89d80 JavaThread "Daemon client event forwarder" [_thread_blocked, id=5584, stack(0x000000ce64600000,0x000000ce64700000)]
  0x00000292dcc8bbe0 JavaThread "Cache worker for journal cache (C:\Users\Lenovo\.gradle\caches\journal-1)" [_thread_blocked, id=8068, stack(0x000000ce64700000,0x000000ce64800000)]
  0x00000292dcc88940 JavaThread "File lock request listener" [_thread_in_native, id=7232, stack(0x000000ce64800000,0x000000ce64900000)]
  0x00000292dcc85190 JavaThread "Cache worker for file hash cache (C:\Users\Lenovo\.gradle\caches\8.3\fileHashes)" [_thread_blocked, id=11572, stack(0x000000ce64900000,0x000000ce64a00000)]
  0x00000292dcc8c0f0 JavaThread "File watcher server" daemon [_thread_in_native, id=5356, stack(0x000000ce64a00000,0x000000ce64b00000)]
  0x00000292dcc8a7a0 JavaThread "File watcher consumer" daemon [_thread_blocked, id=6800, stack(0x000000ce64b00000,0x000000ce64c00000)]
  0x00000292dcc856a0 JavaThread "Cache worker for checksums cache (C:\Users\Lenovo\RN\App\android\.gradle\8.3\checksums)" [_thread_blocked, id=8884, stack(0x000000ce63900000,0x000000ce63a00000)]
  0x00000292dcc86ae0 JavaThread "Cache worker for file hash cache (C:\Users\Lenovo\RN\App\android\.gradle\8.3\fileHashes)" [_thread_blocked, id=7920, stack(0x000000ce64c00000,0x000000ce64d00000)]
  0x00000292dcc8b1c0 JavaThread "Cache worker for cache directory md-supplier (C:\Users\Lenovo\.gradle\caches\8.3\md-supplier)" [_thread_blocked, id=11308, stack(0x000000ce64d00000,0x000000ce64e00000)]
  0x00000292dcc88430 JavaThread "Cache worker for file content cache (C:\Users\Lenovo\.gradle\caches\8.3\fileContent)" [_thread_blocked, id=1476, stack(0x000000ce64e00000,0x000000ce64f00000)]
  0x00000292dcc89870 JavaThread "Cache worker for cache directory md-rule (C:\Users\Lenovo\.gradle\caches\8.3\md-rule)" [_thread_blocked, id=8976, stack(0x000000ce65000000,0x000000ce65100000)]
  0x00000292dcc88e50 JavaThread "Cache worker for execution history cache (C:\Users\Lenovo\.gradle\caches\8.3\executionHistory)" [_thread_blocked, id=12408, stack(0x000000ce65100000,0x000000ce65200000)]
  0x00000292dcc865d0 JavaThread "jar transforms" [_thread_blocked, id=10008, stack(0x000000ce65300000,0x000000ce65400000)]
  0x00000292dcc8acb0 JavaThread "jar transforms Thread 2" [_thread_blocked, id=8512, stack(0x000000ce65400000,0x000000ce65500000)]
  0x00000292dcc8c600 JavaThread "jar transforms Thread 3" [_thread_blocked, id=12532, stack(0x000000ce65500000,0x000000ce65600000)]
  0x00000292dcc85bb0 JavaThread "jar transforms Thread 4" [_thread_blocked, id=1312, stack(0x000000ce65600000,0x000000ce65700000)]
  0x00000292dcc8b6d0 JavaThread "Cache worker for kotlin-dsl (C:\Users\Lenovo\.gradle\caches\8.3\kotlin-dsl)" [_thread_blocked, id=2904, stack(0x000000ce65700000,0x000000ce65800000)]
  0x00000292dcc87500 JavaThread "Unconstrained build operations" [_thread_blocked, id=964, stack(0x000000ce65800000,0x000000ce65900000)]
  0x00000292dcc8cb10 JavaThread "Unconstrained build operations Thread 2" [_thread_blocked, id=11176, stack(0x000000ce65900000,0x000000ce65a00000)]
  0x00000292dcc860c0 JavaThread "Cache worker for dependencies-accessors (C:\Users\Lenovo\RN\App\android\.gradle\8.3\dependencies-accessors)" [_thread_blocked, id=2128, stack(0x000000ce65a00000,0x000000ce65b00000)]
  0x00000292dcc87a10 JavaThread "Cache worker for Build Output Cleanup Cache (C:\Users\Lenovo\RN\App\node_modules\@react-native\gradle-plugin\.gradle\buildOutputCleanup)" [_thread_blocked, id=3512, stack(0x000000ce65b00000,0x000000ce65c00000)]
  0x00000292bc3ae790 JavaThread "Unconstrained build operations Thread 3" [_thread_blocked, id=3364, stack(0x000000ce65c00000,0x000000ce65d00000)]
  0x00000292ded1ea70 JavaThread "Unconstrained build operations Thread 4" [_thread_blocked, id=7100, stack(0x000000ce65d00000,0x000000ce65e00000)]
  0x00000292ded18f50 JavaThread "Unconstrained build operations Thread 5" [_thread_blocked, id=9848, stack(0x000000ce65e00000,0x000000ce65f00000)]
  0x00000292ded1a390 JavaThread "Memory manager" [_thread_blocked, id=4168, stack(0x000000ce65f00000,0x000000ce66000000)]
  0x00000292ded18530 JavaThread "Cache worker for Build Output Cleanup Cache (C:\Users\Lenovo\RN\App\android\.gradle\buildOutputCleanup)" [_thread_blocked, id=7820, stack(0x000000ce66000000,0x000000ce66100000)]
  0x00000292ded1db40 JavaThread "ForkJoinPool.commonPool-worker-1" daemon [_thread_blocked, id=3392, stack(0x000000ce66100000,0x000000ce66200000)]
  0x00000292ded1feb0 JavaThread "ForkJoinPool.commonPool-worker-2" daemon [_thread_blocked, id=8588, stack(0x000000ce66200000,0x000000ce66300000)]
  0x00000292ded1e050 JavaThread "ForkJoinPool.commonPool-worker-3" daemon [_thread_blocked, id=12684, stack(0x000000ce66300000,0x000000ce66400000)]
  0x00000292ded18a40 JavaThread "Exec process" daemon [_thread_blocked, id=5876, stack(0x000000ce66400000,0x000000ce66500000)]
  0x00000292ded19460 JavaThread "Exec process Thread 2" daemon [_thread_blocked, id=10028, stack(0x000000ce65200000,0x000000ce65300000)]
  0x00000292ded19e80 JavaThread "Exec process Thread 3" daemon [_thread_blocked, id=2968, stack(0x000000ce66500000,0x000000ce66600000)]
  0x00000292ded1b7d0 JavaThread "included builds" [_thread_blocked, id=10688, stack(0x000000ce66700000,0x000000ce66800000)]
  0x00000292ded1c1f0 JavaThread "Execution worker" [_thread_blocked, id=8632, stack(0x000000ce66800000,0x000000ce66900000)]
  0x00000292ded1d120 JavaThread "Execution worker Thread 2" [_thread_blocked, id=11512, stack(0x000000ce66900000,0x000000ce66a00000)]
  0x00000292ded1ef80 JavaThread "Execution worker Thread 3" [_thread_blocked, id=11776, stack(0x000000ce66a00000,0x000000ce66b00000)]
  0x00000292ded1f490 JavaThread "Cache worker for execution history cache (C:\Users\Lenovo\RN\App\node_modules\@react-native\gradle-plugin\.gradle\8.3\executionHistory)" [_thread_blocked, id=1524, stack(0x000000ce66b00000,0x000000ce66c00000)]
  0x00000292ded1d630 JavaThread "Unconstrained build operations Thread 6" [_thread_blocked, id=6524, stack(0x000000ce66c00000,0x000000ce66d00000)]
  0x00000292ded1f9a0 JavaThread "Unconstrained build operations Thread 7" [_thread_blocked, id=2224, stack(0x000000ce66d00000,0x000000ce66e00000)]
  0x00000292ded1a8a0 JavaThread "Unconstrained build operations Thread 8" [_thread_blocked, id=7196, stack(0x000000ce66e00000,0x000000ce66f00000)]
  0x00000292ded1b2c0 JavaThread "Unconstrained build operations Thread 9" [_thread_blocked, id=7360, stack(0x000000ce66f00000,0x000000ce67000000)]
  0x00000292ded1cc10 JavaThread "Unconstrained build operations Thread 10" [_thread_blocked, id=7656, stack(0x000000ce67000000,0x000000ce67100000)]
  0x00000292ded1bce0 JavaThread "Unconstrained build operations Thread 11" [_thread_blocked, id=2820, stack(0x000000ce67100000,0x000000ce67200000)]
  0x00000292ded19970 JavaThread "Unconstrained build operations Thread 12" [_thread_blocked, id=2368, stack(0x000000ce67200000,0x000000ce67300000)]
  0x00000292ded1c700 JavaThread "Unconstrained build operations Thread 13" [_thread_blocked, id=8500, stack(0x000000ce67300000,0x000000ce67400000)]
  0x00000292dd66f100 JavaThread "Unconstrained build operations Thread 14" [_thread_blocked, id=7904, stack(0x000000ce67600000,0x000000ce67700000)]
  0x00000292dd66e6e0 JavaThread "Unconstrained build operations Thread 15" [_thread_blocked, id=636, stack(0x000000ce67700000,0x000000ce67800000)]
  0x00000292dd66af30 JavaThread "Unconstrained build operations Thread 16" [_thread_blocked, id=5408, stack(0x000000ce67800000,0x000000ce67900000)]
  0x00000292dd667c90 JavaThread "Unconstrained build operations Thread 17" [_thread_blocked, id=6644, stack(0x000000ce67900000,0x000000ce67a00000)]
  0x00000292dd66a510 JavaThread "Unconstrained build operations Thread 18" [_thread_blocked, id=6124, stack(0x000000ce67a00000,0x000000ce67b00000)]
  0x00000292dd66f610 JavaThread "Unconstrained build operations Thread 19" [_thread_blocked, id=8656, stack(0x000000ce67b00000,0x000000ce67c00000)]
  0x00000292dd66e1d0 JavaThread "Unconstrained build operations Thread 20" [_thread_blocked, id=12136, stack(0x000000ce67c00000,0x000000ce67d00000)]
  0x00000292dd66c880 JavaThread "Unconstrained build operations Thread 21" [_thread_blocked, id=6128, stack(0x000000ce67d00000,0x000000ce67e00000)]
  0x00000292dd6681a0 JavaThread "Unconstrained build operations Thread 22" [_thread_blocked, id=12088, stack(0x000000ce67e00000,0x000000ce67f00000)]
  0x00000292dd66aa20 JavaThread "Unconstrained build operations Thread 23" [_thread_blocked, id=9952, stack(0x000000ce67f00000,0x000000ce68000000)]
  0x00000292dd669af0 JavaThread "Unconstrained build operations Thread 24" [_thread_blocked, id=6868, stack(0x000000ce68000000,0x000000ce68100000)]
  0x00000292dd66d7b0 JavaThread "Unconstrained build operations Thread 25" [_thread_blocked, id=2948, stack(0x000000ce68100000,0x000000ce68200000)]
=>0x00000292dec8a600 JavaThread "C2 CompilerThread1" daemon [_thread_in_native, id=5084, stack(0x000000ce66600000,0x000000ce66700000)]
  0x00000292e3828ed0 JavaThread "Unconstrained build operations Thread 26" [_thread_blocked, id=5236, stack(0x000000ce68200000,0x000000ce68300000)]
  0x00000292e38289c0 JavaThread "Unconstrained build operations Thread 27" [_thread_blocked, id=11392, stack(0x000000ce68300000,0x000000ce68400000)]
  0x00000292e38238c0 JavaThread "Unconstrained build operations Thread 28" [_thread_blocked, id=7932, stack(0x000000ce68400000,0x000000ce68500000)]
  0x00000292e38247f0 JavaThread "Unconstrained build operations Thread 29" [_thread_blocked, id=8232, stack(0x000000ce68500000,0x000000ce68600000)]
  0x00000292e3824d00 JavaThread "Unconstrained build operations Thread 30" [_thread_blocked, id=7312, stack(0x000000ce68600000,0x000000ce68700000)]
  0x00000292e3825210 JavaThread "Unconstrained build operations Thread 31" [_thread_blocked, id=9416, stack(0x000000ce68700000,0x000000ce68800000)]
  0x00000292e3826140 JavaThread "Unconstrained build operations Thread 32" [_thread_blocked, id=8052, stack(0x000000ce68800000,0x000000ce68900000)]
  0x00000292e3827a90 JavaThread "Unconstrained build operations Thread 33" [_thread_blocked, id=9748, stack(0x000000ce68900000,0x000000ce68a00000)]
  0x00000292e3825720 JavaThread "Unconstrained build operations Thread 34" [_thread_blocked, id=1628, stack(0x000000ce68a00000,0x000000ce68b00000)]
  0x00000292e3827fa0 JavaThread "Unconstrained build operations Thread 35" [_thread_blocked, id=7372, stack(0x000000ce68b00000,0x000000ce68c00000)]
  0x00000292e3827580 JavaThread "Unconstrained build operations Thread 36" [_thread_blocked, id=1464, stack(0x000000ce68c00000,0x000000ce68d00000)]
  0x00000292e3823dd0 JavaThread "Unconstrained build operations Thread 37" [_thread_blocked, id=9484, stack(0x000000ce68d00000,0x000000ce68e00000)]
  0x00000292e3821f70 JavaThread "Unconstrained build operations Thread 38" [_thread_blocked, id=10692, stack(0x000000ce68e00000,0x000000ce68f00000)]
  0x00000292e3825c30 JavaThread "Unconstrained build operations Thread 39" [_thread_blocked, id=12436, stack(0x000000ce68f00000,0x000000ce69000000)]
  0x00000292e38284b0 JavaThread "Unconstrained build operations Thread 40" [_thread_blocked, id=672, stack(0x000000ce69000000,0x000000ce69100000)]
  0x00000292e3827070 JavaThread "Cache worker for execution history cache (C:\Users\Lenovo\RN\App\android\.gradle\8.3\executionHistory)" [_thread_blocked, id=5140, stack(0x000000ce69100000,0x000000ce69200000)]

Other Threads:
  0x00000292bc1782a0 VMThread "VM Thread" [stack: 0x000000ce62c00000,0x000000ce62d00000] [id=10472]
  0x000002929e5ec860 WatcherThread [stack: 0x000000ce63800000,0x000000ce63900000] [id=12344]
  0x000002929e649c10 GCTaskThread "GC Thread#0" [stack: 0x000000ce62700000,0x000000ce62800000] [id=9048]
  0x00000292bc9f3810 GCTaskThread "GC Thread#1" [stack: 0x000000ce63a00000,0x000000ce63b00000] [id=7392]
  0x00000292bc619f90 GCTaskThread "GC Thread#2" [stack: 0x000000ce63b00000,0x000000ce63c00000] [id=10420]
  0x00000292bce47070 GCTaskThread "GC Thread#3" [stack: 0x000000ce63c00000,0x000000ce63d00000] [id=6356]
  0x000002929e65aa70 ConcurrentGCThread "G1 Main Marker" [stack: 0x000000ce62800000,0x000000ce62900000] [id=248]
  0x000002929e65bb30 ConcurrentGCThread "G1 Conc#0" [stack: 0x000000ce62900000,0x000000ce62a00000] [id=5848]
  0x00000292bc0340b0 ConcurrentGCThread "G1 Refine#0" [stack: 0x000000ce62a00000,0x000000ce62b00000] [id=2096]
  0x00000292df392250 ConcurrentGCThread "G1 Refine#1" [stack: 0x000000ce64f00000,0x000000ce65000000] [id=13144]
  0x00000292bc0349f0 ConcurrentGCThread "G1 Service" [stack: 0x000000ce62b00000,0x000000ce62c00000] [id=5648]

Threads with active compile tasks:
C2 CompilerThread0    61204 15148       4       org.gradle.cache.internal.DefaultCacheCoordinator$UnitOfWorkFileAccess::readFile (14 bytes)
C2 CompilerThread1    61204 15147   !   4       org.gradle.cache.internal.DefaultMultiProcessSafeIndexedCache::getIfPresent (25 bytes)

VM state: not at safepoint (normal execution)

VM Mutex/Monitor currently owned by a thread: None

Heap address: 0x0000000080000000, size: 2048 MB, Compressed Oops mode: 32-bit

CDS archive(s) mapped at: [0x00000292bd000000-0x00000292bdbd0000-0x00000292bdbd0000), size 12386304, SharedBaseAddress: 0x00000292bd000000, ArchiveRelocationMode: 1.
Compressed class space mapped at: 0x00000292be000000-0x00000292d8000000, reserved size: 436207616
Narrow klass base: 0x00000292bd000000, Narrow klass shift: 0, Narrow klass range: 0x100000000

GC Precious Log:
 CPUs: 4 total, 4 available
 Memory: 7392M
 Large Page Support: Disabled
 NUMA Support: Disabled
 Compressed Oops: Enabled (32-bit)
 Heap Region Size: 1M
 Heap Min Capacity: 8M
 Heap Initial Capacity: 116M
 Heap Max Capacity: 2G
 Pre-touch: Disabled
 Parallel Workers: 4
 Concurrent Workers: 1
 Concurrent Refinement Workers: 4
 Periodic GC: Disabled

Heap:
 garbage-first heap   total 267264K, used 186407K [0x0000000080000000, 0x0000000100000000)
  region size 1024K, 17 young (17408K), 4 survivors (4096K)
 Metaspace       used 98868K, committed 99904K, reserved 557056K
  class space    used 13816K, committed 14336K, reserved 425984K

Heap Regions: E=young(eden), S=young(survivor), O=old, HS=humongous(starts), HC=humongous(continues), CS=collection set, F=free, OA=open archive, CA=closed archive, TAMS=top-at-mark-start (previous, next)
|   0|0x0000000080000000, 0x0000000080100000, 0x0000000080100000|100%| O|  |TAMS 0x0000000080100000, 0x0000000080000000| Untracked 
|   1|0x0000000080100000, 0x0000000080200000, 0x0000000080200000|100%| O|  |TAMS 0x0000000080200000, 0x0000000080100000| Untracked 
|   2|0x0000000080200000, 0x0000000080300000, 0x0000000080300000|100%|HS|  |TAMS 0x0000000080300000, 0x0000000080200000| Complete 
|   3|0x0000000080300000, 0x0000000080400000, 0x0000000080400000|100%|HC|  |TAMS 0x0000000080400000, 0x0000000080300000| Complete 
|   4|0x0000000080400000, 0x0000000080500000, 0x0000000080500000|100%|HC|  |TAMS 0x0000000080500000, 0x0000000080400000| Complete 
|   5|0x0000000080500000, 0x0000000080600000, 0x0000000080600000|100%|HC|  |TAMS 0x0000000080600000, 0x0000000080500000| Complete 
|   6|0x0000000080600000, 0x0000000080700000, 0x0000000080700000|100%| O|  |TAMS 0x0000000080700000, 0x0000000080600000| Untracked 
|   7|0x0000000080700000, 0x0000000080800000, 0x0000000080800000|100%| O|  |TAMS 0x0000000080800000, 0x0000000080700000| Untracked 
|   8|0x0000000080800000, 0x0000000080900000, 0x0000000080900000|100%| O|  |TAMS 0x0000000080900000, 0x0000000080800000| Untracked 
|   9|0x0000000080900000, 0x0000000080a00000, 0x0000000080a00000|100%| O|  |TAMS 0x0000000080a00000, 0x0000000080900000| Untracked 
|  10|0x0000000080a00000, 0x0000000080b00000, 0x0000000080b00000|100%| O|  |TAMS 0x0000000080b00000, 0x0000000080a00000| Untracked 
|  11|0x0000000080b00000, 0x0000000080c00000, 0x0000000080c00000|100%| O|  |TAMS 0x0000000080c00000, 0x0000000080b00000| Untracked 
|  12|0x0000000080c00000, 0x0000000080d00000, 0x0000000080d00000|100%| O|  |TAMS 0x0000000080c00000, 0x0000000080c00000| Untracked 
|  13|0x0000000080d00000, 0x0000000080e00000, 0x0000000080e00000|100%| O|  |TAMS 0x0000000080e00000, 0x0000000080d00000| Untracked 
|  14|0x0000000080e00000, 0x0000000080f00000, 0x0000000080f00000|100%| O|  |TAMS 0x0000000080f00000, 0x0000000080e00000| Untracked 
|  15|0x0000000080f00000, 0x0000000081000000, 0x0000000081000000|100%| O|  |TAMS 0x0000000081000000, 0x0000000080f00000| Untracked 
|  16|0x0000000081000000, 0x0000000081100000, 0x0000000081100000|100%| O|  |TAMS 0x0000000081100000, 0x0000000081000000| Untracked 
|  17|0x0000000081100000, 0x0000000081200000, 0x0000000081200000|100%| O|  |TAMS 0x0000000081200000, 0x0000000081100000| Untracked 
|  18|0x0000000081200000, 0x0000000081300000, 0x0000000081300000|100%| O|  |TAMS 0x0000000081300000, 0x0000000081200000| Untracked 
|  19|0x0000000081300000, 0x0000000081400000, 0x0000000081400000|100%| O|  |TAMS 0x0000000081400000, 0x0000000081300000| Untracked 
|  20|0x0000000081400000, 0x0000000081500000, 0x0000000081500000|100%| O|  |TAMS 0x0000000081500000, 0x0000000081400000| Untracked 
|  21|0x0000000081500000, 0x0000000081600000, 0x0000000081600000|100%| O|  |TAMS 0x0000000081600000, 0x0000000081500000| Untracked 
|  22|0x0000000081600000, 0x0000000081700000, 0x0000000081700000|100%| O|  |TAMS 0x0000000081700000, 0x0000000081600000| Untracked 
|  23|0x0000000081700000, 0x0000000081800000, 0x0000000081800000|100%| O|  |TAMS 0x0000000081800000, 0x0000000081700000| Untracked 
|  24|0x0000000081800000, 0x0000000081900000, 0x0000000081900000|100%| O|  |TAMS 0x0000000081900000, 0x0000000081800000| Untracked 
|  25|0x0000000081900000, 0x0000000081a00000, 0x0000000081a00000|100%| O|  |TAMS 0x0000000081a00000, 0x0000000081900000| Untracked 
|  26|0x0000000081a00000, 0x0000000081b00000, 0x0000000081b00000|100%| O|  |TAMS 0x0000000081b00000, 0x0000000081a00000| Untracked 
|  27|0x0000000081b00000, 0x0000000081c00000, 0x0000000081c00000|100%| O|  |TAMS 0x0000000081b00000, 0x0000000081b00000| Untracked 
|  28|0x0000000081c00000, 0x0000000081d00000, 0x0000000081d00000|100%| O|  |TAMS 0x0000000081d00000, 0x0000000081c00000| Untracked 
|  29|0x0000000081d00000, 0x0000000081e00000, 0x0000000081e00000|100%| O|  |TAMS 0x0000000081e00000, 0x0000000081d00000| Untracked 
|  30|0x0000000081e00000, 0x0000000081f00000, 0x0000000081f00000|100%| O|  |TAMS 0x0000000081f00000, 0x0000000081e00000| Untracked 
|  31|0x0000000081f00000, 0x0000000082000000, 0x0000000082000000|100%| O|  |TAMS 0x0000000082000000, 0x0000000081f00000| Untracked 
|  32|0x0000000082000000, 0x0000000082100000, 0x0000000082100000|100%| O|  |TAMS 0x0000000082100000, 0x0000000082000000| Untracked 
|  33|0x0000000082100000, 0x0000000082200000, 0x0000000082200000|100%| O|  |TAMS 0x0000000082200000, 0x0000000082100000| Untracked 
|  34|0x0000000082200000, 0x0000000082300000, 0x0000000082300000|100%| O|  |TAMS 0x0000000082300000, 0x0000000082200000| Untracked 
|  35|0x0000000082300000, 0x0000000082400000, 0x0000000082400000|100%| O|  |TAMS 0x0000000082400000, 0x0000000082300000| Untracked 
|  36|0x0000000082400000, 0x0000000082500000, 0x0000000082500000|100%| O|  |TAMS 0x0000000082500000, 0x0000000082400000| Untracked 
|  37|0x0000000082500000, 0x0000000082600000, 0x0000000082600000|100%|HS|  |TAMS 0x0000000082600000, 0x0000000082500000| Complete 
|  38|0x0000000082600000, 0x0000000082700000, 0x0000000082700000|100%|HC|  |TAMS 0x0000000082700000, 0x0000000082600000| Complete 
|  39|0x0000000082700000, 0x0000000082800000, 0x0000000082800000|100%|HS|  |TAMS 0x0000000082800000, 0x0000000082700000| Complete 
|  40|0x0000000082800000, 0x0000000082900000, 0x0000000082900000|100%|HC|  |TAMS 0x0000000082900000, 0x0000000082800000| Complete 
|  41|0x0000000082900000, 0x0000000082a00000, 0x0000000082a00000|100%|HS|  |TAMS 0x0000000082a00000, 0x0000000082900000| Complete 
|  42|0x0000000082a00000, 0x0000000082b00000, 0x0000000082b00000|100%|HC|  |TAMS 0x0000000082b00000, 0x0000000082a00000| Complete 
|  43|0x0000000082b00000, 0x0000000082c00000, 0x0000000082c00000|100%|HC|  |TAMS 0x0000000082c00000, 0x0000000082b00000| Complete 
|  44|0x0000000082c00000, 0x0000000082d00000, 0x0000000082d00000|100%|HC|  |TAMS 0x0000000082d00000, 0x0000000082c00000| Complete 
|  45|0x0000000082d00000, 0x0000000082e00000, 0x0000000082e00000|100%| O|  |TAMS 0x0000000082e00000, 0x0000000082d00000| Untracked 
|  46|0x0000000082e00000, 0x0000000082f00000, 0x0000000082f00000|100%| O|  |TAMS 0x0000000082f00000, 0x0000000082e00000| Untracked 
|  47|0x0000000082f00000, 0x0000000083000000, 0x0000000083000000|100%|HS|  |TAMS 0x0000000083000000, 0x0000000082f00000| Complete 
|  48|0x0000000083000000, 0x0000000083100000, 0x0000000083100000|100%|HC|  |TAMS 0x0000000083100000, 0x0000000083000000| Complete 
|  49|0x0000000083100000, 0x0000000083200000, 0x0000000083200000|100%|HC|  |TAMS 0x0000000083200000, 0x0000000083100000| Complete 
|  50|0x0000000083200000, 0x0000000083300000, 0x0000000083300000|100%|HC|  |TAMS 0x0000000083300000, 0x0000000083200000| Complete 
|  51|0x0000000083300000, 0x0000000083400000, 0x0000000083400000|100%| O|  |TAMS 0x0000000083400000, 0x0000000083300000| Untracked 
|  52|0x0000000083400000, 0x0000000083500000, 0x0000000083500000|100%| O|  |TAMS 0x0000000083500000, 0x0000000083400000| Untracked 
|  53|0x0000000083500000, 0x0000000083600000, 0x0000000083600000|100%| O|  |TAMS 0x0000000083600000, 0x0000000083500000| Untracked 
|  54|0x0000000083600000, 0x0000000083700000, 0x0000000083700000|100%| O|  |TAMS 0x0000000083700000, 0x0000000083600000| Untracked 
|  55|0x0000000083700000, 0x0000000083800000, 0x0000000083800000|100%| O|  |TAMS 0x0000000083800000, 0x0000000083700000| Untracked 
|  56|0x0000000083800000, 0x0000000083900000, 0x0000000083900000|100%| O|  |TAMS 0x0000000083900000, 0x0000000083800000| Untracked 
|  57|0x0000000083900000, 0x0000000083a00000, 0x0000000083a00000|100%| O|  |TAMS 0x0000000083a00000, 0x0000000083900000| Untracked 
|  58|0x0000000083a00000, 0x0000000083b00000, 0x0000000083b00000|100%| O|  |TAMS 0x0000000083b00000, 0x0000000083a00000| Untracked 
|  59|0x0000000083b00000, 0x0000000083c00000, 0x0000000083c00000|100%| O|  |TAMS 0x0000000083c00000, 0x0000000083b00000| Untracked 
|  60|0x0000000083c00000, 0x0000000083d00000, 0x0000000083d00000|100%| O|  |TAMS 0x0000000083d00000, 0x0000000083c00000| Untracked 
|  61|0x0000000083d00000, 0x0000000083e00000, 0x0000000083e00000|100%| O|  |TAMS 0x0000000083e00000, 0x0000000083d00000| Untracked 
|  62|0x0000000083e00000, 0x0000000083f00000, 0x0000000083f00000|100%| O|  |TAMS 0x0000000083f00000, 0x0000000083e00000| Untracked 
|  63|0x0000000083f00000, 0x0000000084000000, 0x0000000084000000|100%|HS|  |TAMS 0x0000000084000000, 0x0000000083f00000| Complete 
|  64|0x0000000084000000, 0x0000000084100000, 0x0000000084100000|100%|HS|  |TAMS 0x0000000084100000, 0x0000000084000000| Complete 
|  65|0x0000000084100000, 0x0000000084200000, 0x0000000084200000|100%|HS|  |TAMS 0x0000000084200000, 0x0000000084100000| Complete 
|  66|0x0000000084200000, 0x0000000084300000, 0x0000000084300000|100%| O|  |TAMS 0x0000000084300000, 0x0000000084200000| Untracked 
|  67|0x0000000084300000, 0x0000000084400000, 0x0000000084400000|100%| O|  |TAMS 0x0000000084400000, 0x0000000084300000| Untracked 
|  68|0x0000000084400000, 0x0000000084500000, 0x0000000084500000|100%| O|  |TAMS 0x0000000084500000, 0x0000000084400000| Untracked 
|  69|0x0000000084500000, 0x0000000084600000, 0x0000000084600000|100%| O|  |TAMS 0x0000000084600000, 0x0000000084500000| Untracked 
|  70|0x0000000084600000, 0x0000000084700000, 0x0000000084700000|100%|HS|  |TAMS 0x0000000084700000, 0x0000000084600000| Complete 
|  71|0x0000000084700000, 0x0000000084800000, 0x0000000084800000|100%| O|  |TAMS 0x0000000084800000, 0x0000000084700000| Untracked 
|  72|0x0000000084800000, 0x0000000084900000, 0x0000000084900000|100%| O|  |TAMS 0x0000000084900000, 0x0000000084800000| Untracked 
|  73|0x0000000084900000, 0x0000000084a00000, 0x0000000084a00000|100%| O|  |TAMS 0x0000000084a00000, 0x0000000084900000| Untracked 
|  74|0x0000000084a00000, 0x0000000084b00000, 0x0000000084b00000|100%| O|  |TAMS 0x0000000084b00000, 0x0000000084a00000| Untracked 
|  75|0x0000000084b00000, 0x0000000084c00000, 0x0000000084c00000|100%| O|  |TAMS 0x0000000084c00000, 0x0000000084b00000| Untracked 
|  76|0x0000000084c00000, 0x0000000084d00000, 0x0000000084d00000|100%| O|  |TAMS 0x0000000084d00000, 0x0000000084c00000| Untracked 
|  77|0x0000000084d00000, 0x0000000084e00000, 0x0000000084e00000|100%| O|  |TAMS 0x0000000084e00000, 0x0000000084d00000| Untracked 
|  78|0x0000000084e00000, 0x0000000084f00000, 0x0000000084f00000|100%| O|  |TAMS 0x0000000084e00000, 0x0000000084e00000| Untracked 
|  79|0x0000000084f00000, 0x0000000085000000, 0x0000000085000000|100%| O|  |TAMS 0x0000000084f00000, 0x0000000084f00000| Untracked 
|  80|0x0000000085000000, 0x0000000085100000, 0x0000000085100000|100%| O|  |TAMS 0x0000000085000000, 0x0000000085000000| Untracked 
|  81|0x0000000085100000, 0x0000000085200000, 0x0000000085200000|100%| O|  |TAMS 0x0000000085200000, 0x0000000085100000| Untracked 
|  82|0x0000000085200000, 0x0000000085300000, 0x0000000085300000|100%| O|  |TAMS 0x0000000085300000, 0x0000000085200000| Untracked 
|  83|0x0000000085300000, 0x0000000085400000, 0x0000000085400000|100%| O|  |TAMS 0x0000000085400000, 0x0000000085300000| Untracked 
|  84|0x0000000085400000, 0x0000000085500000, 0x0000000085500000|100%| O|  |TAMS 0x000000008545ee00, 0x0000000085400000| Untracked 
|  85|0x0000000085500000, 0x0000000085600000, 0x0000000085600000|100%|HS|  |TAMS 0x0000000085500000, 0x0000000085500000| Complete 
|  86|0x0000000085600000, 0x0000000085700000, 0x0000000085700000|100%|HS|  |TAMS 0x0000000085600000, 0x0000000085600000| Complete 
|  87|0x0000000085700000, 0x0000000085800000, 0x0000000085800000|100%|HS|  |TAMS 0x0000000085700000, 0x0000000085700000| Complete 
|  88|0x0000000085800000, 0x0000000085900000, 0x0000000085900000|100%|HC|  |TAMS 0x0000000085800000, 0x0000000085800000| Complete 
|  89|0x0000000085900000, 0x0000000085a00000, 0x0000000085a00000|100%|HS|  |TAMS 0x0000000085900000, 0x0000000085900000| Complete 
|  90|0x0000000085a00000, 0x0000000085b00000, 0x0000000085b00000|100%|HS|  |TAMS 0x0000000085a00000, 0x0000000085a00000| Complete 
|  91|0x0000000085b00000, 0x0000000085c00000, 0x0000000085c00000|100%|HS|  |TAMS 0x0000000085b00000, 0x0000000085b00000| Complete 
|  92|0x0000000085c00000, 0x0000000085d00000, 0x0000000085d00000|100%| O|  |TAMS 0x0000000085c00000, 0x0000000085c00000| Untracked 
|  93|0x0000000085d00000, 0x0000000085e00000, 0x0000000085e00000|100%| O|  |TAMS 0x0000000085d00000, 0x0000000085d00000| Untracked 
|  94|0x0000000085e00000, 0x0000000085f00000, 0x0000000085f00000|100%| O|  |TAMS 0x0000000085e00000, 0x0000000085e00000| Untracked 
|  95|0x0000000085f00000, 0x0000000086000000, 0x0000000086000000|100%| O|  |TAMS 0x0000000085f00000, 0x0000000085f00000| Untracked 
|  96|0x0000000086000000, 0x0000000086100000, 0x0000000086100000|100%| O|  |TAMS 0x0000000086000000, 0x0000000086000000| Untracked 
|  97|0x0000000086100000, 0x0000000086200000, 0x0000000086200000|100%| O|  |TAMS 0x0000000086100000, 0x0000000086100000| Untracked 
|  98|0x0000000086200000, 0x0000000086300000, 0x0000000086300000|100%| O|  |TAMS 0x0000000086200000, 0x0000000086200000| Untracked 
|  99|0x0000000086300000, 0x0000000086400000, 0x0000000086400000|100%| O|  |TAMS 0x0000000086300000, 0x0000000086300000| Untracked 
| 100|0x0000000086400000, 0x0000000086500000, 0x0000000086500000|100%| O|  |TAMS 0x0000000086400000, 0x0000000086400000| Untracked 
| 101|0x0000000086500000, 0x0000000086600000, 0x0000000086600000|100%| O|  |TAMS 0x0000000086500000, 0x0000000086500000| Untracked 
| 102|0x0000000086600000, 0x0000000086700000, 0x0000000086700000|100%| O|  |TAMS 0x0000000086600000, 0x0000000086600000| Untracked 
| 103|0x0000000086700000, 0x0000000086800000, 0x0000000086800000|100%| O|  |TAMS 0x0000000086700000, 0x0000000086700000| Untracked 
| 104|0x0000000086800000, 0x0000000086900000, 0x0000000086900000|100%| O|  |TAMS 0x0000000086800000, 0x0000000086800000| Untracked 
| 105|0x0000000086900000, 0x0000000086a00000, 0x0000000086a00000|100%| O|  |TAMS 0x0000000086900000, 0x0000000086900000| Untracked 
| 106|0x0000000086a00000, 0x0000000086b00000, 0x0000000086b00000|100%| O|  |TAMS 0x0000000086a00000, 0x0000000086a00000| Untracked 
| 107|0x0000000086b00000, 0x0000000086c00000, 0x0000000086c00000|100%| O|  |TAMS 0x0000000086b00000, 0x0000000086b00000| Untracked 
| 108|0x0000000086c00000, 0x0000000086d00000, 0x0000000086d00000|100%| O|  |TAMS 0x0000000086c00000, 0x0000000086c00000| Untracked 
| 109|0x0000000086d00000, 0x0000000086e00000, 0x0000000086e00000|100%| O|  |TAMS 0x0000000086d00000, 0x0000000086d00000| Untracked 
| 110|0x0000000086e00000, 0x0000000086f00000, 0x0000000086f00000|100%| O|  |TAMS 0x0000000086e00000, 0x0000000086e00000| Untracked 
| 111|0x0000000086f00000, 0x0000000087000000, 0x0000000087000000|100%|HS|  |TAMS 0x0000000086f00000, 0x0000000086f00000| Complete 
| 112|0x0000000087000000, 0x0000000087100000, 0x0000000087100000|100%|HS|  |TAMS 0x0000000087000000, 0x0000000087000000| Complete 
| 113|0x0000000087100000, 0x0000000087200000, 0x0000000087200000|100%| O|  |TAMS 0x0000000087100000, 0x0000000087100000| Untracked 
| 114|0x0000000087200000, 0x0000000087300000, 0x0000000087300000|100%| O|  |TAMS 0x0000000087200000, 0x0000000087200000| Untracked 
| 115|0x0000000087300000, 0x0000000087400000, 0x0000000087400000|100%| O|  |TAMS 0x0000000087300000, 0x0000000087300000| Untracked 
| 116|0x0000000087400000, 0x0000000087500000, 0x0000000087500000|100%| O|  |TAMS 0x0000000087400000, 0x0000000087400000| Untracked 
| 117|0x0000000087500000, 0x0000000087600000, 0x0000000087600000|100%| O|  |TAMS 0x0000000087500000, 0x0000000087500000| Untracked 
| 118|0x0000000087600000, 0x0000000087700000, 0x0000000087700000|100%| O|  |TAMS 0x0000000087600000, 0x0000000087600000| Untracked 
| 119|0x0000000087700000, 0x0000000087800000, 0x0000000087800000|100%| O|  |TAMS 0x0000000087700000, 0x0000000087700000| Untracked 
| 120|0x0000000087800000, 0x0000000087900000, 0x0000000087900000|100%| O|  |TAMS 0x0000000087800000, 0x0000000087800000| Untracked 
| 121|0x0000000087900000, 0x0000000087a00000, 0x0000000087a00000|100%| O|  |TAMS 0x0000000087900000, 0x0000000087900000| Untracked 
| 122|0x0000000087a00000, 0x0000000087b00000, 0x0000000087b00000|100%| O|  |TAMS 0x0000000087a00000, 0x0000000087a00000| Untracked 
| 123|0x0000000087b00000, 0x0000000087c00000, 0x0000000087c00000|100%| O|  |TAMS 0x0000000087b00000, 0x0000000087b00000| Untracked 
| 124|0x0000000087c00000, 0x0000000087d00000, 0x0000000087d00000|100%| O|  |TAMS 0x0000000087c00000, 0x0000000087c00000| Untracked 
| 125|0x0000000087d00000, 0x0000000087e00000, 0x0000000087e00000|100%| O|  |TAMS 0x0000000087d00000, 0x0000000087d00000| Untracked 
| 126|0x0000000087e00000, 0x0000000087f00000, 0x0000000087f00000|100%| O|  |TAMS 0x0000000087e00000, 0x0000000087e00000| Untracked 
| 127|0x0000000087f00000, 0x0000000088000000, 0x0000000088000000|100%| O|  |TAMS 0x0000000087f00000, 0x0000000087f00000| Untracked 
| 128|0x0000000088000000, 0x0000000088100000, 0x0000000088100000|100%| O|  |TAMS 0x0000000088000000, 0x0000000088000000| Untracked 
| 129|0x0000000088100000, 0x0000000088200000, 0x0000000088200000|100%| O|  |TAMS 0x0000000088100000, 0x0000000088100000| Untracked 
| 130|0x0000000088200000, 0x0000000088300000, 0x0000000088300000|100%| O|  |TAMS 0x0000000088200000, 0x0000000088200000| Untracked 
| 131|0x0000000088300000, 0x0000000088400000, 0x0000000088400000|100%| O|  |TAMS 0x0000000088300000, 0x0000000088300000| Untracked 
| 132|0x0000000088400000, 0x0000000088500000, 0x0000000088500000|100%| O|  |TAMS 0x0000000088400000, 0x0000000088400000| Untracked 
| 133|0x0000000088500000, 0x0000000088600000, 0x0000000088600000|100%| O|  |TAMS 0x0000000088500000, 0x0000000088500000| Untracked 
| 134|0x0000000088600000, 0x0000000088700000, 0x0000000088700000|100%| O|  |TAMS 0x0000000088600000, 0x0000000088600000| Untracked 
| 135|0x0000000088700000, 0x0000000088800000, 0x0000000088800000|100%| O|  |TAMS 0x0000000088700000, 0x0000000088700000| Untracked 
| 136|0x0000000088800000, 0x0000000088900000, 0x0000000088900000|100%| O|  |TAMS 0x0000000088800000, 0x0000000088800000| Untracked 
| 137|0x0000000088900000, 0x0000000088a00000, 0x0000000088a00000|100%| O|  |TAMS 0x0000000088900000, 0x0000000088900000| Untracked 
| 138|0x0000000088a00000, 0x0000000088b00000, 0x0000000088b00000|100%| O|  |TAMS 0x0000000088a00000, 0x0000000088a00000| Untracked 
| 139|0x0000000088b00000, 0x0000000088c00000, 0x0000000088c00000|100%| O|  |TAMS 0x0000000088b00000, 0x0000000088b00000| Untracked 
| 140|0x0000000088c00000, 0x0000000088d00000, 0x0000000088d00000|100%| O|  |TAMS 0x0000000088c00000, 0x0000000088c00000| Untracked 
| 141|0x0000000088d00000, 0x0000000088e00000, 0x0000000088e00000|100%| O|  |TAMS 0x0000000088d00000, 0x0000000088d00000| Untracked 
| 142|0x0000000088e00000, 0x0000000088f00000, 0x0000000088f00000|100%| O|  |TAMS 0x0000000088e00000, 0x0000000088e00000| Untracked 
| 143|0x0000000088f00000, 0x0000000089000000, 0x0000000089000000|100%| O|  |TAMS 0x0000000088f00000, 0x0000000088f00000| Untracked 
| 144|0x0000000089000000, 0x0000000089100000, 0x0000000089100000|100%| O|  |TAMS 0x0000000089000000, 0x0000000089000000| Untracked 
| 145|0x0000000089100000, 0x0000000089200000, 0x0000000089200000|100%| O|  |TAMS 0x0000000089100000, 0x0000000089100000| Untracked 
| 146|0x0000000089200000, 0x0000000089300000, 0x0000000089300000|100%| O|  |TAMS 0x0000000089200000, 0x0000000089200000| Untracked 
| 147|0x0000000089300000, 0x0000000089400000, 0x0000000089400000|100%| O|  |TAMS 0x0000000089300000, 0x0000000089300000| Untracked 
| 148|0x0000000089400000, 0x0000000089500000, 0x0000000089500000|100%| O|  |TAMS 0x0000000089400000, 0x0000000089400000| Untracked 
| 149|0x0000000089500000, 0x0000000089600000, 0x0000000089600000|100%| O|  |TAMS 0x0000000089500000, 0x0000000089500000| Untracked 
| 150|0x0000000089600000, 0x0000000089700000, 0x0000000089700000|100%| O|  |TAMS 0x0000000089600000, 0x0000000089600000| Untracked 
| 151|0x0000000089700000, 0x0000000089800000, 0x0000000089800000|100%| O|  |TAMS 0x0000000089700000, 0x0000000089700000| Untracked 
| 152|0x0000000089800000, 0x0000000089900000, 0x0000000089900000|100%| O|  |TAMS 0x0000000089800000, 0x0000000089800000| Untracked 
| 153|0x0000000089900000, 0x0000000089a00000, 0x0000000089a00000|100%| O|  |TAMS 0x0000000089900000, 0x0000000089900000| Untracked 
| 154|0x0000000089a00000, 0x0000000089b00000, 0x0000000089b00000|100%| O|  |TAMS 0x0000000089a00000, 0x0000000089a00000| Untracked 
| 155|0x0000000089b00000, 0x0000000089c00000, 0x0000000089c00000|100%| O|  |TAMS 0x0000000089b00000, 0x0000000089b00000| Untracked 
| 156|0x0000000089c00000, 0x0000000089d00000, 0x0000000089d00000|100%| O|  |TAMS 0x0000000089c00000, 0x0000000089c00000| Untracked 
| 157|0x0000000089d00000, 0x0000000089e00000, 0x0000000089e00000|100%| O|  |TAMS 0x0000000089d00000, 0x0000000089d00000| Untracked 
| 158|0x0000000089e00000, 0x0000000089f00000, 0x0000000089f00000|100%| O|  |TAMS 0x0000000089e00000, 0x0000000089e00000| Untracked 
| 159|0x0000000089f00000, 0x000000008a000000, 0x000000008a000000|100%| O|  |TAMS 0x0000000089f00000, 0x0000000089f00000| Untracked 
| 160|0x000000008a000000, 0x000000008a100000, 0x000000008a100000|100%| O|  |TAMS 0x000000008a000000, 0x000000008a000000| Untracked 
| 161|0x000000008a100000, 0x000000008a200000, 0x000000008a200000|100%| O|  |TAMS 0x000000008a100000, 0x000000008a100000| Untracked 
| 162|0x000000008a200000, 0x000000008a300000, 0x000000008a300000|100%| O|  |TAMS 0x000000008a200000, 0x000000008a200000| Untracked 
| 163|0x000000008a300000, 0x000000008a400000, 0x000000008a400000|100%| O|  |TAMS 0x000000008a300000, 0x000000008a300000| Untracked 
| 164|0x000000008a400000, 0x000000008a500000, 0x000000008a500000|100%| O|  |TAMS 0x000000008a400000, 0x000000008a400000| Untracked 
| 165|0x000000008a500000, 0x000000008a600000, 0x000000008a600000|100%| O|  |TAMS 0x000000008a500000, 0x000000008a500000| Untracked 
| 166|0x000000008a600000, 0x000000008a69b200, 0x000000008a700000| 60%| O|  |TAMS 0x000000008a600000, 0x000000008a600000| Untracked 
| 167|0x000000008a700000, 0x000000008a700000, 0x000000008a800000|  0%| F|  |TAMS 0x000000008a700000, 0x000000008a700000| Untracked 
| 168|0x000000008a800000, 0x000000008a800000, 0x000000008a900000|  0%| F|  |TAMS 0x000000008a800000, 0x000000008a800000| Untracked 
| 169|0x000000008a900000, 0x000000008a900000, 0x000000008aa00000|  0%| F|  |TAMS 0x000000008a900000, 0x000000008a900000| Untracked 
| 170|0x000000008aa00000, 0x000000008aa00000, 0x000000008ab00000|  0%| F|  |TAMS 0x000000008aa00000, 0x000000008aa00000| Untracked 
| 171|0x000000008ab00000, 0x000000008ab00000, 0x000000008ac00000|  0%| F|  |TAMS 0x000000008ab00000, 0x000000008ab00000| Untracked 
| 172|0x000000008ac00000, 0x000000008ac00000, 0x000000008ad00000|  0%| F|  |TAMS 0x000000008ac00000, 0x000000008ac00000| Untracked 
| 173|0x000000008ad00000, 0x000000008ad00000, 0x000000008ae00000|  0%| F|  |TAMS 0x000000008ad00000, 0x000000008ad00000| Untracked 
| 174|0x000000008ae00000, 0x000000008ae00000, 0x000000008af00000|  0%| F|  |TAMS 0x000000008ae00000, 0x000000008ae00000| Untracked 
| 175|0x000000008af00000, 0x000000008af00000, 0x000000008b000000|  0%| F|  |TAMS 0x000000008af00000, 0x000000008af00000| Untracked 
| 176|0x000000008b000000, 0x000000008b000000, 0x000000008b100000|  0%| F|  |TAMS 0x000000008b000000, 0x000000008b000000| Untracked 
| 177|0x000000008b100000, 0x000000008b100000, 0x000000008b200000|  0%| F|  |TAMS 0x000000008b100000, 0x000000008b100000| Untracked 
| 178|0x000000008b200000, 0x000000008b200000, 0x000000008b300000|  0%| F|  |TAMS 0x000000008b200000, 0x000000008b200000| Untracked 
| 179|0x000000008b300000, 0x000000008b300000, 0x000000008b400000|  0%| F|  |TAMS 0x000000008b300000, 0x000000008b300000| Untracked 
| 180|0x000000008b400000, 0x000000008b400000, 0x000000008b500000|  0%| F|  |TAMS 0x000000008b400000, 0x000000008b400000| Untracked 
| 181|0x000000008b500000, 0x000000008b500000, 0x000000008b600000|  0%| F|  |TAMS 0x000000008b500000, 0x000000008b500000| Untracked 
| 182|0x000000008b600000, 0x000000008b600000, 0x000000008b700000|  0%| F|  |TAMS 0x000000008b600000, 0x000000008b600000| Untracked 
| 183|0x000000008b700000, 0x000000008b700000, 0x000000008b800000|  0%| F|  |TAMS 0x000000008b700000, 0x000000008b700000| Untracked 
| 184|0x000000008b800000, 0x000000008b800000, 0x000000008b900000|  0%| F|  |TAMS 0x000000008b800000, 0x000000008b800000| Untracked 
| 185|0x000000008b900000, 0x000000008b900000, 0x000000008ba00000|  0%| F|  |TAMS 0x000000008b900000, 0x000000008b900000| Untracked 
| 186|0x000000008ba00000, 0x000000008ba00000, 0x000000008bb00000|  0%| F|  |TAMS 0x000000008ba00000, 0x000000008ba00000| Untracked 
| 187|0x000000008bb00000, 0x000000008bb00000, 0x000000008bc00000|  0%| F|  |TAMS 0x000000008bb00000, 0x000000008bb00000| Untracked 
| 188|0x000000008bc00000, 0x000000008bc00000, 0x000000008bd00000|  0%| F|  |TAMS 0x000000008bc00000, 0x000000008bc00000| Untracked 
| 189|0x000000008bd00000, 0x000000008bd00000, 0x000000008be00000|  0%| F|  |TAMS 0x000000008bd00000, 0x000000008bd00000| Untracked 
| 190|0x000000008be00000, 0x000000008be00000, 0x000000008bf00000|  0%| F|  |TAMS 0x000000008be00000, 0x000000008be00000| Untracked 
| 191|0x000000008bf00000, 0x000000008bf00000, 0x000000008c000000|  0%| F|  |TAMS 0x000000008bf00000, 0x000000008bf00000| Untracked 
| 192|0x000000008c000000, 0x000000008c000000, 0x000000008c100000|  0%| F|  |TAMS 0x000000008c000000, 0x000000008c000000| Untracked 
| 193|0x000000008c100000, 0x000000008c100000, 0x000000008c200000|  0%| F|  |TAMS 0x000000008c100000, 0x000000008c100000| Untracked 
| 194|0x000000008c200000, 0x000000008c200000, 0x000000008c300000|  0%| F|  |TAMS 0x000000008c200000, 0x000000008c200000| Untracked 
| 195|0x000000008c300000, 0x000000008c300000, 0x000000008c400000|  0%| F|  |TAMS 0x000000008c300000, 0x000000008c300000| Untracked 
| 196|0x000000008c400000, 0x000000008c400000, 0x000000008c500000|  0%| F|  |TAMS 0x000000008c400000, 0x000000008c400000| Untracked 
| 197|0x000000008c500000, 0x000000008c500000, 0x000000008c600000|  0%| F|  |TAMS 0x000000008c500000, 0x000000008c500000| Untracked 
| 198|0x000000008c600000, 0x000000008c600000, 0x000000008c700000|  0%| F|  |TAMS 0x000000008c600000, 0x000000008c600000| Untracked 
| 199|0x000000008c700000, 0x000000008c700000, 0x000000008c800000|  0%| F|  |TAMS 0x000000008c700000, 0x000000008c700000| Untracked 
| 200|0x000000008c800000, 0x000000008c800000, 0x000000008c900000|  0%| F|  |TAMS 0x000000008c800000, 0x000000008c800000| Untracked 
| 201|0x000000008c900000, 0x000000008c900000, 0x000000008ca00000|  0%| F|  |TAMS 0x000000008c900000, 0x000000008c900000| Untracked 
| 202|0x000000008ca00000, 0x000000008ca00000, 0x000000008cb00000|  0%| F|  |TAMS 0x000000008ca00000, 0x000000008ca00000| Untracked 
| 203|0x000000008cb00000, 0x000000008cb6ea60, 0x000000008cc00000| 43%| S|CS|TAMS 0x000000008cb00000, 0x000000008cb00000| Complete 
| 204|0x000000008cc00000, 0x000000008cd00000, 0x000000008cd00000|100%| S|CS|TAMS 0x000000008cc00000, 0x000000008cc00000| Complete 
| 205|0x000000008cd00000, 0x000000008cd00000, 0x000000008ce00000|  0%| F|  |TAMS 0x000000008cd00000, 0x000000008cd00000| Untracked 
| 206|0x000000008ce00000, 0x000000008ce00000, 0x000000008cf00000|  0%| F|  |TAMS 0x000000008ce00000, 0x000000008ce00000| Untracked 
| 207|0x000000008cf00000, 0x000000008cf00000, 0x000000008d000000|  0%| F|  |TAMS 0x000000008cf00000, 0x000000008cf00000| Untracked 
| 208|0x000000008d000000, 0x000000008d000000, 0x000000008d100000|  0%| F|  |TAMS 0x000000008d000000, 0x000000008d000000| Untracked 
| 209|0x000000008d100000, 0x000000008d100000, 0x000000008d200000|  0%| F|  |TAMS 0x000000008d100000, 0x000000008d100000| Untracked 
| 210|0x000000008d200000, 0x000000008d300000, 0x000000008d300000|100%| S|CS|TAMS 0x000000008d200000, 0x000000008d200000| Complete 
| 211|0x000000008d300000, 0x000000008d400000, 0x000000008d400000|100%| S|CS|TAMS 0x000000008d300000, 0x000000008d300000| Complete 
| 212|0x000000008d400000, 0x000000008d400000, 0x000000008d500000|  0%| F|  |TAMS 0x000000008d400000, 0x000000008d400000| Untracked 
| 213|0x000000008d500000, 0x000000008d500000, 0x000000008d600000|  0%| F|  |TAMS 0x000000008d500000, 0x000000008d500000| Untracked 
| 214|0x000000008d600000, 0x000000008d600000, 0x000000008d700000|  0%| F|  |TAMS 0x000000008d600000, 0x000000008d600000| Untracked 
| 215|0x000000008d700000, 0x000000008d700000, 0x000000008d800000|  0%| F|  |TAMS 0x000000008d700000, 0x000000008d700000| Untracked 
| 216|0x000000008d800000, 0x000000008d800000, 0x000000008d900000|  0%| F|  |TAMS 0x000000008d800000, 0x000000008d800000| Untracked 
| 217|0x000000008d900000, 0x000000008d900000, 0x000000008da00000|  0%| F|  |TAMS 0x000000008d900000, 0x000000008d900000| Untracked 
| 218|0x000000008da00000, 0x000000008da00000, 0x000000008db00000|  0%| F|  |TAMS 0x000000008da00000, 0x000000008da00000| Untracked 
| 219|0x000000008db00000, 0x000000008db00000, 0x000000008dc00000|  0%| F|  |TAMS 0x000000008db00000, 0x000000008db00000| Untracked 
| 220|0x000000008dc00000, 0x000000008dc00000, 0x000000008dd00000|  0%| F|  |TAMS 0x000000008dc00000, 0x000000008dc00000| Untracked 
| 221|0x000000008dd00000, 0x000000008dd00000, 0x000000008de00000|  0%| F|  |TAMS 0x000000008dd00000, 0x000000008dd00000| Untracked 
| 222|0x000000008de00000, 0x000000008de00000, 0x000000008df00000|  0%| F|  |TAMS 0x000000008de00000, 0x000000008de00000| Untracked 
| 223|0x000000008df00000, 0x000000008df00000, 0x000000008e000000|  0%| F|  |TAMS 0x000000008df00000, 0x000000008df00000| Untracked 
| 224|0x000000008e000000, 0x000000008e000000, 0x000000008e100000|  0%| F|  |TAMS 0x000000008e000000, 0x000000008e000000| Untracked 
| 225|0x000000008e100000, 0x000000008e100000, 0x000000008e200000|  0%| F|  |TAMS 0x000000008e100000, 0x000000008e100000| Untracked 
| 226|0x000000008e200000, 0x000000008e200000, 0x000000008e300000|  0%| F|  |TAMS 0x000000008e200000, 0x000000008e200000| Untracked 
| 227|0x000000008e300000, 0x000000008e300000, 0x000000008e400000|  0%| F|  |TAMS 0x000000008e300000, 0x000000008e300000| Untracked 
| 228|0x000000008e400000, 0x000000008e400000, 0x000000008e500000|  0%| F|  |TAMS 0x000000008e400000, 0x000000008e400000| Untracked 
| 229|0x000000008e500000, 0x000000008e500000, 0x000000008e600000|  0%| F|  |TAMS 0x000000008e500000, 0x000000008e500000| Untracked 
| 230|0x000000008e600000, 0x000000008e600000, 0x000000008e700000|  0%| F|  |TAMS 0x000000008e600000, 0x000000008e600000| Untracked 
| 231|0x000000008e700000, 0x000000008e700000, 0x000000008e800000|  0%| F|  |TAMS 0x000000008e700000, 0x000000008e700000| Untracked 
| 232|0x000000008e800000, 0x000000008e800000, 0x000000008e900000|  0%| F|  |TAMS 0x000000008e800000, 0x000000008e800000| Untracked 
| 233|0x000000008e900000, 0x000000008e900000, 0x000000008ea00000|  0%| F|  |TAMS 0x000000008e900000, 0x000000008e900000| Untracked 
| 234|0x000000008ea00000, 0x000000008ea00000, 0x000000008eb00000|  0%| F|  |TAMS 0x000000008ea00000, 0x000000008ea00000| Untracked 
| 235|0x000000008eb00000, 0x000000008eb00000, 0x000000008ec00000|  0%| F|  |TAMS 0x000000008eb00000, 0x000000008eb00000| Untracked 
| 236|0x000000008ec00000, 0x000000008ec00000, 0x000000008ed00000|  0%| F|  |TAMS 0x000000008ec00000, 0x000000008ec00000| Untracked 
| 237|0x000000008ed00000, 0x000000008ed00000, 0x000000008ee00000|  0%| F|  |TAMS 0x000000008ed00000, 0x000000008ed00000| Untracked 
| 238|0x000000008ee00000, 0x000000008ee00000, 0x000000008ef00000|  0%| F|  |TAMS 0x000000008ee00000, 0x000000008ee00000| Untracked 
| 239|0x000000008ef00000, 0x000000008ef00000, 0x000000008f000000|  0%| F|  |TAMS 0x000000008ef00000, 0x000000008ef00000| Untracked 
| 240|0x000000008f000000, 0x000000008f000000, 0x000000008f100000|  0%| F|  |TAMS 0x000000008f000000, 0x000000008f000000| Untracked 
| 241|0x000000008f100000, 0x000000008f100000, 0x000000008f200000|  0%| F|  |TAMS 0x000000008f100000, 0x000000008f100000| Untracked 
| 242|0x000000008f200000, 0x000000008f200000, 0x000000008f300000|  0%| F|  |TAMS 0x000000008f200000, 0x000000008f200000| Untracked 
| 243|0x000000008f300000, 0x000000008f300000, 0x000000008f400000|  0%| F|  |TAMS 0x000000008f300000, 0x000000008f300000| Untracked 
| 244|0x000000008f400000, 0x000000008f400000, 0x000000008f500000|  0%| F|  |TAMS 0x000000008f400000, 0x000000008f400000| Untracked 
| 245|0x000000008f500000, 0x000000008f500000, 0x000000008f600000|  0%| F|  |TAMS 0x000000008f500000, 0x000000008f500000| Untracked 
| 246|0x000000008f600000, 0x000000008f600000, 0x000000008f700000|  0%| F|  |TAMS 0x000000008f600000, 0x000000008f600000| Untracked 
| 247|0x000000008f700000, 0x000000008f700000, 0x000000008f800000|  0%| F|  |TAMS 0x000000008f700000, 0x000000008f700000| Untracked 
| 248|0x000000008f800000, 0x000000008f900000, 0x000000008f900000|100%| E|  |TAMS 0x000000008f800000, 0x000000008f800000| Complete 
| 249|0x000000008f900000, 0x000000008fa00000, 0x000000008fa00000|100%| E|CS|TAMS 0x000000008f900000, 0x000000008f900000| Complete 
| 250|0x000000008fa00000, 0x000000008fb00000, 0x000000008fb00000|100%| E|CS|TAMS 0x000000008fa00000, 0x000000008fa00000| Complete 
| 251|0x000000008fb00000, 0x000000008fc00000, 0x000000008fc00000|100%| E|CS|TAMS 0x000000008fb00000, 0x000000008fb00000| Complete 
| 252|0x000000008fc00000, 0x000000008fd00000, 0x000000008fd00000|100%| E|CS|TAMS 0x000000008fc00000, 0x000000008fc00000| Complete 
| 253|0x000000008fd00000, 0x000000008fe00000, 0x000000008fe00000|100%| E|CS|TAMS 0x000000008fd00000, 0x000000008fd00000| Complete 
| 254|0x000000008fe00000, 0x000000008ff00000, 0x000000008ff00000|100%| E|CS|TAMS 0x000000008fe00000, 0x000000008fe00000| Complete 
| 255|0x000000008ff00000, 0x0000000090000000, 0x0000000090000000|100%| E|CS|TAMS 0x000000008ff00000, 0x000000008ff00000| Complete 
| 256|0x0000000090000000, 0x0000000090100000, 0x0000000090100000|100%| E|CS|TAMS 0x0000000090000000, 0x0000000090000000| Complete 
| 257|0x0000000090100000, 0x0000000090200000, 0x0000000090200000|100%| E|CS|TAMS 0x0000000090100000, 0x0000000090100000| Complete 
| 258|0x0000000090200000, 0x0000000090300000, 0x0000000090300000|100%| E|CS|TAMS 0x0000000090200000, 0x0000000090200000| Complete 
| 259|0x0000000090300000, 0x0000000090400000, 0x0000000090400000|100%| E|CS|TAMS 0x0000000090300000, 0x0000000090300000| Complete 
| 260|0x0000000090400000, 0x0000000090500000, 0x0000000090500000|100%| E|CS|TAMS 0x0000000090400000, 0x0000000090400000| Complete 

Card table byte_map: [0x00000292b54f0000,0x00000292b58f0000] _byte_map_base: 0x00000292b50f0000

Marking Bits (Prev, Next): (CMBitMap*) 0x000002929e64a140, (CMBitMap*) 0x000002929e64a180
 Prev Bits: [0x00000292b5cf0000, 0x00000292b7cf0000)
 Next Bits: [0x00000292b7cf0000, 0x00000292b9cf0000)

Polling page: 0x000002929c760000

Metaspace:

Usage:
  Non-class:     83.06 MB used.
      Class:     13.49 MB used.
       Both:     96.55 MB used.

Virtual space:
  Non-class space:      128.00 MB reserved,      83.56 MB ( 65%) committed,  2 nodes.
      Class space:      416.00 MB reserved,      14.00 MB (  3%) committed,  1 nodes.
             Both:      544.00 MB reserved,      97.56 MB ( 18%) committed. 

Chunk freelists:
   Non-Class:  11.59 MB
       Class:  2.04 MB
        Both:  13.64 MB

MaxMetaspaceSize: 512.00 MB
CompressedClassSpaceSize: 416.00 MB
Initial GC threshold: 21.00 MB
Current GC threshold: 119.06 MB
CDS: on
MetaspaceReclaimPolicy: balanced
 - commit_granule_bytes: 65536.
 - commit_granule_words: 8192.
 - virtual_space_node_default_size: 8388608.
 - enlarge_chunks_in_place: 1.
 - new_chunks_are_fully_committed: 0.
 - uncommit_free_chunks: 1.
 - use_allocation_guard: 0.
 - handle_deallocations: 1.


Internal statistics:

num_allocs_failed_limit: 6.
num_arena_births: 1310.
num_arena_deaths: 0.
num_vsnodes_births: 3.
num_vsnodes_deaths: 0.
num_space_committed: 1561.
num_space_uncommitted: 0.
num_chunks_returned_to_freelist: 6.
num_chunks_taken_from_freelist: 5662.
num_chunk_merges: 6.
num_chunk_splits: 3645.
num_chunks_enlarged: 2341.
num_inconsistent_stats: 0.

CodeHeap 'non-profiled nmethods': size=120000Kb used=8655Kb max_used=8655Kb free=111344Kb
 bounds [0x00000292adbc0000, 0x00000292ae440000, 0x00000292b50f0000]
CodeHeap 'profiled nmethods': size=120000Kb used=25225Kb max_used=25352Kb free=94774Kb
 bounds [0x00000292a60f0000, 0x00000292a79d0000, 0x00000292ad620000]
CodeHeap 'non-nmethods': size=5760Kb used=2397Kb max_used=2495Kb free=3362Kb
 bounds [0x00000292ad620000, 0x00000292ad8a0000, 0x00000292adbc0000]
 total_blobs=13795 nmethods=12866 adapters=841
 compilation: enabled
              stopped_count=0, restarted_count=0
 full_count=0

Compilation events (20 events):
Event: 60.653 Thread 0x00000292dec8a600 nmethod 15138 0x00000292ae41bd10 code [0x00000292ae41be80, 0x00000292ae41bef8]
Event: 60.654 Thread 0x00000292bc19c300 nmethod 15137 0x00000292ae41c010 code [0x00000292ae41c200, 0x00000292ae41c8f0]
Event: 60.668 Thread 0x00000292bc19c300 15139       4       java.util.stream.Collectors$$Lambda$63/0x00000292be070db0::get (8 bytes)
Event: 60.669 Thread 0x00000292bc19c300 nmethod 15139 0x00000292ae41d010 code [0x00000292ae41d1a0, 0x00000292ae41d278]
Event: 60.677 Thread 0x00000292dec8a600 15140       4       org.gradle.api.internal.changedetection.state.CachingFileHasher$FileInfoSerializer::read (6 bytes)
Event: 60.677 Thread 0x00000292bc19c300 15141       4       org.gradle.api.internal.changedetection.state.CachingFileHasher$FileInfoSerializer::read (36 bytes)
Event: 60.742 Thread 0x00000292dec8a600 nmethod 15140 0x00000292ae41d310 code [0x00000292ae41d5a0, 0x00000292ae41ee40]
Event: 60.742 Thread 0x00000292dec8a600 15142       4       java.util.TimSort::sort (229 bytes)
Event: 60.747 Thread 0x00000292bc19c300 nmethod 15141 0x00000292ae420090 code [0x00000292ae420320, 0x00000292ae421be0]
Event: 60.747 Thread 0x00000292bc19c300 15143       4       org.gradle.internal.file.FileHierarchySet$PrefixFileSet::contains (10 bytes)
Event: 60.748 Thread 0x00000292bc19c300 nmethod 15143 0x00000292ae422d90 code [0x00000292ae422f20, 0x00000292ae422fe8]
Event: 60.767 Thread 0x00000292bc19c300 15144   !   4       com.google.common.cache.LocalCache$Segment::lockedGetOrLoad (447 bytes)
Event: 60.887 Thread 0x00000292dec8a600 nmethod 15142 0x00000292ae423110 code [0x00000292ae423360, 0x00000292ae425790]
Event: 60.887 Thread 0x00000292dec8a600 15145       4       sun.security.provider.DigestBase::engineUpdate (189 bytes)
Event: 60.905 Thread 0x00000292dec8a600 nmethod 15145 0x00000292ae426910 code [0x00000292ae426ac0, 0x00000292ae427168]
Event: 60.905 Thread 0x00000292dec8a600 15147   !   4       org.gradle.cache.internal.DefaultMultiProcessSafeIndexedCache::getIfPresent (25 bytes)
Event: 60.925 Thread 0x00000292bc19ccc0 15150       3       jdk.internal.misc.Unsafe::allocateMemory (65 bytes)
Event: 60.926 Thread 0x00000292bc19ccc0 nmethod 15150 0x00000292a72e9f90 code [0x00000292a72ea220, 0x00000292a72eacb8]
Event: 60.935 Thread 0x00000292bc19c300 nmethod 15144 0x00000292ae427a10 code [0x00000292ae427d40, 0x00000292ae42a388]
Event: 60.936 Thread 0x00000292bc19c300 15149   !   4       com.google.common.cache.LocalCache$Segment::storeLoadedValue (371 bytes)

GC Heap History (20 events):
Event: 35.240 GC heap before
{Heap before GC invocations=45 (full 0):
 garbage-first heap   total 152576K, used 118554K [0x0000000080000000, 0x0000000100000000)
  region size 1024K, 33 young (33792K), 1 survivors (1024K)
 Metaspace       used 76549K, committed 77312K, reserved 557056K
  class space    used 10636K, committed 11008K, reserved 425984K
}
Event: 35.248 GC heap after
{Heap after GC invocations=46 (full 0):
 garbage-first heap   total 267264K, used 87055K [0x0000000080000000, 0x0000000100000000)
  region size 1024K, 2 young (2048K), 2 survivors (2048K)
 Metaspace       used 76549K, committed 77312K, reserved 557056K
  class space    used 10636K, committed 11008K, reserved 425984K
}
Event: 43.625 GC heap before
{Heap before GC invocations=46 (full 0):
 garbage-first heap   total 267264K, used 191503K [0x0000000080000000, 0x0000000100000000)
  region size 1024K, 103 young (105472K), 2 survivors (2048K)
 Metaspace       used 80596K, committed 81344K, reserved 557056K
  class space    used 11228K, committed 11584K, reserved 425984K
}
Event: 43.640 GC heap after
{Heap after GC invocations=47 (full 0):
 garbage-first heap   total 267264K, used 93160K [0x0000000080000000, 0x0000000100000000)
  region size 1024K, 8 young (8192K), 8 survivors (8192K)
 Metaspace       used 80596K, committed 81344K, reserved 557056K
  class space    used 11228K, committed 11584K, reserved 425984K
}
Event: 45.863 GC heap before
{Heap before GC invocations=47 (full 0):
 garbage-first heap   total 267264K, used 198632K [0x0000000080000000, 0x0000000100000000)
  region size 1024K, 111 young (113664K), 8 survivors (8192K)
 Metaspace       used 86345K, committed 87168K, reserved 557056K
  class space    used 12166K, committed 12544K, reserved 425984K
}
Event: 45.894 GC heap after
{Heap after GC invocations=48 (full 0):
 garbage-first heap   total 267264K, used 100601K [0x0000000080000000, 0x0000000100000000)
  region size 1024K, 14 young (14336K), 14 survivors (14336K)
 Metaspace       used 86345K, committed 87168K, reserved 557056K
  class space    used 12166K, committed 12544K, reserved 425984K
}
Event: 49.748 GC heap before
{Heap before GC invocations=48 (full 0):
 garbage-first heap   total 267264K, used 212217K [0x0000000080000000, 0x0000000100000000)
  region size 1024K, 117 young (119808K), 14 survivors (14336K)
 Metaspace       used 88889K, committed 89728K, reserved 557056K
  class space    used 12530K, committed 12928K, reserved 425984K
}
Event: 49.807 GC heap after
{Heap after GC invocations=49 (full 0):
 garbage-first heap   total 267264K, used 127755K [0x0000000080000000, 0x0000000100000000)
  region size 1024K, 15 young (15360K), 15 survivors (15360K)
 Metaspace       used 88889K, committed 89728K, reserved 557056K
  class space    used 12530K, committed 12928K, reserved 425984K
}
Event: 52.103 GC heap before
{Heap before GC invocations=49 (full 0):
 garbage-first heap   total 267264K, used 207627K [0x0000000080000000, 0x0000000100000000)
  region size 1024K, 91 young (93184K), 15 survivors (15360K)
 Metaspace       used 90300K, committed 91264K, reserved 557056K
  class space    used 12694K, committed 13120K, reserved 425984K
}
Event: 52.144 GC heap after
{Heap after GC invocations=50 (full 0):
 garbage-first heap   total 267264K, used 146944K [0x0000000080000000, 0x0000000100000000)
  region size 1024K, 12 young (12288K), 12 survivors (12288K)
 Metaspace       used 90300K, committed 91264K, reserved 557056K
  class space    used 12694K, committed 13120K, reserved 425984K
}
Event: 53.790 GC heap before
{Heap before GC invocations=50 (full 0):
 garbage-first heap   total 267264K, used 209408K [0x0000000080000000, 0x0000000100000000)
  region size 1024K, 73 young (74752K), 12 survivors (12288K)
 Metaspace       used 95476K, committed 96448K, reserved 557056K
  class space    used 13415K, committed 13888K, reserved 425984K
}
Event: 53.818 GC heap after
{Heap after GC invocations=51 (full 0):
 garbage-first heap   total 267264K, used 152575K [0x0000000080000000, 0x0000000100000000)
  region size 1024K, 5 young (5120K), 5 survivors (5120K)
 Metaspace       used 95476K, committed 96448K, reserved 557056K
  class space    used 13415K, committed 13888K, reserved 425984K
}
Event: 55.411 GC heap before
{Heap before GC invocations=51 (full 0):
 garbage-first heap   total 267264K, used 212991K [0x0000000080000000, 0x0000000100000000)
  region size 1024K, 64 young (65536K), 5 survivors (5120K)
 Metaspace       used 97120K, committed 98112K, reserved 557056K
  class space    used 13619K, committed 14080K, reserved 425984K
}
Event: 55.441 GC heap after
{Heap after GC invocations=52 (full 0):
 garbage-first heap   total 267264K, used 159232K [0x0000000080000000, 0x0000000100000000)
  region size 1024K, 8 young (8192K), 8 survivors (8192K)
 Metaspace       used 97120K, committed 98112K, reserved 557056K
  class space    used 13619K, committed 14080K, reserved 425984K
}
Event: 56.982 GC heap before
{Heap before GC invocations=52 (full 0):
 garbage-first heap   total 267264K, used 215552K [0x0000000080000000, 0x0000000100000000)
  region size 1024K, 64 young (65536K), 8 survivors (8192K)
 Metaspace       used 98162K, committed 99200K, reserved 557056K
  class space    used 13756K, committed 14272K, reserved 425984K
}
Event: 57.031 GC heap after
{Heap after GC invocations=53 (full 0):
 garbage-first heap   total 267264K, used 166743K [0x0000000080000000, 0x0000000100000000)
  region size 1024K, 7 young (7168K), 7 survivors (7168K)
 Metaspace       used 98162K, committed 99200K, reserved 557056K
  class space    used 13756K, committed 14272K, reserved 425984K
}
Event: 58.713 GC heap before
{Heap before GC invocations=53 (full 0):
 garbage-first heap   total 267264K, used 217943K [0x0000000080000000, 0x0000000100000000)
  region size 1024K, 58 young (59392K), 7 survivors (7168K)
 Metaspace       used 98773K, committed 99840K, reserved 557056K
  class space    used 13815K, committed 14336K, reserved 425984K
}
Event: 58.745 GC heap after
{Heap after GC invocations=54 (full 0):
 garbage-first heap   total 267264K, used 170656K [0x0000000080000000, 0x0000000100000000)
  region size 1024K, 5 young (5120K), 5 survivors (5120K)
 Metaspace       used 98773K, committed 99840K, reserved 557056K
  class space    used 13815K, committed 14336K, reserved 425984K
}
Event: 60.567 GC heap before
{Heap before GC invocations=54 (full 0):
 garbage-first heap   total 267264K, used 219808K [0x0000000080000000, 0x0000000100000000)
  region size 1024K, 54 young (55296K), 5 survivors (5120K)
 Metaspace       used 98864K, committed 99904K, reserved 557056K
  class space    used 13816K, committed 14336K, reserved 425984K
}
Event: 60.583 GC heap after
{Heap after GC invocations=55 (full 0):
 garbage-first heap   total 267264K, used 174119K [0x0000000080000000, 0x0000000100000000)
  region size 1024K, 4 young (4096K), 4 survivors (4096K)
 Metaspace       used 98864K, committed 99904K, reserved 557056K
  class space    used 13816K, committed 14336K, reserved 425984K
}

Dll operation events (14 events):
Event: 0.014 Loaded shared library C:\Program Files\Microsoft\jdk-17.0.8.7-hotspot\bin\java.dll
Event: 0.041 Loaded shared library C:\Program Files\Microsoft\jdk-17.0.8.7-hotspot\bin\jsvml.dll
Event: 0.122 Loaded shared library C:\Program Files\Microsoft\jdk-17.0.8.7-hotspot\bin\zip.dll
Event: 0.126 Loaded shared library C:\Program Files\Microsoft\jdk-17.0.8.7-hotspot\bin\instrument.dll
Event: 0.135 Loaded shared library C:\Program Files\Microsoft\jdk-17.0.8.7-hotspot\bin\net.dll
Event: 0.137 Loaded shared library C:\Program Files\Microsoft\jdk-17.0.8.7-hotspot\bin\nio.dll
Event: 0.147 Loaded shared library C:\Program Files\Microsoft\jdk-17.0.8.7-hotspot\bin\zip.dll
Event: 0.528 Loaded shared library C:\Program Files\Microsoft\jdk-17.0.8.7-hotspot\bin\jimage.dll
Event: 0.808 Loaded shared library C:\Program Files\Microsoft\jdk-17.0.8.7-hotspot\bin\verify.dll
Event: 1.200 Loaded shared library C:\Users\Lenovo\.gradle\native\68d5fa5c4cc2d200863cafc0d521ce42e7d3e7ee720ec0a83991735586a16f82\windows-amd64\native-platform.dll
Event: 1.292 Loaded shared library C:\Users\Lenovo\.gradle\native\e376f236ea51e6404a007f0833ffe2c6e607c4080706a723a18a27aeea778392\windows-amd64\native-platform-file-events.dll
Event: 2.985 Loaded shared library C:\Program Files\Microsoft\jdk-17.0.8.7-hotspot\bin\management.dll
Event: 2.990 Loaded shared library C:\Program Files\Microsoft\jdk-17.0.8.7-hotspot\bin\management_ext.dll
Event: 3.679 Loaded shared library C:\Program Files\Microsoft\jdk-17.0.8.7-hotspot\bin\sunmscapi.dll

Deoptimization events (20 events):
Event: 58.579 Thread 0x00000292ded1d120 Uncommon trap: trap_request=0xffffffc6 fr.pc=0x00000292adc14540 relative=0x00000000000000a0
Event: 58.579 Thread 0x00000292ded1d120 Uncommon trap: reason=bimorphic_or_optimized_type_check action=maybe_recompile pc=0x00000292adc14540 method=org.gradle.execution.plan.ActionNode.hasPendingPreExecutionNodes()Z @ 11 c2
Event: 58.579 Thread 0x00000292ded1d120 DEOPT PACKING pc=0x00000292adc14540 sp=0x000000ce669fe660
Event: 58.579 Thread 0x00000292ded1d120 DEOPT UNPACKING pc=0x00000292ad6769a3 sp=0x000000ce669fe5e8 mode 2
Event: 58.588 Thread 0x00000292ded1d120 Uncommon trap: trap_request=0xffffffc6 fr.pc=0x00000292adc14540 relative=0x00000000000000a0
Event: 58.588 Thread 0x00000292ded1d120 Uncommon trap: reason=bimorphic_or_optimized_type_check action=maybe_recompile pc=0x00000292adc14540 method=org.gradle.execution.plan.ActionNode.hasPendingPreExecutionNodes()Z @ 11 c2
Event: 58.588 Thread 0x00000292ded1d120 DEOPT PACKING pc=0x00000292adc14540 sp=0x000000ce669fe660
Event: 58.588 Thread 0x00000292ded1d120 DEOPT UNPACKING pc=0x00000292ad6769a3 sp=0x000000ce669fe5e8 mode 2
Event: 59.580 Thread 0x00000292ded1b2c0 Uncommon trap: trap_request=0xffffff45 fr.pc=0x00000292ae2c2480 relative=0x0000000000000120
Event: 59.580 Thread 0x00000292ded1b2c0 Uncommon trap: reason=unstable_if action=reinterpret pc=0x00000292ae2c2480 method=java.util.concurrent.locks.AbstractQueuedSynchronizer.acquire(Ljava/util/concurrent/locks/AbstractQueuedSynchronizer$Node;IZZZJ)I @ 83 c2
Event: 59.580 Thread 0x00000292ded1b2c0 DEOPT PACKING pc=0x00000292ae2c2480 sp=0x000000ce66ffb2b0
Event: 59.580 Thread 0x00000292ded1b2c0 DEOPT UNPACKING pc=0x00000292ad6769a3 sp=0x000000ce66ffb270 mode 2
Event: 59.704 Thread 0x00000292dcc85190 Uncommon trap: trap_request=0xffffff45 fr.pc=0x00000292ae3db96c relative=0x00000000000019ac
Event: 59.705 Thread 0x00000292dcc85190 Uncommon trap: reason=unstable_if action=reinterpret pc=0x00000292ae3db96c method=java.util.concurrent.ArrayBlockingQueue.dequeue()Ljava/lang/Object; @ 32 c2
Event: 59.705 Thread 0x00000292dcc85190 DEOPT PACKING pc=0x00000292ae3db96c sp=0x000000ce649ff1a0
Event: 59.705 Thread 0x00000292dcc85190 DEOPT UNPACKING pc=0x00000292ad6769a3 sp=0x000000ce649ff110 mode 2
Event: 59.825 Thread 0x00000292ded1b2c0 Uncommon trap: trap_request=0xffffff45 fr.pc=0x00000292ae18bb14 relative=0x0000000000000094
Event: 59.825 Thread 0x00000292ded1b2c0 Uncommon trap: reason=unstable_if action=reinterpret pc=0x00000292ae18bb14 method=com.google.common.cache.LongAdder.add(J)V @ 24 c2
Event: 59.825 Thread 0x00000292ded1b2c0 DEOPT PACKING pc=0x00000292ae18bb14 sp=0x000000ce66ffb880
Event: 59.825 Thread 0x00000292ded1b2c0 DEOPT UNPACKING pc=0x00000292ad6769a3 sp=0x000000ce66ffb7c0 mode 2

Classes unloaded (0 events):
No events

Classes redefined (0 events):
No events

Internal exceptions (20 events):
Event: 53.820 Thread 0x00000292bc17eb60 Implicit null exception at 0x00000292adfeb9fd to 0x00000292adfec010
Event: 54.520 Thread 0x00000292bc3add70 Implicit null exception at 0x00000292ae2e57ce to 0x00000292ae2e6160
Event: 54.768 Thread 0x00000292bc3add70 Implicit null exception at 0x00000292ae30a88a to 0x00000292ae30a96a
Event: 54.817 Thread 0x00000292bc3add70 Implicit null exception at 0x00000292ae30cb9d to 0x00000292ae30da40
Event: 54.860 Thread 0x00000292bc3add70 Exception <a 'java/lang/IncompatibleClassChangeError'{0x000000008deac220}: Found class java.lang.Object, but interface was expected> (0x000000008deac220) 
thrown [s\src\hotspot\share\interpreter\linkResolver.cpp, line 826]
Event: 55.052 Thread 0x00000292bc3add70 Exception <a 'sun/nio/fs/WindowsException'{0x000000008d5229c8}> (0x000000008d5229c8) 
thrown [s\src\hotspot\share\prims\jni.cpp, line 516]
Event: 55.053 Thread 0x00000292bc3add70 Exception <a 'sun/nio/fs/WindowsException'{0x000000008d524018}> (0x000000008d524018) 
thrown [s\src\hotspot\share\prims\jni.cpp, line 516]
Event: 55.053 Thread 0x00000292bc3add70 Exception <a 'sun/nio/fs/WindowsException'{0x000000008d5256b8}> (0x000000008d5256b8) 
thrown [s\src\hotspot\share\prims\jni.cpp, line 516]
Event: 55.053 Thread 0x00000292bc3add70 Exception <a 'sun/nio/fs/WindowsException'{0x000000008d526d58}> (0x000000008d526d58) 
thrown [s\src\hotspot\share\prims\jni.cpp, line 516]
Event: 56.757 Thread 0x00000292ded1b7d0 Exception <a 'java/lang/NoSuchMethodError'{0x000000008d108e88}: 'void java.lang.invoke.DirectMethodHandle$Holder.invokeStatic(java.lang.Object, java.lang.Object, java.lang.Object, java.lang.Object, int, java.lang.Object, java.lang.Object)'> (0x000000008d108e88) 
thrown [s\src\hotspot\share\interpreter\linkResolver.cpp, line 759]
Event: 56.815 Thread 0x00000292e38289c0 Exception <a 'java/lang/NoSuchMethodError'{0x000000008d09ef70}: 'java.lang.Object java.lang.invoke.DirectMethodHandle$Holder.invokeSpecialIFC(java.lang.Object, java.lang.Object, java.lang.Object)'> (0x000000008d09ef70) 
thrown [s\src\hotspot\share\interpreter\linkResolver.cpp, line 759]
Event: 57.336 Thread 0x00000292e38238c0 Exception <a 'java/lang/NoSuchMethodError'{0x000000008fcd3e68}: 'void java.lang.invoke.DirectMethodHandle$Holder.invokeVirtual(java.lang.Object, java.lang.Object)'> (0x000000008fcd3e68) 
thrown [s\src\hotspot\share\interpreter\linkResolver.cpp, line 759]
Event: 57.336 Thread 0x00000292e3828ed0 Exception <a 'java/lang/NoSuchMethodError'{0x000000008fce5e18}: 'void java.lang.invoke.DirectMethodHandle$Holder.invokeVirtual(java.lang.Object, java.lang.Object)'> (0x000000008fce5e18) 
thrown [s\src\hotspot\share\interpreter\linkResolver.cpp, line 759]
Event: 58.366 Thread 0x00000292ded1ef80 Exception <a 'java/lang/ClassNotFoundException'{0x000000008d93ee30}: groovy/util/FileTreeBuilderBeanInfo> (0x000000008d93ee30) 
thrown [s\src\hotspot\share\classfile\systemDictionary.cpp, line 256]
Event: 58.368 Thread 0x00000292ded1ef80 Exception <a 'java/lang/ClassNotFoundException'{0x000000008d9a3538}: groovy/util/FileTreeBuilderCustomizer> (0x000000008d9a3538) 
thrown [s\src\hotspot\share\classfile\systemDictionary.cpp, line 256]
Event: 58.380 Thread 0x00000292ded1ef80 Exception <a 'java/lang/ClassNotFoundException'{0x000000008d9dbb30}: java/io/BufferedWriterBeanInfo> (0x000000008d9dbb30) 
thrown [s\src\hotspot\share\classfile\systemDictionary.cpp, line 256]
Event: 58.380 Thread 0x00000292ded1ef80 Exception <a 'java/lang/ClassNotFoundException'{0x000000008d9e1448}: java/io/WriterBeanInfo> (0x000000008d9e1448) 
thrown [s\src\hotspot\share\classfile\systemDictionary.cpp, line 256]
Event: 58.380 Thread 0x00000292ded1ef80 Exception <a 'java/lang/ClassNotFoundException'{0x000000008d9e6988}: java/io/WriterCustomizer> (0x000000008d9e6988) 
thrown [s\src\hotspot\share\classfile\systemDictionary.cpp, line 256]
Event: 58.381 Thread 0x00000292ded1ef80 Exception <a 'java/lang/ClassNotFoundException'{0x000000008d9f56e8}: java/io/BufferedWriterCustomizer> (0x000000008d9f56e8) 
thrown [s\src\hotspot\share\classfile\systemDictionary.cpp, line 256]
Event: 58.489 Thread 0x00000292ded1ef80 Exception <a 'java/lang/NoSuchMethodError'{0x000000008d87f290}: static Lcom/android/build/api/variant/BuildConfigField;.<clinit>()V> (0x000000008d87f290) 
thrown [s\src\hotspot\share\prims\jni.cpp, line 1107]

VM Operations (20 events):
Event: 56.769 Executing VM operation: HandshakeAllThreads
Event: 56.769 Executing VM operation: HandshakeAllThreads done
Event: 56.836 Executing VM operation: HandshakeAllThreads
Event: 56.837 Executing VM operation: HandshakeAllThreads done
Event: 56.969 Executing VM operation: ICBufferFull
Event: 56.969 Executing VM operation: ICBufferFull done
Event: 56.982 Executing VM operation: G1CollectForAllocation
Event: 57.033 Executing VM operation: G1CollectForAllocation done
Event: 57.729 Executing VM operation: ICBufferFull
Event: 57.729 Executing VM operation: ICBufferFull done
Event: 58.321 Executing VM operation: ICBufferFull
Event: 58.351 Executing VM operation: ICBufferFull done
Event: 58.713 Executing VM operation: G1CollectForAllocation
Event: 58.745 Executing VM operation: G1CollectForAllocation done
Event: 59.759 Executing VM operation: Cleanup
Event: 59.761 Executing VM operation: Cleanup done
Event: 60.132 Executing VM operation: HandshakeAllThreads
Event: 60.132 Executing VM operation: HandshakeAllThreads done
Event: 60.567 Executing VM operation: G1CollectForAllocation
Event: 60.584 Executing VM operation: G1CollectForAllocation done

Events (20 events):
Event: 57.973 Thread 0x00000292e3821f70 Thread added: 0x00000292e3821f70
Event: 58.003 Thread 0x00000292e3825c30 Thread added: 0x00000292e3825c30
Event: 58.004 Thread 0x00000292e38284b0 Thread added: 0x00000292e38284b0
Event: 58.277 Thread 0x00000292e3827070 Thread added: 0x00000292e3827070
Event: 58.379 loading class java/io/BufferedWriterBeanInfo
Event: 58.379 loading class java/io/BufferedWriterBeanInfo done
Event: 58.379 loading class java/io/BufferedWriterBeanInfo
Event: 58.379 loading class java/io/BufferedWriterBeanInfo done
Event: 58.380 loading class java/io/WriterBeanInfo
Event: 58.380 loading class java/io/WriterBeanInfo done
Event: 58.380 loading class java/io/WriterBeanInfo
Event: 58.380 loading class java/io/WriterBeanInfo done
Event: 58.380 loading class java/io/WriterCustomizer
Event: 58.380 loading class java/io/WriterCustomizer done
Event: 58.380 loading class java/io/WriterCustomizer
Event: 58.380 loading class java/io/WriterCustomizer done
Event: 58.381 loading class java/io/BufferedWriterCustomizer
Event: 58.381 loading class java/io/BufferedWriterCustomizer done
Event: 58.381 loading class java/io/BufferedWriterCustomizer
Event: 58.381 loading class java/io/BufferedWriterCustomizer done


Dynamic libraries:
0x00007ff72e9c0000 - 0x00007ff72e9ce000 	C:\Program Files\Microsoft\jdk-17.0.8.7-hotspot\bin\java.exe
0x00007ffb11d30000 - 0x00007ffb11f28000 	C:\Windows\SYSTEM32\ntdll.dll
0x00007ffb104a0000 - 0x00007ffb1055d000 	C:\Windows\System32\KERNEL32.DLL
0x00007ffb0f570000 - 0x00007ffb0f866000 	C:\Windows\System32\KERNELBASE.dll
0x00007ffb0fae0000 - 0x00007ffb0fbe0000 	C:\Windows\System32\ucrtbase.dll
0x00007ffaed150000 - 0x00007ffaed16b000 	C:\Program Files\Microsoft\jdk-17.0.8.7-hotspot\bin\VCRUNTIME140.dll
0x00007ffaeb840000 - 0x00007ffaeb857000 	C:\Program Files\Microsoft\jdk-17.0.8.7-hotspot\bin\jli.dll
0x00007ffb10a70000 - 0x00007ffb10c0e000 	C:\Windows\System32\USER32.dll
0x00007ffaff8b0000 - 0x00007ffaffb4a000 	C:\Windows\WinSxS\amd64_microsoft.windows.common-controls_6595b64144ccf1df_6.0.19041.3636_none_60b6a03d71f818d5\COMCTL32.dll
0x00007ffb0f870000 - 0x00007ffb0f892000 	C:\Windows\System32\win32u.dll
0x00007ffb105c0000 - 0x00007ffb1065e000 	C:\Windows\System32\msvcrt.dll
0x00007ffb0fdc0000 - 0x00007ffb0fdec000 	C:\Windows\System32\GDI32.dll
0x00007ffb0f950000 - 0x00007ffb0fa6a000 	C:\Windows\System32\gdi32full.dll
0x00007ffb0fca0000 - 0x00007ffb0fd3d000 	C:\Windows\System32\msvcp_win.dll
0x00007ffb0fd90000 - 0x00007ffb0fdc0000 	C:\Windows\System32\IMM32.DLL
0x00007ffb032c0000 - 0x00007ffb032cc000 	C:\Program Files\Microsoft\jdk-17.0.8.7-hotspot\bin\vcruntime140_1.dll
0x00007ffacb9b0000 - 0x00007ffacba3d000 	C:\Program Files\Microsoft\jdk-17.0.8.7-hotspot\bin\msvcp140.dll
0x00007ffaa0f80000 - 0x00007ffaa1be5000 	C:\Program Files\Microsoft\jdk-17.0.8.7-hotspot\bin\server\jvm.dll
0x00007ffb0ffa0000 - 0x00007ffb1004f000 	C:\Windows\System32\ADVAPI32.dll
0x00007ffb10050000 - 0x00007ffb100ec000 	C:\Windows\System32\sechost.dll
0x00007ffb10860000 - 0x00007ffb10986000 	C:\Windows\System32\RPCRT4.dll
0x00007ffb0e930000 - 0x00007ffb0e97b000 	C:\Windows\SYSTEM32\POWRPROF.dll
0x00007ffafc330000 - 0x00007ffafc339000 	C:\Windows\SYSTEM32\WSOCK32.dll
0x00007ffb10100000 - 0x00007ffb1016b000 	C:\Windows\System32\WS2_32.dll
0x00007ffafbe20000 - 0x00007ffafbe47000 	C:\Windows\SYSTEM32\WINMM.dll
0x00007ffb05d10000 - 0x00007ffb05d1a000 	C:\Windows\SYSTEM32\VERSION.dll
0x00007ffb0e7f0000 - 0x00007ffb0e802000 	C:\Windows\SYSTEM32\UMPDC.dll
0x00007ffb0d290000 - 0x00007ffb0d2a2000 	C:\Windows\SYSTEM32\kernel.appcore.dll
0x00007ffafbdc0000 - 0x00007ffafbdca000 	C:\Program Files\Microsoft\jdk-17.0.8.7-hotspot\bin\jimage.dll
0x00007ffafaaa0000 - 0x00007ffafac84000 	C:\Windows\SYSTEM32\DBGHELP.DLL
0x00007ffafaa60000 - 0x00007ffafaa94000 	C:\Windows\SYSTEM32\dbgcore.DLL
0x00007ffb0fbe0000 - 0x00007ffb0fc62000 	C:\Windows\System32\bcryptPrimitives.dll
0x00007ffaefc10000 - 0x00007ffaefc1e000 	C:\Program Files\Microsoft\jdk-17.0.8.7-hotspot\bin\instrument.dll
0x00007ffae99a0000 - 0x00007ffae99c5000 	C:\Program Files\Microsoft\jdk-17.0.8.7-hotspot\bin\java.dll
0x00007ffacb5d0000 - 0x00007ffacb6a7000 	C:\Program Files\Microsoft\jdk-17.0.8.7-hotspot\bin\jsvml.dll
0x00007ffb11110000 - 0x00007ffb11855000 	C:\Windows\System32\SHELL32.dll
0x00007ffb0d490000 - 0x00007ffb0dc2b000 	C:\Windows\SYSTEM32\windows.storage.dll
0x00007ffb10c90000 - 0x00007ffb10fe4000 	C:\Windows\System32\combase.dll
0x00007ffb0ed70000 - 0x00007ffb0ed9d000 	C:\Windows\SYSTEM32\Wldp.dll
0x00007ffb107a0000 - 0x00007ffb1084d000 	C:\Windows\System32\SHCORE.dll
0x00007ffb10440000 - 0x00007ffb10495000 	C:\Windows\System32\shlwapi.dll
0x00007ffb0f340000 - 0x00007ffb0f365000 	C:\Windows\SYSTEM32\profapi.dll
0x00007ffae90f0000 - 0x00007ffae9108000 	C:\Program Files\Microsoft\jdk-17.0.8.7-hotspot\bin\zip.dll
0x00007ffaea740000 - 0x00007ffaea759000 	C:\Program Files\Microsoft\jdk-17.0.8.7-hotspot\bin\net.dll
0x00007ffb05d80000 - 0x00007ffb05e8a000 	C:\Windows\SYSTEM32\WINHTTP.dll
0x00007ffb0eb50000 - 0x00007ffb0ebba000 	C:\Windows\system32\mswsock.dll
0x00007ffae9110000 - 0x00007ffae9126000 	C:\Program Files\Microsoft\jdk-17.0.8.7-hotspot\bin\nio.dll
0x00007ffaf18b0000 - 0x00007ffaf18c0000 	C:\Program Files\Microsoft\jdk-17.0.8.7-hotspot\bin\verify.dll
0x00007ffae7f50000 - 0x00007ffae7f77000 	C:\Users\Lenovo\.gradle\native\68d5fa5c4cc2d200863cafc0d521ce42e7d3e7ee720ec0a83991735586a16f82\windows-amd64\native-platform.dll
0x00007ffac9d00000 - 0x00007ffac9e44000 	C:\Users\Lenovo\.gradle\native\e376f236ea51e6404a007f0833ffe2c6e607c4080706a723a18a27aeea778392\windows-amd64\native-platform-file-events.dll
0x00007ffaf08f0000 - 0x00007ffaf08f9000 	C:\Program Files\Microsoft\jdk-17.0.8.7-hotspot\bin\management.dll
0x00007ffaefc70000 - 0x00007ffaefc7b000 	C:\Program Files\Microsoft\jdk-17.0.8.7-hotspot\bin\management_ext.dll
0x00007ffb10790000 - 0x00007ffb10798000 	C:\Windows\System32\PSAPI.DLL
0x00007ffb0f0b0000 - 0x00007ffb0f0c8000 	C:\Windows\SYSTEM32\CRYPTSP.dll
0x00007ffb0e430000 - 0x00007ffb0e464000 	C:\Windows\system32\rsaenh.dll
0x00007ffb0fc70000 - 0x00007ffb0fc97000 	C:\Windows\System32\bcrypt.dll
0x00007ffb0f300000 - 0x00007ffb0f32e000 	C:\Windows\SYSTEM32\USERENV.dll
0x00007ffb0ece0000 - 0x00007ffb0ecec000 	C:\Windows\SYSTEM32\CRYPTBASE.dll
0x00007ffb0e810000 - 0x00007ffb0e84b000 	C:\Windows\SYSTEM32\IPHLPAPI.DLL
0x00007ffb100f0000 - 0x00007ffb100f8000 	C:\Windows\System32\NSI.dll
0x00007ffb08050000 - 0x00007ffb08067000 	C:\Windows\SYSTEM32\dhcpcsvc6.DLL
0x00007ffb07480000 - 0x00007ffb0749d000 	C:\Windows\SYSTEM32\dhcpcsvc.DLL
0x00007ffb0e860000 - 0x00007ffb0e92a000 	C:\Windows\SYSTEM32\DNSAPI.dll
0x00007ffaee7f0000 - 0x00007ffaee7fe000 	C:\Program Files\Microsoft\jdk-17.0.8.7-hotspot\bin\sunmscapi.dll
0x00007ffb0f410000 - 0x00007ffb0f56d000 	C:\Windows\System32\CRYPT32.dll
0x00007ffb0ede0000 - 0x00007ffb0ee07000 	C:\Windows\SYSTEM32\ncrypt.dll
0x00007ffb0eda0000 - 0x00007ffb0eddb000 	C:\Windows\SYSTEM32\NTASN1.dll
0x00007ffaedd70000 - 0x00007ffaedd77000 	C:\Windows\system32\wshunix.dll
0x00007ffad1850000 - 0x00007ffad1867000 	C:\Windows\system32\napinsp.dll
0x00007ffacdc90000 - 0x00007ffacdcab000 	C:\Windows\system32\pnrpnsp.dll
0x00007ffaf2390000 - 0x00007ffaf23a5000 	C:\Windows\system32\wshbth.dll
0x00007ffb0ad10000 - 0x00007ffb0ad2d000 	C:\Windows\system32\NLAapi.dll
0x00007ffacdc70000 - 0x00007ffacdc82000 	C:\Windows\System32\winrnr.dll
0x00007ffb00c00000 - 0x00007ffb00c0a000 	C:\Windows\System32\rasadhlp.dll
0x00007ffb05ac0000 - 0x00007ffb05b40000 	C:\Windows\System32\fwpuclnt.dll

dbghelp: loaded successfully - version: 4.0.5 - missing functions: none
symbol engine: initialized successfully - sym options: 0x614 - pdb path: .;C:\Program Files\Microsoft\jdk-17.0.8.7-hotspot\bin;C:\Windows\SYSTEM32;C:\Windows\WinSxS\amd64_microsoft.windows.common-controls_6595b64144ccf1df_6.0.19041.3636_none_60b6a03d71f818d5;C:\Program Files\Microsoft\jdk-17.0.8.7-hotspot\bin\server;C:\Users\Lenovo\.gradle\native\68d5fa5c4cc2d200863cafc0d521ce42e7d3e7ee720ec0a83991735586a16f82\windows-amd64;C:\Users\Lenovo\.gradle\native\e376f236ea51e6404a007f0833ffe2c6e607c4080706a723a18a27aeea778392\windows-amd64

VM Arguments:
jvm_args: -XX:MaxMetaspaceSize=512m --add-opens=java.base/java.util=ALL-UNNAMED --add-opens=java.base/java.lang=ALL-UNNAMED --add-opens=java.base/java.lang.invoke=ALL-UNNAMED --add-opens=java.prefs/java.util.prefs=ALL-UNNAMED --add-opens=java.base/java.nio.charset=ALL-UNNAMED --add-opens=java.base/java.net=ALL-UNNAMED --add-opens=java.base/java.util.concurrent.atomic=ALL-UNNAMED -Xmx2048m -Dfile.encoding=windows-1252 -Duser.country=US -Duser.language=en -Duser.variant -javaagent:C:\Users\Lenovo\.gradle\wrapper\dists\gradle-8.3-all\6en3ugtfdg5xnpx44z4qbwgas\gradle-8.3\lib\agents\gradle-instrumentation-agent-8.3.jar 
java_command: org.gradle.launcher.daemon.bootstrap.GradleDaemon 8.3
java_class_path (initial): C:\Users\Lenovo\.gradle\wrapper\dists\gradle-8.3-all\6en3ugtfdg5xnpx44z4qbwgas\gradle-8.3\lib\gradle-launcher-8.3.jar
Launcher Type: SUN_STANDARD

[Global flags]
     intx CICompilerCount                          = 3                                         {product} {ergonomic}
   size_t CompressedClassSpaceSize                 = 436207616                                 {product} {ergonomic}
     uint ConcGCThreads                            = 1                                         {product} {ergonomic}
     uint G1ConcRefinementThreads                  = 4                                         {product} {ergonomic}
   size_t G1HeapRegionSize                         = 1048576                                   {product} {ergonomic}
    uintx GCDrainStackTargetSize                   = 64                                        {product} {ergonomic}
   size_t InitialHeapSize                          = 121634816                                 {product} {ergonomic}
   size_t MarkStackSize                            = 4194304                                   {product} {ergonomic}
   size_t MaxHeapSize                              = 2147483648                                {product} {command line}
   size_t MaxMetaspaceSize                         = 536870912                                 {product} {command line}
   size_t MaxNewSize                               = 1287651328                                {product} {ergonomic}
   size_t MinHeapDeltaBytes                        = 1048576                                   {product} {ergonomic}
   size_t MinHeapSize                              = 8388608                                   {product} {ergonomic}
    uintx NonNMethodCodeHeapSize                   = 5832780                                {pd product} {ergonomic}
    uintx NonProfiledCodeHeapSize                  = 122912730                              {pd product} {ergonomic}
    uintx ProfiledCodeHeapSize                     = 122912730                              {pd product} {ergonomic}
    uintx ReservedCodeCacheSize                    = 251658240                              {pd product} {ergonomic}
     bool SegmentedCodeCache                       = true                                      {product} {ergonomic}
   size_t SoftMaxHeapSize                          = 2147483648                             {manageable} {ergonomic}
     bool UseCompressedClassPointers               = true                           {product lp64_product} {ergonomic}
     bool UseCompressedOops                        = true                           {product lp64_product} {ergonomic}
     bool UseG1GC                                  = true                                      {product} {ergonomic}
     bool UseLargePagesIndividualAllocation        = false                                  {pd product} {ergonomic}

Logging:
Log output configuration:
 #0: stdout all=warning uptime,level,tags
 #1: stderr all=off uptime,level,tags

Environment Variables:
JAVA_HOME=C:\Program Files\Microsoft\jdk-17.0.8.7-hotspot\
CLASSPATH=C:\Users\Lenovo\RN\App\android\\gradle\wrapper\gradle-wrapper.jar
PATH=C:\Users\Lenovo\RN\App\node_modules\.bin;C:\Users\Lenovo\RN\App\node_modules\.bin;C:\Users\Lenovo\RN\node_modules\.bin;C:\Users\Lenovo\node_modules\.bin;C:\Users\node_modules\.bin;C:\node_modules\.bin;C:\Users\Lenovo\AppData\Roaming\npm\node_modules\npm\node_modules\@npmcli\run-script\lib\node-gyp-bin;C:\Users\Lenovo\RN\App\node_modules\.bin;C:\Users\Lenovo\RN\App\node_modules\.bin;C:\Users\Lenovo\RN\node_modules\.bin;C:\Users\Lenovo\node_modules\.bin;C:\Users\node_modules\.bin;C:\node_modules\.bin;C:\Users\Lenovo\AppData\Roaming\npm\node_modules\npm\node_modules\@npmcli\run-script\lib\node-gyp-bin;C:\Program Files\Microsoft\jdk-17.0.8.7-hotspot\bin;C:\Program Files\Microsoft\jdk-11.0.20.8-hotspot\bin;C:\Windows\system32;C:\Windows;C:\Windows\System32\Wbem;C:\Windows\System32\WindowsPowerShell\v1.0\;C:\Windows\System32\OpenSSH\;C:\ProgramData\chocolatey\bin;C:\Program Files\nodejs\;%LOCALAPPDATA%\Android\Sdk\platform-tools;C:\Program Files\Git\cmd;C:\Users\Lenovo\AppData\Local\Microsoft\WindowsApps;C:\Users\Lenovo\AppData\Roaming\npm;C:\Users\Lenovo\AppData\Local\Programs\Microsoft VS Code\bin
USERNAME=Lenovo
LANG=en_US.UTF-8
OS=Windows_NT
PROCESSOR_IDENTIFIER=Intel64 Family 6 Model 69 Stepping 1, GenuineIntel
TMP=C:\Users\Lenovo\AppData\Local\Temp
TEMP=C:\Users\Lenovo\AppData\Local\Temp



---------------  S Y S T E M  ---------------

OS:
 Windows 10 , 64 bit Build 19041 (10.0.19041.3636)
OS uptime: 2 days 1:52 hours
Hyper-V role detected

CPU: total 4 (initial active 4) (2 cores per cpu, 2 threads per core) family 6 model 69 stepping 1 microcode 0x25, cx8, cmov, fxsr, ht, mmx, sse, sse2, sse3, ssse3, sse4.1, sse4.2, popcnt, lzcnt, tsc, tscinvbit, avx, avx2, aes, erms, clmul, bmi1, bmi2, fma, vzeroupper, clflush, hv
Processor Information for all 4 processors :
  Max Mhz: 2501, Current Mhz: 1900, Mhz Limit: 1875

Memory: 4k page, system-wide physical 7392M (892M free)
TotalPageFile size 12401M (AvailPageFile size 1582M)
current process WorkingSet (physical memory assigned to process): 548M, peak: 570M
current process commit charge ("private bytes"): 591M, peak: 610M

vm_info: OpenJDK 64-Bit Server VM (17.0.8+7-LTS) for windows-amd64 JRE (17.0.8+7-LTS), built on Jul  7 2023 17:21:55 by "MicrosoftCorporation" with MS VC++ 16.10 / 16.11 (VS2019)

END.
